[2022-04-20 20:17:07,482] {taskinstance.py:1043} INFO - Dependencies all met for <TaskInstance: green_taxi_data_v3.rm_task scheduled__2019-11-02T07:00:00+00:00 [queued]>
[2022-04-20 20:17:07,488] {taskinstance.py:1043} INFO - Dependencies all met for <TaskInstance: green_taxi_data_v3.rm_task scheduled__2019-11-02T07:00:00+00:00 [queued]>
[2022-04-20 20:17:07,488] {taskinstance.py:1249} INFO - 
--------------------------------------------------------------------------------
[2022-04-20 20:17:07,488] {taskinstance.py:1250} INFO - Starting attempt 1 of 2
[2022-04-20 20:17:07,488] {taskinstance.py:1251} INFO - 
--------------------------------------------------------------------------------
[2022-04-20 20:17:07,496] {taskinstance.py:1270} INFO - Executing <Task(BashOperator): rm_task> on 2019-11-02 07:00:00+00:00
[2022-04-20 20:17:07,498] {standard_task_runner.py:52} INFO - Started process 3197 to run task
[2022-04-20 20:17:07,500] {standard_task_runner.py:79} INFO - Running: ['***', 'tasks', 'run', 'green_taxi_data_v3', 'rm_task', 'scheduled__2019-11-02T07:00:00+00:00', '--job-id', '544', '--raw', '--subdir', 'DAGS_FOLDER/data_ingestion_gcs_dag_v02.py', '--cfg-path', '/tmp/tmput4rao4k', '--error-file', '/tmp/tmp7bp75v5l']
[2022-04-20 20:17:07,500] {standard_task_runner.py:80} INFO - Job 544: Subtask rm_task
[2022-04-20 20:17:07,531] {logging_mixin.py:109} INFO - Running <TaskInstance: green_taxi_data_v3.rm_task scheduled__2019-11-02T07:00:00+00:00 [running]> on host 5a0aea9ec23a
[2022-04-20 20:17:07,553] {warnings.py:110} WARNING - /home/***/.local/lib/python3.7/site-packages/***/utils/context.py:156: AirflowContextDeprecationWarning: Accessing 'execution_date' from the template is deprecated and will be removed in a future version. Please use 'data_interval_start' or 'logical_date' instead.
  warnings.warn(_create_deprecation_warning(key, self._deprecation_replacements[key]))

[2022-04-20 20:17:07,563] {taskinstance.py:1448} INFO - Exporting the following env vars:
AIRFLOW_CTX_DAG_OWNER=***
AIRFLOW_CTX_DAG_ID=green_taxi_data_v3
AIRFLOW_CTX_TASK_ID=rm_task
AIRFLOW_CTX_EXECUTION_DATE=2019-11-02T07:00:00+00:00
AIRFLOW_CTX_DAG_RUN_ID=scheduled__2019-11-02T07:00:00+00:00
[2022-04-20 20:17:07,564] {subprocess.py:62} INFO - Tmp dir root location: 
 /tmp
[2022-04-20 20:17:07,564] {subprocess.py:74} INFO - Running command: ['bash', '-c', 'rm /opt/***/green_tripdata_2019-11.csv /opt/***/green_tripdata_2019-11.parquet']
[2022-04-20 20:17:07,569] {subprocess.py:85} INFO - Output:
[2022-04-20 20:17:07,574] {subprocess.py:93} INFO - Command exited with return code 0
[2022-04-20 20:17:07,588] {taskinstance.py:1288} INFO - Marking task as SUCCESS. dag_id=green_taxi_data_v3, task_id=rm_task, execution_date=20191102T070000, start_date=20220420T201707, end_date=20220420T201707
[2022-04-20 20:17:07,631] {local_task_job.py:154} INFO - Task exited with return code 0
[2022-04-20 20:17:07,651] {local_task_job.py:264} INFO - 0 downstream tasks scheduled from follow-on schedule check
