[2022-04-20 19:59:03,504] {taskinstance.py:1043} INFO - Dependencies all met for <TaskInstance: green_taxi_data_v2.rm_task scheduled__2020-05-02T07:00:00+00:00 [queued]>
[2022-04-20 19:59:03,510] {taskinstance.py:1043} INFO - Dependencies all met for <TaskInstance: green_taxi_data_v2.rm_task scheduled__2020-05-02T07:00:00+00:00 [queued]>
[2022-04-20 19:59:03,511] {taskinstance.py:1249} INFO - 
--------------------------------------------------------------------------------
[2022-04-20 19:59:03,511] {taskinstance.py:1250} INFO - Starting attempt 1 of 2
[2022-04-20 19:59:03,511] {taskinstance.py:1251} INFO - 
--------------------------------------------------------------------------------
[2022-04-20 19:59:03,519] {taskinstance.py:1270} INFO - Executing <Task(BashOperator): rm_task> on 2020-05-02 07:00:00+00:00
[2022-04-20 19:59:03,522] {standard_task_runner.py:52} INFO - Started process 1401 to run task
[2022-04-20 19:59:03,523] {standard_task_runner.py:79} INFO - Running: ['***', 'tasks', 'run', 'green_taxi_data_v2', 'rm_task', 'scheduled__2020-05-02T07:00:00+00:00', '--job-id', '416', '--raw', '--subdir', 'DAGS_FOLDER/data_ingestion_gcs_dag_v02.py', '--cfg-path', '/tmp/tmpvuidgrtm', '--error-file', '/tmp/tmp9jeygdgi']
[2022-04-20 19:59:03,524] {standard_task_runner.py:80} INFO - Job 416: Subtask rm_task
[2022-04-20 19:59:03,556] {logging_mixin.py:109} INFO - Running <TaskInstance: green_taxi_data_v2.rm_task scheduled__2020-05-02T07:00:00+00:00 [running]> on host 5a0aea9ec23a
[2022-04-20 19:59:03,580] {warnings.py:110} WARNING - /home/***/.local/lib/python3.7/site-packages/***/utils/context.py:156: AirflowContextDeprecationWarning: Accessing 'execution_date' from the template is deprecated and will be removed in a future version. Please use 'data_interval_start' or 'logical_date' instead.
  warnings.warn(_create_deprecation_warning(key, self._deprecation_replacements[key]))

[2022-04-20 19:59:03,591] {taskinstance.py:1448} INFO - Exporting the following env vars:
AIRFLOW_CTX_DAG_OWNER=***
AIRFLOW_CTX_DAG_ID=green_taxi_data_v2
AIRFLOW_CTX_TASK_ID=rm_task
AIRFLOW_CTX_EXECUTION_DATE=2020-05-02T07:00:00+00:00
AIRFLOW_CTX_DAG_RUN_ID=scheduled__2020-05-02T07:00:00+00:00
[2022-04-20 19:59:03,591] {subprocess.py:62} INFO - Tmp dir root location: 
 /tmp
[2022-04-20 19:59:03,592] {subprocess.py:74} INFO - Running command: ['bash', '-c', 'rm /opt/***/green_tripdata_2020-05.csv /opt/***/green_tripdata_2020-05.parquet']
[2022-04-20 19:59:03,597] {subprocess.py:85} INFO - Output:
[2022-04-20 19:59:03,599] {subprocess.py:93} INFO - Command exited with return code 0
[2022-04-20 19:59:03,614] {taskinstance.py:1288} INFO - Marking task as SUCCESS. dag_id=green_taxi_data_v2, task_id=rm_task, execution_date=20200502T070000, start_date=20220420T195903, end_date=20220420T195903
[2022-04-20 19:59:03,656] {local_task_job.py:154} INFO - Task exited with return code 0
[2022-04-20 19:59:03,678] {local_task_job.py:264} INFO - 0 downstream tasks scheduled from follow-on schedule check
