[2022-04-20 01:05:24,011] {taskinstance.py:1043} INFO - Dependencies all met for <TaskInstance: fhv_taxi_data.rm_task scheduled__2019-04-02T08:00:00+00:00 [queued]>
[2022-04-20 01:05:24,021] {taskinstance.py:1043} INFO - Dependencies all met for <TaskInstance: fhv_taxi_data.rm_task scheduled__2019-04-02T08:00:00+00:00 [queued]>
[2022-04-20 01:05:24,021] {taskinstance.py:1249} INFO - 
--------------------------------------------------------------------------------
[2022-04-20 01:05:24,022] {taskinstance.py:1250} INFO - Starting attempt 1 of 2
[2022-04-20 01:05:24,023] {taskinstance.py:1251} INFO - 
--------------------------------------------------------------------------------
[2022-04-20 01:05:24,037] {taskinstance.py:1270} INFO - Executing <Task(BashOperator): rm_task> on 2019-04-02 08:00:00+00:00
[2022-04-20 01:05:24,044] {standard_task_runner.py:52} INFO - Started process 580 to run task
[2022-04-20 01:05:24,046] {standard_task_runner.py:79} INFO - Running: ['***', 'tasks', 'run', 'fhv_taxi_data', 'rm_task', 'scheduled__2019-04-02T08:00:00+00:00', '--job-id', '44', '--raw', '--subdir', 'DAGS_FOLDER/data_ingestion_gcs_dag_v02.py', '--cfg-path', '/tmp/tmpcov9yi77', '--error-file', '/tmp/tmppra_2f8e']
[2022-04-20 01:05:24,047] {standard_task_runner.py:80} INFO - Job 44: Subtask rm_task
[2022-04-20 01:05:24,094] {logging_mixin.py:109} INFO - Running <TaskInstance: fhv_taxi_data.rm_task scheduled__2019-04-02T08:00:00+00:00 [running]> on host 5e56b5a44db8
[2022-04-20 01:05:24,129] {warnings.py:110} WARNING - /home/***/.local/lib/python3.7/site-packages/***/utils/context.py:156: AirflowContextDeprecationWarning: Accessing 'execution_date' from the template is deprecated and will be removed in a future version. Please use 'data_interval_start' or 'logical_date' instead.
  warnings.warn(_create_deprecation_warning(key, self._deprecation_replacements[key]))

[2022-04-20 01:05:24,147] {taskinstance.py:1448} INFO - Exporting the following env vars:
AIRFLOW_CTX_DAG_OWNER=***
AIRFLOW_CTX_DAG_ID=fhv_taxi_data
AIRFLOW_CTX_TASK_ID=rm_task
AIRFLOW_CTX_EXECUTION_DATE=2019-04-02T08:00:00+00:00
AIRFLOW_CTX_DAG_RUN_ID=scheduled__2019-04-02T08:00:00+00:00
[2022-04-20 01:05:24,148] {subprocess.py:62} INFO - Tmp dir root location: 
 /tmp
[2022-04-20 01:05:24,148] {subprocess.py:74} INFO - Running command: ['bash', '-c', 'rm /opt/***/fhv_tripdata_2019-04.csv /opt/***/fhv_tripdata_2019-04.parquet']
[2022-04-20 01:05:24,158] {subprocess.py:85} INFO - Output:
[2022-04-20 01:05:24,174] {subprocess.py:93} INFO - Command exited with return code 0
[2022-04-20 01:05:24,191] {taskinstance.py:1288} INFO - Marking task as SUCCESS. dag_id=fhv_taxi_data, task_id=rm_task, execution_date=20190402T080000, start_date=20220420T010524, end_date=20220420T010524
[2022-04-20 01:05:24,218] {local_task_job.py:154} INFO - Task exited with return code 0
[2022-04-20 01:05:24,306] {local_task_job.py:264} INFO - 0 downstream tasks scheduled from follow-on schedule check
