[2022-04-20 19:58:47,191] {taskinstance.py:1043} INFO - Dependencies all met for <TaskInstance: green_taxi_data_v2.local_to_gcs_task scheduled__2020-03-02T07:00:00+00:00 [queued]>
[2022-04-20 19:58:47,197] {taskinstance.py:1043} INFO - Dependencies all met for <TaskInstance: green_taxi_data_v2.local_to_gcs_task scheduled__2020-03-02T07:00:00+00:00 [queued]>
[2022-04-20 19:58:47,197] {taskinstance.py:1249} INFO - 
--------------------------------------------------------------------------------
[2022-04-20 19:58:47,197] {taskinstance.py:1250} INFO - Starting attempt 1 of 2
[2022-04-20 19:58:47,197] {taskinstance.py:1251} INFO - 
--------------------------------------------------------------------------------
[2022-04-20 19:58:47,205] {taskinstance.py:1270} INFO - Executing <Task(PythonOperator): local_to_gcs_task> on 2020-03-02 07:00:00+00:00
[2022-04-20 19:58:47,208] {standard_task_runner.py:52} INFO - Started process 1306 to run task
[2022-04-20 19:58:47,210] {standard_task_runner.py:79} INFO - Running: ['***', 'tasks', 'run', 'green_taxi_data_v2', 'local_to_gcs_task', 'scheduled__2020-03-02T07:00:00+00:00', '--job-id', '403', '--raw', '--subdir', 'DAGS_FOLDER/data_ingestion_gcs_dag_v02.py', '--cfg-path', '/tmp/tmpl3d_qcav', '--error-file', '/tmp/tmpn7_u6t0m']
[2022-04-20 19:58:47,211] {standard_task_runner.py:80} INFO - Job 403: Subtask local_to_gcs_task
[2022-04-20 19:58:47,246] {logging_mixin.py:109} INFO - Running <TaskInstance: green_taxi_data_v2.local_to_gcs_task scheduled__2020-03-02T07:00:00+00:00 [running]> on host 5a0aea9ec23a
[2022-04-20 19:58:47,273] {warnings.py:110} WARNING - /home/***/.local/lib/python3.7/site-packages/***/utils/context.py:156: AirflowContextDeprecationWarning: Accessing 'execution_date' from the template is deprecated and will be removed in a future version. Please use 'data_interval_start' or 'logical_date' instead.
  warnings.warn(_create_deprecation_warning(key, self._deprecation_replacements[key]))

[2022-04-20 19:58:47,285] {taskinstance.py:1448} INFO - Exporting the following env vars:
AIRFLOW_CTX_DAG_OWNER=***
AIRFLOW_CTX_DAG_ID=green_taxi_data_v2
AIRFLOW_CTX_TASK_ID=local_to_gcs_task
AIRFLOW_CTX_EXECUTION_DATE=2020-03-02T07:00:00+00:00
AIRFLOW_CTX_DAG_RUN_ID=scheduled__2020-03-02T07:00:00+00:00
[2022-04-20 19:58:55,118] {python.py:175} INFO - Done. Returned value was: None
[2022-04-20 19:58:55,125] {taskinstance.py:1288} INFO - Marking task as SUCCESS. dag_id=green_taxi_data_v2, task_id=local_to_gcs_task, execution_date=20200302T070000, start_date=20220420T195847, end_date=20220420T195855
[2022-04-20 19:58:55,148] {local_task_job.py:154} INFO - Task exited with return code 0
[2022-04-20 19:58:55,166] {local_task_job.py:264} INFO - 1 downstream tasks scheduled from follow-on schedule check
