[2022-04-20 01:15:11,890] {taskinstance.py:1043} INFO - Dependencies all met for <TaskInstance: green_taxi_data.format_to_parquet_task scheduled__2021-04-02T07:00:00+00:00 [queued]>
[2022-04-20 01:15:11,895] {taskinstance.py:1043} INFO - Dependencies all met for <TaskInstance: green_taxi_data.format_to_parquet_task scheduled__2021-04-02T07:00:00+00:00 [queued]>
[2022-04-20 01:15:11,896] {taskinstance.py:1249} INFO - 
--------------------------------------------------------------------------------
[2022-04-20 01:15:11,896] {taskinstance.py:1250} INFO - Starting attempt 1 of 2
[2022-04-20 01:15:11,896] {taskinstance.py:1251} INFO - 
--------------------------------------------------------------------------------
[2022-04-20 01:15:11,903] {taskinstance.py:1270} INFO - Executing <Task(PythonOperator): format_to_parquet_task> on 2021-04-02 07:00:00+00:00
[2022-04-20 01:15:11,905] {standard_task_runner.py:52} INFO - Started process 1956 to run task
[2022-04-20 01:15:11,907] {standard_task_runner.py:79} INFO - Running: ['***', 'tasks', 'run', 'green_taxi_data', 'format_to_parquet_task', 'scheduled__2021-04-02T07:00:00+00:00', '--job-id', '172', '--raw', '--subdir', 'DAGS_FOLDER/data_ingestion_gcs_dag_v02.py', '--cfg-path', '/tmp/tmp6_zro8le', '--error-file', '/tmp/tmp0egzf8kt']
[2022-04-20 01:15:11,907] {standard_task_runner.py:80} INFO - Job 172: Subtask format_to_parquet_task
[2022-04-20 01:15:11,936] {logging_mixin.py:109} INFO - Running <TaskInstance: green_taxi_data.format_to_parquet_task scheduled__2021-04-02T07:00:00+00:00 [running]> on host 5e56b5a44db8
[2022-04-20 01:15:11,955] {warnings.py:110} WARNING - /home/***/.local/lib/python3.7/site-packages/***/utils/context.py:156: AirflowContextDeprecationWarning: Accessing 'execution_date' from the template is deprecated and will be removed in a future version. Please use 'data_interval_start' or 'logical_date' instead.
  warnings.warn(_create_deprecation_warning(key, self._deprecation_replacements[key]))

[2022-04-20 01:15:11,965] {taskinstance.py:1448} INFO - Exporting the following env vars:
AIRFLOW_CTX_DAG_OWNER=***
AIRFLOW_CTX_DAG_ID=green_taxi_data
AIRFLOW_CTX_TASK_ID=format_to_parquet_task
AIRFLOW_CTX_EXECUTION_DATE=2021-04-02T07:00:00+00:00
AIRFLOW_CTX_DAG_RUN_ID=scheduled__2021-04-02T07:00:00+00:00
[2022-04-20 01:15:12,054] {python.py:175} INFO - Done. Returned value was: None
[2022-04-20 01:15:12,061] {taskinstance.py:1288} INFO - Marking task as SUCCESS. dag_id=green_taxi_data, task_id=format_to_parquet_task, execution_date=20210402T070000, start_date=20220420T011511, end_date=20220420T011512
[2022-04-20 01:15:12,079] {local_task_job.py:154} INFO - Task exited with return code 0
[2022-04-20 01:15:12,098] {local_task_job.py:264} INFO - 1 downstream tasks scheduled from follow-on schedule check
