[2022-04-20 00:26:41,210] {taskinstance.py:1043} INFO - Dependencies all met for <TaskInstance: data_ingestion_gcs_dag.download_dataset_task manual__2022-04-20T00:20:46.679238+00:00 [queued]>
[2022-04-20 00:26:41,216] {taskinstance.py:1043} INFO - Dependencies all met for <TaskInstance: data_ingestion_gcs_dag.download_dataset_task manual__2022-04-20T00:20:46.679238+00:00 [queued]>
[2022-04-20 00:26:41,216] {taskinstance.py:1249} INFO - 
--------------------------------------------------------------------------------
[2022-04-20 00:26:41,216] {taskinstance.py:1250} INFO - Starting attempt 1 of 2
[2022-04-20 00:26:41,216] {taskinstance.py:1251} INFO - 
--------------------------------------------------------------------------------
[2022-04-20 00:26:41,223] {taskinstance.py:1270} INFO - Executing <Task(BashOperator): download_dataset_task> on 2022-04-20 00:20:46.679238+00:00
[2022-04-20 00:26:41,226] {standard_task_runner.py:52} INFO - Started process 2218 to run task
[2022-04-20 00:26:41,227] {standard_task_runner.py:79} INFO - Running: ['***', 'tasks', 'run', 'data_ingestion_gcs_dag', 'download_dataset_task', 'manual__2022-04-20T00:20:46.679238+00:00', '--job-id', '356', '--raw', '--subdir', 'DAGS_FOLDER/data_ingestion_gcs_dag.py', '--cfg-path', '/tmp/tmpw927061m', '--error-file', '/tmp/tmpymgic8yf']
[2022-04-20 00:26:41,228] {standard_task_runner.py:80} INFO - Job 356: Subtask download_dataset_task
[2022-04-20 00:26:41,251] {logging_mixin.py:109} INFO - Running <TaskInstance: data_ingestion_gcs_dag.download_dataset_task manual__2022-04-20T00:20:46.679238+00:00 [running]> on host 1b91fda6947c
[2022-04-20 00:26:41,280] {taskinstance.py:1448} INFO - Exporting the following env vars:
AIRFLOW_CTX_DAG_OWNER=***
AIRFLOW_CTX_DAG_ID=data_ingestion_gcs_dag
AIRFLOW_CTX_TASK_ID=download_dataset_task
AIRFLOW_CTX_EXECUTION_DATE=2022-04-20T00:20:46.679238+00:00
AIRFLOW_CTX_DAG_RUN_ID=manual__2022-04-20T00:20:46.679238+00:00
[2022-04-20 00:26:41,280] {subprocess.py:62} INFO - Tmp dir root location: 
 /tmp
[2022-04-20 00:26:41,281] {subprocess.py:74} INFO - Running command: ['bash', '-c', 'curl -sSL https://s3.amazonaws.com/nyc-tlc/trip+data/yellow_tripdata_2021-01.csv > /opt/***/yellow_tripdata_2021-01.csv']
[2022-04-20 00:26:41,286] {subprocess.py:85} INFO - Output:
[2022-04-20 00:26:52,414] {subprocess.py:93} INFO - Command exited with return code 0
[2022-04-20 00:26:52,438] {taskinstance.py:1288} INFO - Marking task as SUCCESS. dag_id=data_ingestion_gcs_dag, task_id=download_dataset_task, execution_date=20220420T002046, start_date=20220420T002641, end_date=20220420T002652
[2022-04-20 00:26:52,481] {local_task_job.py:154} INFO - Task exited with return code 0
[2022-04-20 00:26:52,495] {dagrun.py:630} WARNING - Failed to get task '<TaskInstance: data_ingestion_gcs_dag.bq_ext_to_part_task manual__2022-04-20T00:20:46.679238+00:00 [removed]>' for dag 'data_ingestion_gcs_dag'. Marking it as removed.
[2022-04-20 00:26:52,496] {dagrun.py:630} WARNING - Failed to get task '<TaskInstance: data_ingestion_gcs_dag.gcs_to_bq_ext_task manual__2022-04-20T00:20:46.679238+00:00 [removed]>' for dag 'data_ingestion_gcs_dag'. Marking it as removed.
[2022-04-20 00:26:52,496] {dagrun.py:630} WARNING - Failed to get task '<TaskInstance: data_ingestion_gcs_dag.gcs_to_gcs_task manual__2022-04-20T00:20:46.679238+00:00 [removed]>' for dag 'data_ingestion_gcs_dag'. Marking it as removed.
[2022-04-20 00:26:52,502] {local_task_job.py:264} INFO - 1 downstream tasks scheduled from follow-on schedule check
