[2022-04-20 01:13:50,245] {taskinstance.py:1043} INFO - Dependencies all met for <TaskInstance: fhv_taxi_data.download_dataset_task scheduled__2019-12-02T08:00:00+00:00 [queued]>
[2022-04-20 01:13:50,250] {taskinstance.py:1043} INFO - Dependencies all met for <TaskInstance: fhv_taxi_data.download_dataset_task scheduled__2019-12-02T08:00:00+00:00 [queued]>
[2022-04-20 01:13:50,250] {taskinstance.py:1249} INFO - 
--------------------------------------------------------------------------------
[2022-04-20 01:13:50,250] {taskinstance.py:1250} INFO - Starting attempt 1 of 2
[2022-04-20 01:13:50,250] {taskinstance.py:1251} INFO - 
--------------------------------------------------------------------------------
[2022-04-20 01:13:50,258] {taskinstance.py:1270} INFO - Executing <Task(BashOperator): download_dataset_task> on 2019-12-02 08:00:00+00:00
[2022-04-20 01:13:50,261] {standard_task_runner.py:52} INFO - Started process 1659 to run task
[2022-04-20 01:13:50,262] {standard_task_runner.py:79} INFO - Running: ['***', 'tasks', 'run', 'fhv_taxi_data', 'download_dataset_task', 'scheduled__2019-12-02T08:00:00+00:00', '--job-id', '141', '--raw', '--subdir', 'DAGS_FOLDER/data_ingestion_gcs_dag_v02.py', '--cfg-path', '/tmp/tmpblrwtjiv', '--error-file', '/tmp/tmpn3x5b5o3']
[2022-04-20 01:13:50,262] {standard_task_runner.py:80} INFO - Job 141: Subtask download_dataset_task
[2022-04-20 01:13:50,290] {logging_mixin.py:109} INFO - Running <TaskInstance: fhv_taxi_data.download_dataset_task scheduled__2019-12-02T08:00:00+00:00 [running]> on host 5e56b5a44db8
[2022-04-20 01:13:50,309] {warnings.py:110} WARNING - /home/***/.local/lib/python3.7/site-packages/***/utils/context.py:156: AirflowContextDeprecationWarning: Accessing 'execution_date' from the template is deprecated and will be removed in a future version. Please use 'data_interval_start' or 'logical_date' instead.
  warnings.warn(_create_deprecation_warning(key, self._deprecation_replacements[key]))

[2022-04-20 01:13:50,320] {taskinstance.py:1448} INFO - Exporting the following env vars:
AIRFLOW_CTX_DAG_OWNER=***
AIRFLOW_CTX_DAG_ID=fhv_taxi_data
AIRFLOW_CTX_TASK_ID=download_dataset_task
AIRFLOW_CTX_EXECUTION_DATE=2019-12-02T08:00:00+00:00
AIRFLOW_CTX_DAG_RUN_ID=scheduled__2019-12-02T08:00:00+00:00
[2022-04-20 01:13:50,320] {subprocess.py:62} INFO - Tmp dir root location: 
 /tmp
[2022-04-20 01:13:50,321] {subprocess.py:74} INFO - Running command: ['bash', '-c', 'curl -sSLf https://s3.amazonaws.com/nyc-tlc/trip+data/fhv_tripdata_2019-12.csv > /opt/***/fhv_tripdata_2019-12.csv']
[2022-04-20 01:13:50,326] {subprocess.py:85} INFO - Output:
[2022-04-20 01:14:00,821] {subprocess.py:93} INFO - Command exited with return code 0
[2022-04-20 01:14:00,840] {taskinstance.py:1288} INFO - Marking task as SUCCESS. dag_id=fhv_taxi_data, task_id=download_dataset_task, execution_date=20191202T080000, start_date=20220420T011350, end_date=20220420T011400
[2022-04-20 01:14:00,881] {local_task_job.py:154} INFO - Task exited with return code 0
[2022-04-20 01:14:00,904] {local_task_job.py:264} INFO - 1 downstream tasks scheduled from follow-on schedule check
