[2022-04-20 01:10:54,393] {taskinstance.py:1043} INFO - Dependencies all met for <TaskInstance: fhv_taxi_data.format_to_parquet_task scheduled__2019-09-02T08:00:00+00:00 [queued]>
[2022-04-20 01:10:54,398] {taskinstance.py:1043} INFO - Dependencies all met for <TaskInstance: fhv_taxi_data.format_to_parquet_task scheduled__2019-09-02T08:00:00+00:00 [queued]>
[2022-04-20 01:10:54,399] {taskinstance.py:1249} INFO - 
--------------------------------------------------------------------------------
[2022-04-20 01:10:54,399] {taskinstance.py:1250} INFO - Starting attempt 1 of 2
[2022-04-20 01:10:54,399] {taskinstance.py:1251} INFO - 
--------------------------------------------------------------------------------
[2022-04-20 01:10:54,406] {taskinstance.py:1270} INFO - Executing <Task(PythonOperator): format_to_parquet_task> on 2019-09-02 08:00:00+00:00
[2022-04-20 01:10:54,409] {standard_task_runner.py:52} INFO - Started process 1197 to run task
[2022-04-20 01:10:54,410] {standard_task_runner.py:79} INFO - Running: ['***', 'tasks', 'run', 'fhv_taxi_data', 'format_to_parquet_task', 'scheduled__2019-09-02T08:00:00+00:00', '--job-id', '95', '--raw', '--subdir', 'DAGS_FOLDER/data_ingestion_gcs_dag_v02.py', '--cfg-path', '/tmp/tmpawv7e89n', '--error-file', '/tmp/tmp0fd3s7nf']
[2022-04-20 01:10:54,411] {standard_task_runner.py:80} INFO - Job 95: Subtask format_to_parquet_task
[2022-04-20 01:10:54,437] {logging_mixin.py:109} INFO - Running <TaskInstance: fhv_taxi_data.format_to_parquet_task scheduled__2019-09-02T08:00:00+00:00 [running]> on host 5e56b5a44db8
[2022-04-20 01:10:54,456] {warnings.py:110} WARNING - /home/***/.local/lib/python3.7/site-packages/***/utils/context.py:156: AirflowContextDeprecationWarning: Accessing 'execution_date' from the template is deprecated and will be removed in a future version. Please use 'data_interval_start' or 'logical_date' instead.
  warnings.warn(_create_deprecation_warning(key, self._deprecation_replacements[key]))

[2022-04-20 01:10:54,466] {taskinstance.py:1448} INFO - Exporting the following env vars:
AIRFLOW_CTX_DAG_OWNER=***
AIRFLOW_CTX_DAG_ID=fhv_taxi_data
AIRFLOW_CTX_TASK_ID=format_to_parquet_task
AIRFLOW_CTX_EXECUTION_DATE=2019-09-02T08:00:00+00:00
AIRFLOW_CTX_DAG_RUN_ID=scheduled__2019-09-02T08:00:00+00:00
[2022-04-20 01:10:54,664] {python.py:175} INFO - Done. Returned value was: None
[2022-04-20 01:10:54,671] {taskinstance.py:1288} INFO - Marking task as SUCCESS. dag_id=fhv_taxi_data, task_id=format_to_parquet_task, execution_date=20190902T080000, start_date=20220420T011054, end_date=20220420T011054
[2022-04-20 01:10:54,702] {local_task_job.py:154} INFO - Task exited with return code 0
[2022-04-20 01:10:54,722] {local_task_job.py:264} INFO - 1 downstream tasks scheduled from follow-on schedule check
