[2022-04-20 00:24:58,490] {taskinstance.py:1043} INFO - Dependencies all met for <TaskInstance: data_ingestion_gcs_dag.local_to_gcs_task manual__2022-04-20T00:24:04.587907+00:00 [queued]>
[2022-04-20 00:24:58,495] {taskinstance.py:1043} INFO - Dependencies all met for <TaskInstance: data_ingestion_gcs_dag.local_to_gcs_task manual__2022-04-20T00:24:04.587907+00:00 [queued]>
[2022-04-20 00:24:58,495] {taskinstance.py:1249} INFO - 
--------------------------------------------------------------------------------
[2022-04-20 00:24:58,495] {taskinstance.py:1250} INFO - Starting attempt 1 of 2
[2022-04-20 00:24:58,495] {taskinstance.py:1251} INFO - 
--------------------------------------------------------------------------------
[2022-04-20 00:24:58,502] {taskinstance.py:1270} INFO - Executing <Task(PythonOperator): local_to_gcs_task> on 2022-04-20 00:24:04.587907+00:00
[2022-04-20 00:24:58,505] {standard_task_runner.py:52} INFO - Started process 2117 to run task
[2022-04-20 00:24:58,506] {standard_task_runner.py:79} INFO - Running: ['***', 'tasks', 'run', 'data_ingestion_gcs_dag', 'local_to_gcs_task', 'manual__2022-04-20T00:24:04.587907+00:00', '--job-id', '354', '--raw', '--subdir', 'DAGS_FOLDER/data_ingestion_gcs_dag.py', '--cfg-path', '/tmp/tmpocaezkx_', '--error-file', '/tmp/tmpnt0f6af7']
[2022-04-20 00:24:58,507] {standard_task_runner.py:80} INFO - Job 354: Subtask local_to_gcs_task
[2022-04-20 00:24:58,530] {logging_mixin.py:109} INFO - Running <TaskInstance: data_ingestion_gcs_dag.local_to_gcs_task manual__2022-04-20T00:24:04.587907+00:00 [running]> on host 1b91fda6947c
[2022-04-20 00:24:58,554] {taskinstance.py:1448} INFO - Exporting the following env vars:
AIRFLOW_CTX_DAG_OWNER=***
AIRFLOW_CTX_DAG_ID=data_ingestion_gcs_dag
AIRFLOW_CTX_TASK_ID=local_to_gcs_task
AIRFLOW_CTX_EXECUTION_DATE=2022-04-20T00:24:04.587907+00:00
AIRFLOW_CTX_DAG_RUN_ID=manual__2022-04-20T00:24:04.587907+00:00
[2022-04-20 00:25:17,087] {python.py:175} INFO - Done. Returned value was: None
[2022-04-20 00:25:17,094] {taskinstance.py:1288} INFO - Marking task as SUCCESS. dag_id=data_ingestion_gcs_dag, task_id=local_to_gcs_task, execution_date=20220420T002404, start_date=20220420T002458, end_date=20220420T002517
[2022-04-20 00:25:17,127] {local_task_job.py:154} INFO - Task exited with return code 0
[2022-04-20 00:25:17,144] {local_task_job.py:264} INFO - 1 downstream tasks scheduled from follow-on schedule check
