[2022-04-20 01:09:39,327] {taskinstance.py:1043} INFO - Dependencies all met for <TaskInstance: green_taxi_data.rm_task scheduled__2019-09-02T07:00:00+00:00 [queued]>
[2022-04-20 01:09:39,333] {taskinstance.py:1043} INFO - Dependencies all met for <TaskInstance: green_taxi_data.rm_task scheduled__2019-09-02T07:00:00+00:00 [queued]>
[2022-04-20 01:09:39,333] {taskinstance.py:1249} INFO - 
--------------------------------------------------------------------------------
[2022-04-20 01:09:39,334] {taskinstance.py:1250} INFO - Starting attempt 1 of 2
[2022-04-20 01:09:39,334] {taskinstance.py:1251} INFO - 
--------------------------------------------------------------------------------
[2022-04-20 01:09:39,341] {taskinstance.py:1270} INFO - Executing <Task(BashOperator): rm_task> on 2019-09-02 07:00:00+00:00
[2022-04-20 01:09:39,344] {standard_task_runner.py:52} INFO - Started process 1035 to run task
[2022-04-20 01:09:39,345] {standard_task_runner.py:79} INFO - Running: ['***', 'tasks', 'run', 'green_taxi_data', 'rm_task', 'scheduled__2019-09-02T07:00:00+00:00', '--job-id', '81', '--raw', '--subdir', 'DAGS_FOLDER/data_ingestion_gcs_dag_v02.py', '--cfg-path', '/tmp/tmpgshkqpo0', '--error-file', '/tmp/tmp_4difqgh']
[2022-04-20 01:09:39,346] {standard_task_runner.py:80} INFO - Job 81: Subtask rm_task
[2022-04-20 01:09:39,374] {logging_mixin.py:109} INFO - Running <TaskInstance: green_taxi_data.rm_task scheduled__2019-09-02T07:00:00+00:00 [running]> on host 5e56b5a44db8
[2022-04-20 01:09:39,396] {warnings.py:110} WARNING - /home/***/.local/lib/python3.7/site-packages/***/utils/context.py:156: AirflowContextDeprecationWarning: Accessing 'execution_date' from the template is deprecated and will be removed in a future version. Please use 'data_interval_start' or 'logical_date' instead.
  warnings.warn(_create_deprecation_warning(key, self._deprecation_replacements[key]))

[2022-04-20 01:09:39,409] {taskinstance.py:1448} INFO - Exporting the following env vars:
AIRFLOW_CTX_DAG_OWNER=***
AIRFLOW_CTX_DAG_ID=green_taxi_data
AIRFLOW_CTX_TASK_ID=rm_task
AIRFLOW_CTX_EXECUTION_DATE=2019-09-02T07:00:00+00:00
AIRFLOW_CTX_DAG_RUN_ID=scheduled__2019-09-02T07:00:00+00:00
[2022-04-20 01:09:39,409] {subprocess.py:62} INFO - Tmp dir root location: 
 /tmp
[2022-04-20 01:09:39,410] {subprocess.py:74} INFO - Running command: ['bash', '-c', 'rm /opt/***/green_tripdata_2019-09.csv /opt/***/green_tripdata_2019-09.parquet']
[2022-04-20 01:09:39,414] {subprocess.py:85} INFO - Output:
[2022-04-20 01:09:39,419] {subprocess.py:93} INFO - Command exited with return code 0
[2022-04-20 01:09:39,433] {taskinstance.py:1288} INFO - Marking task as SUCCESS. dag_id=green_taxi_data, task_id=rm_task, execution_date=20190902T070000, start_date=20220420T010939, end_date=20220420T010939
[2022-04-20 01:09:39,477] {local_task_job.py:154} INFO - Task exited with return code 0
[2022-04-20 01:09:39,492] {local_task_job.py:264} INFO - 0 downstream tasks scheduled from follow-on schedule check
