[2022-04-20 20:17:12,583] {taskinstance.py:1043} INFO - Dependencies all met for <TaskInstance: green_taxi_data_v3.format_to_parquet_task scheduled__2020-05-02T07:00:00+00:00 [queued]>
[2022-04-20 20:17:12,588] {taskinstance.py:1043} INFO - Dependencies all met for <TaskInstance: green_taxi_data_v3.format_to_parquet_task scheduled__2020-05-02T07:00:00+00:00 [queued]>
[2022-04-20 20:17:12,588] {taskinstance.py:1249} INFO - 
--------------------------------------------------------------------------------
[2022-04-20 20:17:12,588] {taskinstance.py:1250} INFO - Starting attempt 1 of 2
[2022-04-20 20:17:12,589] {taskinstance.py:1251} INFO - 
--------------------------------------------------------------------------------
[2022-04-20 20:17:12,596] {taskinstance.py:1270} INFO - Executing <Task(PythonOperator): format_to_parquet_task> on 2020-05-02 07:00:00+00:00
[2022-04-20 20:17:12,598] {standard_task_runner.py:52} INFO - Started process 3245 to run task
[2022-04-20 20:17:12,600] {standard_task_runner.py:79} INFO - Running: ['***', 'tasks', 'run', 'green_taxi_data_v3', 'format_to_parquet_task', 'scheduled__2020-05-02T07:00:00+00:00', '--job-id', '551', '--raw', '--subdir', 'DAGS_FOLDER/data_ingestion_gcs_dag_v02.py', '--cfg-path', '/tmp/tmpw5snbnot', '--error-file', '/tmp/tmpdtowqkn_']
[2022-04-20 20:17:12,600] {standard_task_runner.py:80} INFO - Job 551: Subtask format_to_parquet_task
[2022-04-20 20:17:12,628] {logging_mixin.py:109} INFO - Running <TaskInstance: green_taxi_data_v3.format_to_parquet_task scheduled__2020-05-02T07:00:00+00:00 [running]> on host 5a0aea9ec23a
[2022-04-20 20:17:12,648] {warnings.py:110} WARNING - /home/***/.local/lib/python3.7/site-packages/***/utils/context.py:156: AirflowContextDeprecationWarning: Accessing 'execution_date' from the template is deprecated and will be removed in a future version. Please use 'data_interval_start' or 'logical_date' instead.
  warnings.warn(_create_deprecation_warning(key, self._deprecation_replacements[key]))

[2022-04-20 20:17:12,661] {taskinstance.py:1448} INFO - Exporting the following env vars:
AIRFLOW_CTX_DAG_OWNER=***
AIRFLOW_CTX_DAG_ID=green_taxi_data_v3
AIRFLOW_CTX_TASK_ID=format_to_parquet_task
AIRFLOW_CTX_EXECUTION_DATE=2020-05-02T07:00:00+00:00
AIRFLOW_CTX_DAG_RUN_ID=scheduled__2020-05-02T07:00:00+00:00
[2022-04-20 20:17:12,764] {python.py:175} INFO - Done. Returned value was: None
[2022-04-20 20:17:12,770] {taskinstance.py:1288} INFO - Marking task as SUCCESS. dag_id=green_taxi_data_v3, task_id=format_to_parquet_task, execution_date=20200502T070000, start_date=20220420T201712, end_date=20220420T201712
[2022-04-20 20:17:12,812] {local_task_job.py:154} INFO - Task exited with return code 0
[2022-04-20 20:17:12,831] {local_task_job.py:264} INFO - 1 downstream tasks scheduled from follow-on schedule check
