[2022-04-20 20:21:44,326] {taskinstance.py:1043} INFO - Dependencies all met for <TaskInstance: gcs_2_bq_dag.move_green_tripdata_files_task scheduled__2022-04-19T00:00:00+00:00 [queued]>
[2022-04-20 20:21:44,331] {taskinstance.py:1043} INFO - Dependencies all met for <TaskInstance: gcs_2_bq_dag.move_green_tripdata_files_task scheduled__2022-04-19T00:00:00+00:00 [queued]>
[2022-04-20 20:21:44,331] {taskinstance.py:1249} INFO - 
--------------------------------------------------------------------------------
[2022-04-20 20:21:44,331] {taskinstance.py:1250} INFO - Starting attempt 3 of 4
[2022-04-20 20:21:44,331] {taskinstance.py:1251} INFO - 
--------------------------------------------------------------------------------
[2022-04-20 20:21:44,338] {taskinstance.py:1270} INFO - Executing <Task(GCSToGCSOperator): move_green_tripdata_files_task> on 2022-04-19 00:00:00+00:00
[2022-04-20 20:21:44,341] {standard_task_runner.py:52} INFO - Started process 3919 to run task
[2022-04-20 20:21:44,342] {standard_task_runner.py:79} INFO - Running: ['***', 'tasks', 'run', 'gcs_2_bq_dag', 'move_green_tripdata_files_task', 'scheduled__2022-04-19T00:00:00+00:00', '--job-id', '613', '--raw', '--subdir', 'DAGS_FOLDER/gcs_to_bq_dag.py', '--cfg-path', '/tmp/tmpw9vl32p3', '--error-file', '/tmp/tmptynvdgl3']
[2022-04-20 20:21:44,343] {standard_task_runner.py:80} INFO - Job 613: Subtask move_green_tripdata_files_task
[2022-04-20 20:21:44,369] {logging_mixin.py:109} INFO - Running <TaskInstance: gcs_2_bq_dag.move_green_tripdata_files_task scheduled__2022-04-19T00:00:00+00:00 [running]> on host 5a0aea9ec23a
[2022-04-20 20:21:44,395] {taskinstance.py:1448} INFO - Exporting the following env vars:
AIRFLOW_CTX_DAG_OWNER=***
AIRFLOW_CTX_DAG_ID=gcs_2_bq_dag
AIRFLOW_CTX_TASK_ID=move_green_tripdata_files_task
AIRFLOW_CTX_EXECUTION_DATE=2022-04-19T00:00:00+00:00
AIRFLOW_CTX_DAG_RUN_ID=scheduled__2022-04-19T00:00:00+00:00
[2022-04-20 20:21:44,396] {crypto.py:82} WARNING - empty cryptography key - values will not be stored encrypted.
[2022-04-20 20:21:44,396] {gcs_to_gcs.py:343} INFO - Delimiter ignored because wildcard is in prefix
[2022-04-20 20:21:44,666] {gcs_to_gcs.py:428} INFO - Executing copy of gs://dtc_data_lake_ny-rides-jenkins/raw/green_tripdata/2019/green_tripdata_2019-01.parquet to gs://dtc_data_lake_ny-rides-jenkins/green/green_tripdata/2019/green_tripdata_2019-01.parquet
[2022-04-20 20:21:44,818] {gcs.py:250} INFO - Total Bytes: 12440449 | Bytes Written: 12440449
[2022-04-20 20:21:44,818] {gcs.py:263} INFO - Object raw/green_tripdata/2019/green_tripdata_2019-01.parquet in bucket dtc_data_lake_ny-rides-jenkins rewritten to object green/green_tripdata/2019/green_tripdata_2019-01.parquet in bucket dtc_data_lake_ny-rides-jenkins
[2022-04-20 20:21:44,900] {gcs.py:665} INFO - Blob raw/green_tripdata/2019/green_tripdata_2019-01.parquet deleted.
[2022-04-20 20:21:44,900] {gcs_to_gcs.py:428} INFO - Executing copy of gs://dtc_data_lake_ny-rides-jenkins/raw/green_tripdata/2019/green_tripdata_2019-06.parquet to gs://dtc_data_lake_ny-rides-jenkins/green/green_tripdata/2019/green_tripdata_2019-06.parquet
[2022-04-20 20:21:45,030] {gcs.py:250} INFO - Total Bytes: 9391174 | Bytes Written: 9391174
[2022-04-20 20:21:45,031] {gcs.py:263} INFO - Object raw/green_tripdata/2019/green_tripdata_2019-06.parquet in bucket dtc_data_lake_ny-rides-jenkins rewritten to object green/green_tripdata/2019/green_tripdata_2019-06.parquet in bucket dtc_data_lake_ny-rides-jenkins
[2022-04-20 20:21:45,104] {gcs.py:665} INFO - Blob raw/green_tripdata/2019/green_tripdata_2019-06.parquet deleted.
[2022-04-20 20:21:45,104] {gcs_to_gcs.py:428} INFO - Executing copy of gs://dtc_data_lake_ny-rides-jenkins/raw/green_tripdata/2019/green_tripdata_2019-04.parquet to gs://dtc_data_lake_ny-rides-jenkins/green/green_tripdata/2019/green_tripdata_2019-04.parquet
[2022-04-20 20:21:45,223] {gcs.py:250} INFO - Total Bytes: 10368298 | Bytes Written: 10368298
[2022-04-20 20:21:45,223] {gcs.py:263} INFO - Object raw/green_tripdata/2019/green_tripdata_2019-04.parquet in bucket dtc_data_lake_ny-rides-jenkins rewritten to object green/green_tripdata/2019/green_tripdata_2019-04.parquet in bucket dtc_data_lake_ny-rides-jenkins
[2022-04-20 20:21:45,310] {gcs.py:665} INFO - Blob raw/green_tripdata/2019/green_tripdata_2019-04.parquet deleted.
[2022-04-20 20:21:45,310] {gcs_to_gcs.py:428} INFO - Executing copy of gs://dtc_data_lake_ny-rides-jenkins/raw/green_tripdata/2020/green_tripdata_2020-09.parquet to gs://dtc_data_lake_ny-rides-jenkins/green/green_tripdata/2020/green_tripdata_2020-09.parquet
[2022-04-20 20:21:45,439] {gcs.py:250} INFO - Total Bytes: 1908711 | Bytes Written: 1908711
[2022-04-20 20:21:45,439] {gcs.py:263} INFO - Object raw/green_tripdata/2020/green_tripdata_2020-09.parquet in bucket dtc_data_lake_ny-rides-jenkins rewritten to object green/green_tripdata/2020/green_tripdata_2020-09.parquet in bucket dtc_data_lake_ny-rides-jenkins
[2022-04-20 20:21:45,530] {gcs.py:665} INFO - Blob raw/green_tripdata/2020/green_tripdata_2020-09.parquet deleted.
[2022-04-20 20:21:45,530] {gcs_to_gcs.py:428} INFO - Executing copy of gs://dtc_data_lake_ny-rides-jenkins/raw/green_tripdata/2019/green_tripdata_2019-07.parquet to gs://dtc_data_lake_ny-rides-jenkins/green/green_tripdata/2019/green_tripdata_2019-07.parquet
[2022-04-20 20:21:45,657] {gcs.py:250} INFO - Total Bytes: 9384299 | Bytes Written: 9384299
[2022-04-20 20:21:45,657] {gcs.py:263} INFO - Object raw/green_tripdata/2019/green_tripdata_2019-07.parquet in bucket dtc_data_lake_ny-rides-jenkins rewritten to object green/green_tripdata/2019/green_tripdata_2019-07.parquet in bucket dtc_data_lake_ny-rides-jenkins
[2022-04-20 20:21:45,738] {gcs.py:665} INFO - Blob raw/green_tripdata/2019/green_tripdata_2019-07.parquet deleted.
[2022-04-20 20:21:45,738] {gcs_to_gcs.py:428} INFO - Executing copy of gs://dtc_data_lake_ny-rides-jenkins/raw/green_tripdata/2020/green_tripdata_2020-12.parquet to gs://dtc_data_lake_ny-rides-jenkins/green/green_tripdata/2020/green_tripdata_2020-12.parquet
[2022-04-20 20:21:45,881] {gcs.py:250} INFO - Total Bytes: 1803609 | Bytes Written: 1803609
[2022-04-20 20:21:45,881] {gcs.py:263} INFO - Object raw/green_tripdata/2020/green_tripdata_2020-12.parquet in bucket dtc_data_lake_ny-rides-jenkins rewritten to object green/green_tripdata/2020/green_tripdata_2020-12.parquet in bucket dtc_data_lake_ny-rides-jenkins
[2022-04-20 20:21:45,958] {gcs.py:665} INFO - Blob raw/green_tripdata/2020/green_tripdata_2020-12.parquet deleted.
[2022-04-20 20:21:45,958] {gcs_to_gcs.py:428} INFO - Executing copy of gs://dtc_data_lake_ny-rides-jenkins/raw/green_tripdata/2019/green_tripdata_2019-11.parquet to gs://dtc_data_lake_ny-rides-jenkins/green/green_tripdata/2019/green_tripdata_2019-11.parquet
[2022-04-20 20:21:46,077] {gcs.py:250} INFO - Total Bytes: 8963547 | Bytes Written: 8963547
[2022-04-20 20:21:46,077] {gcs.py:263} INFO - Object raw/green_tripdata/2019/green_tripdata_2019-11.parquet in bucket dtc_data_lake_ny-rides-jenkins rewritten to object green/green_tripdata/2019/green_tripdata_2019-11.parquet in bucket dtc_data_lake_ny-rides-jenkins
[2022-04-20 20:21:46,156] {gcs.py:665} INFO - Blob raw/green_tripdata/2019/green_tripdata_2019-11.parquet deleted.
[2022-04-20 20:21:46,156] {gcs_to_gcs.py:428} INFO - Executing copy of gs://dtc_data_lake_ny-rides-jenkins/raw/green_tripdata/2020/green_tripdata_2020-10.parquet to gs://dtc_data_lake_ny-rides-jenkins/green/green_tripdata/2020/green_tripdata_2020-10.parquet
[2022-04-20 20:21:46,274] {gcs.py:250} INFO - Total Bytes: 2079418 | Bytes Written: 2079418
[2022-04-20 20:21:46,275] {gcs.py:263} INFO - Object raw/green_tripdata/2020/green_tripdata_2020-10.parquet in bucket dtc_data_lake_ny-rides-jenkins rewritten to object green/green_tripdata/2020/green_tripdata_2020-10.parquet in bucket dtc_data_lake_ny-rides-jenkins
[2022-04-20 20:21:46,365] {gcs.py:665} INFO - Blob raw/green_tripdata/2020/green_tripdata_2020-10.parquet deleted.
[2022-04-20 20:21:46,365] {gcs_to_gcs.py:428} INFO - Executing copy of gs://dtc_data_lake_ny-rides-jenkins/raw/green_tripdata/2020/green_tripdata_2020-07.parquet to gs://dtc_data_lake_ny-rides-jenkins/green/green_tripdata/2020/green_tripdata_2020-07.parquet
[2022-04-20 20:21:46,488] {gcs.py:250} INFO - Total Bytes: 1620410 | Bytes Written: 1620410
[2022-04-20 20:21:46,488] {gcs.py:263} INFO - Object raw/green_tripdata/2020/green_tripdata_2020-07.parquet in bucket dtc_data_lake_ny-rides-jenkins rewritten to object green/green_tripdata/2020/green_tripdata_2020-07.parquet in bucket dtc_data_lake_ny-rides-jenkins
[2022-04-20 20:21:46,558] {gcs.py:665} INFO - Blob raw/green_tripdata/2020/green_tripdata_2020-07.parquet deleted.
[2022-04-20 20:21:46,558] {gcs_to_gcs.py:428} INFO - Executing copy of gs://dtc_data_lake_ny-rides-jenkins/raw/green_tripdata/2020/green_tripdata_2020-02.parquet to gs://dtc_data_lake_ny-rides-jenkins/green/green_tripdata/2020/green_tripdata_2020-02.parquet
[2022-04-20 20:21:46,690] {gcs.py:250} INFO - Total Bytes: 7901264 | Bytes Written: 7901264
[2022-04-20 20:21:46,691] {gcs.py:263} INFO - Object raw/green_tripdata/2020/green_tripdata_2020-02.parquet in bucket dtc_data_lake_ny-rides-jenkins rewritten to object green/green_tripdata/2020/green_tripdata_2020-02.parquet in bucket dtc_data_lake_ny-rides-jenkins
[2022-04-20 20:21:46,770] {gcs.py:665} INFO - Blob raw/green_tripdata/2020/green_tripdata_2020-02.parquet deleted.
[2022-04-20 20:21:46,770] {gcs_to_gcs.py:428} INFO - Executing copy of gs://dtc_data_lake_ny-rides-jenkins/raw/green_tripdata/2019/green_tripdata_2019-03.parquet to gs://dtc_data_lake_ny-rides-jenkins/green/green_tripdata/2019/green_tripdata_2019-03.parquet
[2022-04-20 20:21:46,889] {gcs.py:250} INFO - Total Bytes: 12164777 | Bytes Written: 12164777
[2022-04-20 20:21:46,890] {gcs.py:263} INFO - Object raw/green_tripdata/2019/green_tripdata_2019-03.parquet in bucket dtc_data_lake_ny-rides-jenkins rewritten to object green/green_tripdata/2019/green_tripdata_2019-03.parquet in bucket dtc_data_lake_ny-rides-jenkins
[2022-04-20 20:21:46,962] {gcs.py:665} INFO - Blob raw/green_tripdata/2019/green_tripdata_2019-03.parquet deleted.
[2022-04-20 20:21:46,963] {gcs_to_gcs.py:428} INFO - Executing copy of gs://dtc_data_lake_ny-rides-jenkins/raw/green_tripdata/2021/green_tripdata_2021-02.parquet to gs://dtc_data_lake_ny-rides-jenkins/green/green_tripdata/2021/green_tripdata_2021-02.parquet
[2022-04-20 20:21:47,087] {gcs.py:250} INFO - Total Bytes: 1417244 | Bytes Written: 1417244
[2022-04-20 20:21:47,087] {gcs.py:263} INFO - Object raw/green_tripdata/2021/green_tripdata_2021-02.parquet in bucket dtc_data_lake_ny-rides-jenkins rewritten to object green/green_tripdata/2021/green_tripdata_2021-02.parquet in bucket dtc_data_lake_ny-rides-jenkins
[2022-04-20 20:21:47,165] {gcs.py:665} INFO - Blob raw/green_tripdata/2021/green_tripdata_2021-02.parquet deleted.
[2022-04-20 20:21:47,166] {gcs_to_gcs.py:428} INFO - Executing copy of gs://dtc_data_lake_ny-rides-jenkins/raw/green_tripdata/2021/green_tripdata_2021-06.parquet to gs://dtc_data_lake_ny-rides-jenkins/green/green_tripdata/2021/green_tripdata_2021-06.parquet
[2022-04-20 20:21:47,337] {gcs.py:250} INFO - Total Bytes: 2006987 | Bytes Written: 2006987
[2022-04-20 20:21:47,337] {gcs.py:263} INFO - Object raw/green_tripdata/2021/green_tripdata_2021-06.parquet in bucket dtc_data_lake_ny-rides-jenkins rewritten to object green/green_tripdata/2021/green_tripdata_2021-06.parquet in bucket dtc_data_lake_ny-rides-jenkins
[2022-04-20 20:21:47,410] {gcs.py:665} INFO - Blob raw/green_tripdata/2021/green_tripdata_2021-06.parquet deleted.
[2022-04-20 20:21:47,410] {gcs_to_gcs.py:428} INFO - Executing copy of gs://dtc_data_lake_ny-rides-jenkins/raw/green_tripdata/2021/green_tripdata_2021-01.parquet to gs://dtc_data_lake_ny-rides-jenkins/green/green_tripdata/2021/green_tripdata_2021-01.parquet
[2022-04-20 20:21:47,539] {gcs.py:250} INFO - Total Bytes: 1655172 | Bytes Written: 1655172
[2022-04-20 20:21:47,540] {gcs.py:263} INFO - Object raw/green_tripdata/2021/green_tripdata_2021-01.parquet in bucket dtc_data_lake_ny-rides-jenkins rewritten to object green/green_tripdata/2021/green_tripdata_2021-01.parquet in bucket dtc_data_lake_ny-rides-jenkins
[2022-04-20 20:21:47,611] {gcs.py:665} INFO - Blob raw/green_tripdata/2021/green_tripdata_2021-01.parquet deleted.
[2022-04-20 20:21:47,612] {gcs_to_gcs.py:428} INFO - Executing copy of gs://dtc_data_lake_ny-rides-jenkins/raw/green_tripdata/2019/green_tripdata_2019-05.parquet to gs://dtc_data_lake_ny-rides-jenkins/green/green_tripdata/2019/green_tripdata_2019-05.parquet
[2022-04-20 20:21:47,738] {gcs.py:250} INFO - Total Bytes: 10035404 | Bytes Written: 10035404
[2022-04-20 20:21:47,738] {gcs.py:263} INFO - Object raw/green_tripdata/2019/green_tripdata_2019-05.parquet in bucket dtc_data_lake_ny-rides-jenkins rewritten to object green/green_tripdata/2019/green_tripdata_2019-05.parquet in bucket dtc_data_lake_ny-rides-jenkins
[2022-04-20 20:21:47,810] {gcs.py:665} INFO - Blob raw/green_tripdata/2019/green_tripdata_2019-05.parquet deleted.
[2022-04-20 20:21:47,810] {gcs_to_gcs.py:428} INFO - Executing copy of gs://dtc_data_lake_ny-rides-jenkins/raw/green_tripdata/2019/green_tripdata_2019-09.parquet to gs://dtc_data_lake_ny-rides-jenkins/green/green_tripdata/2019/green_tripdata_2019-09.parquet
[2022-04-20 20:21:47,949] {gcs.py:250} INFO - Total Bytes: 9061268 | Bytes Written: 9061268
[2022-04-20 20:21:47,949] {gcs.py:263} INFO - Object raw/green_tripdata/2019/green_tripdata_2019-09.parquet in bucket dtc_data_lake_ny-rides-jenkins rewritten to object green/green_tripdata/2019/green_tripdata_2019-09.parquet in bucket dtc_data_lake_ny-rides-jenkins
[2022-04-20 20:21:48,031] {gcs.py:665} INFO - Blob raw/green_tripdata/2019/green_tripdata_2019-09.parquet deleted.
[2022-04-20 20:21:48,032] {gcs_to_gcs.py:428} INFO - Executing copy of gs://dtc_data_lake_ny-rides-jenkins/raw/green_tripdata/2019/green_tripdata_2019-08.parquet to gs://dtc_data_lake_ny-rides-jenkins/green/green_tripdata/2019/green_tripdata_2019-08.parquet
[2022-04-20 20:21:48,173] {gcs.py:250} INFO - Total Bytes: 8952873 | Bytes Written: 8952873
[2022-04-20 20:21:48,174] {gcs.py:263} INFO - Object raw/green_tripdata/2019/green_tripdata_2019-08.parquet in bucket dtc_data_lake_ny-rides-jenkins rewritten to object green/green_tripdata/2019/green_tripdata_2019-08.parquet in bucket dtc_data_lake_ny-rides-jenkins
[2022-04-20 20:21:48,243] {gcs.py:665} INFO - Blob raw/green_tripdata/2019/green_tripdata_2019-08.parquet deleted.
[2022-04-20 20:21:48,244] {gcs_to_gcs.py:428} INFO - Executing copy of gs://dtc_data_lake_ny-rides-jenkins/raw/green_tripdata/2021/green_tripdata_2021-03.parquet to gs://dtc_data_lake_ny-rides-jenkins/green/green_tripdata/2021/green_tripdata_2021-03.parquet
[2022-04-20 20:21:48,371] {gcs.py:250} INFO - Total Bytes: 1819177 | Bytes Written: 1819177
[2022-04-20 20:21:48,371] {gcs.py:263} INFO - Object raw/green_tripdata/2021/green_tripdata_2021-03.parquet in bucket dtc_data_lake_ny-rides-jenkins rewritten to object green/green_tripdata/2021/green_tripdata_2021-03.parquet in bucket dtc_data_lake_ny-rides-jenkins
[2022-04-20 20:21:48,443] {gcs.py:665} INFO - Blob raw/green_tripdata/2021/green_tripdata_2021-03.parquet deleted.
[2022-04-20 20:21:48,444] {gcs_to_gcs.py:428} INFO - Executing copy of gs://dtc_data_lake_ny-rides-jenkins/raw/green_tripdata/2020/green_tripdata_2020-04.parquet to gs://dtc_data_lake_ny-rides-jenkins/green/green_tripdata/2020/green_tripdata_2020-04.parquet
[2022-04-20 20:21:48,565] {gcs.py:250} INFO - Total Bytes: 885639 | Bytes Written: 885639
[2022-04-20 20:21:48,565] {gcs.py:263} INFO - Object raw/green_tripdata/2020/green_tripdata_2020-04.parquet in bucket dtc_data_lake_ny-rides-jenkins rewritten to object green/green_tripdata/2020/green_tripdata_2020-04.parquet in bucket dtc_data_lake_ny-rides-jenkins
[2022-04-20 20:21:48,647] {gcs.py:665} INFO - Blob raw/green_tripdata/2020/green_tripdata_2020-04.parquet deleted.
[2022-04-20 20:21:48,647] {gcs_to_gcs.py:428} INFO - Executing copy of gs://dtc_data_lake_ny-rides-jenkins/raw/green_tripdata/2019/green_tripdata_2019-02.parquet to gs://dtc_data_lake_ny-rides-jenkins/green/green_tripdata/2019/green_tripdata_2019-02.parquet
[2022-04-20 20:21:48,774] {gcs.py:250} INFO - Total Bytes: 11658263 | Bytes Written: 11658263
[2022-04-20 20:21:48,774] {gcs.py:263} INFO - Object raw/green_tripdata/2019/green_tripdata_2019-02.parquet in bucket dtc_data_lake_ny-rides-jenkins rewritten to object green/green_tripdata/2019/green_tripdata_2019-02.parquet in bucket dtc_data_lake_ny-rides-jenkins
[2022-04-20 20:21:48,855] {gcs.py:665} INFO - Blob raw/green_tripdata/2019/green_tripdata_2019-02.parquet deleted.
[2022-04-20 20:21:48,855] {gcs_to_gcs.py:428} INFO - Executing copy of gs://dtc_data_lake_ny-rides-jenkins/raw/green_tripdata/2020/green_tripdata_2020-05.parquet to gs://dtc_data_lake_ny-rides-jenkins/green/green_tripdata/2020/green_tripdata_2020-05.parquet
[2022-04-20 20:21:48,966] {gcs.py:250} INFO - Total Bytes: 1345962 | Bytes Written: 1345962
[2022-04-20 20:21:48,966] {gcs.py:263} INFO - Object raw/green_tripdata/2020/green_tripdata_2020-05.parquet in bucket dtc_data_lake_ny-rides-jenkins rewritten to object green/green_tripdata/2020/green_tripdata_2020-05.parquet in bucket dtc_data_lake_ny-rides-jenkins
[2022-04-20 20:21:49,045] {gcs.py:665} INFO - Blob raw/green_tripdata/2020/green_tripdata_2020-05.parquet deleted.
[2022-04-20 20:21:49,046] {gcs_to_gcs.py:428} INFO - Executing copy of gs://dtc_data_lake_ny-rides-jenkins/raw/green_tripdata/2020/green_tripdata_2020-01.parquet to gs://dtc_data_lake_ny-rides-jenkins/green/green_tripdata/2020/green_tripdata_2020-01.parquet
[2022-04-20 20:21:49,165] {gcs.py:250} INFO - Total Bytes: 8617730 | Bytes Written: 8617730
[2022-04-20 20:21:49,165] {gcs.py:263} INFO - Object raw/green_tripdata/2020/green_tripdata_2020-01.parquet in bucket dtc_data_lake_ny-rides-jenkins rewritten to object green/green_tripdata/2020/green_tripdata_2020-01.parquet in bucket dtc_data_lake_ny-rides-jenkins
[2022-04-20 20:21:49,250] {gcs.py:665} INFO - Blob raw/green_tripdata/2020/green_tripdata_2020-01.parquet deleted.
[2022-04-20 20:21:49,250] {gcs_to_gcs.py:428} INFO - Executing copy of gs://dtc_data_lake_ny-rides-jenkins/raw/green_tripdata/2020/green_tripdata_2020-03.parquet to gs://dtc_data_lake_ny-rides-jenkins/green/green_tripdata/2020/green_tripdata_2020-03.parquet
[2022-04-20 20:21:49,373] {gcs.py:250} INFO - Total Bytes: 4771175 | Bytes Written: 4771175
[2022-04-20 20:21:49,373] {gcs.py:263} INFO - Object raw/green_tripdata/2020/green_tripdata_2020-03.parquet in bucket dtc_data_lake_ny-rides-jenkins rewritten to object green/green_tripdata/2020/green_tripdata_2020-03.parquet in bucket dtc_data_lake_ny-rides-jenkins
[2022-04-20 20:21:49,460] {gcs.py:665} INFO - Blob raw/green_tripdata/2020/green_tripdata_2020-03.parquet deleted.
[2022-04-20 20:21:49,460] {gcs_to_gcs.py:428} INFO - Executing copy of gs://dtc_data_lake_ny-rides-jenkins/raw/green_tripdata/2021/green_tripdata_2021-04.parquet to gs://dtc_data_lake_ny-rides-jenkins/green/green_tripdata/2021/green_tripdata_2021-04.parquet
[2022-04-20 20:21:49,588] {gcs.py:250} INFO - Total Bytes: 1889632 | Bytes Written: 1889632
[2022-04-20 20:21:49,589] {gcs.py:263} INFO - Object raw/green_tripdata/2021/green_tripdata_2021-04.parquet in bucket dtc_data_lake_ny-rides-jenkins rewritten to object green/green_tripdata/2021/green_tripdata_2021-04.parquet in bucket dtc_data_lake_ny-rides-jenkins
[2022-04-20 20:21:49,664] {gcs.py:665} INFO - Blob raw/green_tripdata/2021/green_tripdata_2021-04.parquet deleted.
[2022-04-20 20:21:49,664] {gcs_to_gcs.py:428} INFO - Executing copy of gs://dtc_data_lake_ny-rides-jenkins/raw/green_tripdata/2021/green_tripdata_2021-05.parquet to gs://dtc_data_lake_ny-rides-jenkins/green/green_tripdata/2021/green_tripdata_2021-05.parquet
[2022-04-20 20:21:49,790] {gcs.py:250} INFO - Total Bytes: 1991301 | Bytes Written: 1991301
[2022-04-20 20:21:49,790] {gcs.py:263} INFO - Object raw/green_tripdata/2021/green_tripdata_2021-05.parquet in bucket dtc_data_lake_ny-rides-jenkins rewritten to object green/green_tripdata/2021/green_tripdata_2021-05.parquet in bucket dtc_data_lake_ny-rides-jenkins
[2022-04-20 20:21:49,861] {gcs.py:665} INFO - Blob raw/green_tripdata/2021/green_tripdata_2021-05.parquet deleted.
[2022-04-20 20:21:49,861] {gcs_to_gcs.py:428} INFO - Executing copy of gs://dtc_data_lake_ny-rides-jenkins/raw/green_tripdata/2019/green_tripdata_2019-10.parquet to gs://dtc_data_lake_ny-rides-jenkins/green/green_tripdata/2019/green_tripdata_2019-10.parquet
[2022-04-20 20:21:49,989] {gcs.py:250} INFO - Total Bytes: 9316470 | Bytes Written: 9316470
[2022-04-20 20:21:49,989] {gcs.py:263} INFO - Object raw/green_tripdata/2019/green_tripdata_2019-10.parquet in bucket dtc_data_lake_ny-rides-jenkins rewritten to object green/green_tripdata/2019/green_tripdata_2019-10.parquet in bucket dtc_data_lake_ny-rides-jenkins
[2022-04-20 20:21:50,062] {gcs.py:665} INFO - Blob raw/green_tripdata/2019/green_tripdata_2019-10.parquet deleted.
[2022-04-20 20:21:50,062] {gcs_to_gcs.py:428} INFO - Executing copy of gs://dtc_data_lake_ny-rides-jenkins/raw/green_tripdata/2021/green_tripdata_2021-07.parquet to gs://dtc_data_lake_ny-rides-jenkins/green/green_tripdata/2021/green_tripdata_2021-07.parquet
[2022-04-20 20:21:50,178] {gcs.py:250} INFO - Total Bytes: 1942383 | Bytes Written: 1942383
[2022-04-20 20:21:50,178] {gcs.py:263} INFO - Object raw/green_tripdata/2021/green_tripdata_2021-07.parquet in bucket dtc_data_lake_ny-rides-jenkins rewritten to object green/green_tripdata/2021/green_tripdata_2021-07.parquet in bucket dtc_data_lake_ny-rides-jenkins
[2022-04-20 20:21:50,256] {gcs.py:665} INFO - Blob raw/green_tripdata/2021/green_tripdata_2021-07.parquet deleted.
[2022-04-20 20:21:50,257] {gcs_to_gcs.py:428} INFO - Executing copy of gs://dtc_data_lake_ny-rides-jenkins/raw/green_tripdata/2020/green_tripdata_2020-11.parquet to gs://dtc_data_lake_ny-rides-jenkins/green/green_tripdata/2020/green_tripdata_2020-11.parquet
[2022-04-20 20:21:50,515] {gcs.py:250} INFO - Total Bytes: 1944132 | Bytes Written: 1944132
[2022-04-20 20:21:50,516] {gcs.py:263} INFO - Object raw/green_tripdata/2020/green_tripdata_2020-11.parquet in bucket dtc_data_lake_ny-rides-jenkins rewritten to object green/green_tripdata/2020/green_tripdata_2020-11.parquet in bucket dtc_data_lake_ny-rides-jenkins
[2022-04-20 20:21:50,592] {gcs.py:665} INFO - Blob raw/green_tripdata/2020/green_tripdata_2020-11.parquet deleted.
[2022-04-20 20:21:50,592] {gcs_to_gcs.py:428} INFO - Executing copy of gs://dtc_data_lake_ny-rides-jenkins/raw/green_tripdata/2020/green_tripdata_2020-06.parquet to gs://dtc_data_lake_ny-rides-jenkins/green/green_tripdata/2020/green_tripdata_2020-06.parquet
[2022-04-20 20:21:50,726] {gcs.py:250} INFO - Total Bytes: 1485408 | Bytes Written: 1485408
[2022-04-20 20:21:50,726] {gcs.py:263} INFO - Object raw/green_tripdata/2020/green_tripdata_2020-06.parquet in bucket dtc_data_lake_ny-rides-jenkins rewritten to object green/green_tripdata/2020/green_tripdata_2020-06.parquet in bucket dtc_data_lake_ny-rides-jenkins
[2022-04-20 20:21:50,810] {gcs.py:665} INFO - Blob raw/green_tripdata/2020/green_tripdata_2020-06.parquet deleted.
[2022-04-20 20:21:50,810] {gcs_to_gcs.py:428} INFO - Executing copy of gs://dtc_data_lake_ny-rides-jenkins/raw/green_tripdata/2019/green_tripdata_2019-12.parquet to gs://dtc_data_lake_ny-rides-jenkins/green/green_tripdata/2019/green_tripdata_2019-12.parquet
[2022-04-20 20:21:50,939] {gcs.py:250} INFO - Total Bytes: 8887390 | Bytes Written: 8887390
[2022-04-20 20:21:50,939] {gcs.py:263} INFO - Object raw/green_tripdata/2019/green_tripdata_2019-12.parquet in bucket dtc_data_lake_ny-rides-jenkins rewritten to object green/green_tripdata/2019/green_tripdata_2019-12.parquet in bucket dtc_data_lake_ny-rides-jenkins
[2022-04-20 20:21:51,035] {gcs.py:665} INFO - Blob raw/green_tripdata/2019/green_tripdata_2019-12.parquet deleted.
[2022-04-20 20:21:51,035] {gcs_to_gcs.py:428} INFO - Executing copy of gs://dtc_data_lake_ny-rides-jenkins/raw/green_tripdata/2020/green_tripdata_2020-08.parquet to gs://dtc_data_lake_ny-rides-jenkins/green/green_tripdata/2020/green_tripdata_2020-08.parquet
[2022-04-20 20:21:51,164] {gcs.py:250} INFO - Total Bytes: 1817417 | Bytes Written: 1817417
[2022-04-20 20:21:51,164] {gcs.py:263} INFO - Object raw/green_tripdata/2020/green_tripdata_2020-08.parquet in bucket dtc_data_lake_ny-rides-jenkins rewritten to object green/green_tripdata/2020/green_tripdata_2020-08.parquet in bucket dtc_data_lake_ny-rides-jenkins
[2022-04-20 20:21:51,245] {gcs.py:665} INFO - Blob raw/green_tripdata/2020/green_tripdata_2020-08.parquet deleted.
[2022-04-20 20:21:51,251] {taskinstance.py:1288} INFO - Marking task as SUCCESS. dag_id=gcs_2_bq_dag, task_id=move_green_tripdata_files_task, execution_date=20220419T000000, start_date=20220420T202144, end_date=20220420T202151
[2022-04-20 20:21:51,273] {local_task_job.py:154} INFO - Task exited with return code 0
[2022-04-20 20:21:51,290] {local_task_job.py:264} INFO - 1 downstream tasks scheduled from follow-on schedule check
