[2022-04-20 20:52:31,003] {taskinstance.py:1043} INFO - Dependencies all met for <TaskInstance: gcs_2_bq_dag.move_green_tripdata_files_task scheduled__2022-04-19T00:00:00+00:00 [queued]>
[2022-04-20 20:52:31,008] {taskinstance.py:1043} INFO - Dependencies all met for <TaskInstance: gcs_2_bq_dag.move_green_tripdata_files_task scheduled__2022-04-19T00:00:00+00:00 [queued]>
[2022-04-20 20:52:31,008] {taskinstance.py:1249} INFO - 
--------------------------------------------------------------------------------
[2022-04-20 20:52:31,008] {taskinstance.py:1250} INFO - Starting attempt 4 of 5
[2022-04-20 20:52:31,008] {taskinstance.py:1251} INFO - 
--------------------------------------------------------------------------------
[2022-04-20 20:52:31,015] {taskinstance.py:1270} INFO - Executing <Task(GCSToGCSOperator): move_green_tripdata_files_task> on 2022-04-19 00:00:00+00:00
[2022-04-20 20:52:31,018] {standard_task_runner.py:52} INFO - Started process 1944 to run task
[2022-04-20 20:52:31,019] {standard_task_runner.py:79} INFO - Running: ['***', 'tasks', 'run', 'gcs_2_bq_dag', 'move_green_tripdata_files_task', 'scheduled__2022-04-19T00:00:00+00:00', '--job-id', '752', '--raw', '--subdir', 'DAGS_FOLDER/gcs_to_bq_dag.py', '--cfg-path', '/tmp/tmpd7zy2hu9', '--error-file', '/tmp/tmpfj8_a0b8']
[2022-04-20 20:52:31,019] {standard_task_runner.py:80} INFO - Job 752: Subtask move_green_tripdata_files_task
[2022-04-20 20:52:31,042] {logging_mixin.py:109} INFO - Running <TaskInstance: gcs_2_bq_dag.move_green_tripdata_files_task scheduled__2022-04-19T00:00:00+00:00 [running]> on host 5a0aea9ec23a
[2022-04-20 20:52:31,065] {taskinstance.py:1448} INFO - Exporting the following env vars:
AIRFLOW_CTX_DAG_OWNER=***
AIRFLOW_CTX_DAG_ID=gcs_2_bq_dag
AIRFLOW_CTX_TASK_ID=move_green_tripdata_files_task
AIRFLOW_CTX_EXECUTION_DATE=2022-04-19T00:00:00+00:00
AIRFLOW_CTX_DAG_RUN_ID=scheduled__2022-04-19T00:00:00+00:00
[2022-04-20 20:52:31,066] {crypto.py:82} WARNING - empty cryptography key - values will not be stored encrypted.
[2022-04-20 20:52:31,066] {gcs_to_gcs.py:343} INFO - Delimiter ignored because wildcard is in prefix
[2022-04-20 20:52:31,353] {gcs_to_gcs.py:428} INFO - Executing copy of gs://dtc_data_lake_ny-rides-jenkins/raw/green_tripdata/2021/green_tripdata_2021-07.parquet to gs://dtc_data_lake_ny-rides-jenkins/green/green_tripdata/2021/green_tripdata_2021-07.parquet
[2022-04-20 20:52:31,555] {gcs.py:250} INFO - Total Bytes: 1942383 | Bytes Written: 1942383
[2022-04-20 20:52:31,555] {gcs.py:263} INFO - Object raw/green_tripdata/2021/green_tripdata_2021-07.parquet in bucket dtc_data_lake_ny-rides-jenkins rewritten to object green/green_tripdata/2021/green_tripdata_2021-07.parquet in bucket dtc_data_lake_ny-rides-jenkins
[2022-04-20 20:52:31,633] {gcs.py:665} INFO - Blob raw/green_tripdata/2021/green_tripdata_2021-07.parquet deleted.
[2022-04-20 20:52:31,633] {gcs_to_gcs.py:428} INFO - Executing copy of gs://dtc_data_lake_ny-rides-jenkins/raw/green_tripdata/2019/green_tripdata_2019-04.parquet to gs://dtc_data_lake_ny-rides-jenkins/green/green_tripdata/2019/green_tripdata_2019-04.parquet
[2022-04-20 20:52:31,818] {gcs.py:250} INFO - Total Bytes: 10368298 | Bytes Written: 10368298
[2022-04-20 20:52:31,819] {gcs.py:263} INFO - Object raw/green_tripdata/2019/green_tripdata_2019-04.parquet in bucket dtc_data_lake_ny-rides-jenkins rewritten to object green/green_tripdata/2019/green_tripdata_2019-04.parquet in bucket dtc_data_lake_ny-rides-jenkins
[2022-04-20 20:52:31,887] {gcs.py:665} INFO - Blob raw/green_tripdata/2019/green_tripdata_2019-04.parquet deleted.
[2022-04-20 20:52:31,888] {gcs_to_gcs.py:428} INFO - Executing copy of gs://dtc_data_lake_ny-rides-jenkins/raw/green_tripdata/2019/green_tripdata_2019-08.parquet to gs://dtc_data_lake_ny-rides-jenkins/green/green_tripdata/2019/green_tripdata_2019-08.parquet
[2022-04-20 20:52:32,018] {gcs.py:250} INFO - Total Bytes: 8952873 | Bytes Written: 8952873
[2022-04-20 20:52:32,018] {gcs.py:263} INFO - Object raw/green_tripdata/2019/green_tripdata_2019-08.parquet in bucket dtc_data_lake_ny-rides-jenkins rewritten to object green/green_tripdata/2019/green_tripdata_2019-08.parquet in bucket dtc_data_lake_ny-rides-jenkins
[2022-04-20 20:52:32,092] {gcs.py:665} INFO - Blob raw/green_tripdata/2019/green_tripdata_2019-08.parquet deleted.
[2022-04-20 20:52:32,092] {gcs_to_gcs.py:428} INFO - Executing copy of gs://dtc_data_lake_ny-rides-jenkins/raw/green_tripdata/2021/green_tripdata_2021-02.parquet to gs://dtc_data_lake_ny-rides-jenkins/green/green_tripdata/2021/green_tripdata_2021-02.parquet
[2022-04-20 20:52:32,220] {gcs.py:250} INFO - Total Bytes: 1417244 | Bytes Written: 1417244
[2022-04-20 20:52:32,220] {gcs.py:263} INFO - Object raw/green_tripdata/2021/green_tripdata_2021-02.parquet in bucket dtc_data_lake_ny-rides-jenkins rewritten to object green/green_tripdata/2021/green_tripdata_2021-02.parquet in bucket dtc_data_lake_ny-rides-jenkins
[2022-04-20 20:52:32,294] {gcs.py:665} INFO - Blob raw/green_tripdata/2021/green_tripdata_2021-02.parquet deleted.
[2022-04-20 20:52:32,294] {gcs_to_gcs.py:428} INFO - Executing copy of gs://dtc_data_lake_ny-rides-jenkins/raw/green_tripdata/2019/green_tripdata_2019-07.parquet to gs://dtc_data_lake_ny-rides-jenkins/green/green_tripdata/2019/green_tripdata_2019-07.parquet
[2022-04-20 20:52:32,429] {gcs.py:250} INFO - Total Bytes: 9384299 | Bytes Written: 9384299
[2022-04-20 20:52:32,429] {gcs.py:263} INFO - Object raw/green_tripdata/2019/green_tripdata_2019-07.parquet in bucket dtc_data_lake_ny-rides-jenkins rewritten to object green/green_tripdata/2019/green_tripdata_2019-07.parquet in bucket dtc_data_lake_ny-rides-jenkins
[2022-04-20 20:52:32,509] {gcs.py:665} INFO - Blob raw/green_tripdata/2019/green_tripdata_2019-07.parquet deleted.
[2022-04-20 20:52:32,509] {gcs_to_gcs.py:428} INFO - Executing copy of gs://dtc_data_lake_ny-rides-jenkins/raw/green_tripdata/2020/green_tripdata_2020-08.parquet to gs://dtc_data_lake_ny-rides-jenkins/green/green_tripdata/2020/green_tripdata_2020-08.parquet
[2022-04-20 20:52:32,641] {gcs.py:250} INFO - Total Bytes: 1817417 | Bytes Written: 1817417
[2022-04-20 20:52:32,641] {gcs.py:263} INFO - Object raw/green_tripdata/2020/green_tripdata_2020-08.parquet in bucket dtc_data_lake_ny-rides-jenkins rewritten to object green/green_tripdata/2020/green_tripdata_2020-08.parquet in bucket dtc_data_lake_ny-rides-jenkins
[2022-04-20 20:52:32,729] {gcs.py:665} INFO - Blob raw/green_tripdata/2020/green_tripdata_2020-08.parquet deleted.
[2022-04-20 20:52:32,730] {gcs_to_gcs.py:428} INFO - Executing copy of gs://dtc_data_lake_ny-rides-jenkins/raw/green_tripdata/2020/green_tripdata_2020-02.parquet to gs://dtc_data_lake_ny-rides-jenkins/green/green_tripdata/2020/green_tripdata_2020-02.parquet
[2022-04-20 20:52:32,854] {gcs.py:250} INFO - Total Bytes: 7901264 | Bytes Written: 7901264
[2022-04-20 20:52:32,854] {gcs.py:263} INFO - Object raw/green_tripdata/2020/green_tripdata_2020-02.parquet in bucket dtc_data_lake_ny-rides-jenkins rewritten to object green/green_tripdata/2020/green_tripdata_2020-02.parquet in bucket dtc_data_lake_ny-rides-jenkins
[2022-04-20 20:52:32,924] {gcs.py:665} INFO - Blob raw/green_tripdata/2020/green_tripdata_2020-02.parquet deleted.
[2022-04-20 20:52:32,925] {gcs_to_gcs.py:428} INFO - Executing copy of gs://dtc_data_lake_ny-rides-jenkins/raw/green_tripdata/2021/green_tripdata_2021-03.parquet to gs://dtc_data_lake_ny-rides-jenkins/green/green_tripdata/2021/green_tripdata_2021-03.parquet
[2022-04-20 20:52:33,045] {gcs.py:250} INFO - Total Bytes: 1819177 | Bytes Written: 1819177
[2022-04-20 20:52:33,046] {gcs.py:263} INFO - Object raw/green_tripdata/2021/green_tripdata_2021-03.parquet in bucket dtc_data_lake_ny-rides-jenkins rewritten to object green/green_tripdata/2021/green_tripdata_2021-03.parquet in bucket dtc_data_lake_ny-rides-jenkins
[2022-04-20 20:52:33,125] {gcs.py:665} INFO - Blob raw/green_tripdata/2021/green_tripdata_2021-03.parquet deleted.
[2022-04-20 20:52:33,125] {gcs_to_gcs.py:428} INFO - Executing copy of gs://dtc_data_lake_ny-rides-jenkins/raw/green_tripdata/2019/green_tripdata_2019-05.parquet to gs://dtc_data_lake_ny-rides-jenkins/green/green_tripdata/2019/green_tripdata_2019-05.parquet
[2022-04-20 20:52:33,256] {gcs.py:250} INFO - Total Bytes: 10035404 | Bytes Written: 10035404
[2022-04-20 20:52:33,256] {gcs.py:263} INFO - Object raw/green_tripdata/2019/green_tripdata_2019-05.parquet in bucket dtc_data_lake_ny-rides-jenkins rewritten to object green/green_tripdata/2019/green_tripdata_2019-05.parquet in bucket dtc_data_lake_ny-rides-jenkins
[2022-04-20 20:52:33,328] {gcs.py:665} INFO - Blob raw/green_tripdata/2019/green_tripdata_2019-05.parquet deleted.
[2022-04-20 20:52:33,328] {gcs_to_gcs.py:428} INFO - Executing copy of gs://dtc_data_lake_ny-rides-jenkins/raw/green_tripdata/2019/green_tripdata_2019-03.parquet to gs://dtc_data_lake_ny-rides-jenkins/green/green_tripdata/2019/green_tripdata_2019-03.parquet
[2022-04-20 20:52:33,447] {gcs.py:250} INFO - Total Bytes: 12164777 | Bytes Written: 12164777
[2022-04-20 20:52:33,447] {gcs.py:263} INFO - Object raw/green_tripdata/2019/green_tripdata_2019-03.parquet in bucket dtc_data_lake_ny-rides-jenkins rewritten to object green/green_tripdata/2019/green_tripdata_2019-03.parquet in bucket dtc_data_lake_ny-rides-jenkins
[2022-04-20 20:52:33,522] {gcs.py:665} INFO - Blob raw/green_tripdata/2019/green_tripdata_2019-03.parquet deleted.
[2022-04-20 20:52:33,522] {gcs_to_gcs.py:428} INFO - Executing copy of gs://dtc_data_lake_ny-rides-jenkins/raw/green_tripdata/2019/green_tripdata_2019-11.parquet to gs://dtc_data_lake_ny-rides-jenkins/green/green_tripdata/2019/green_tripdata_2019-11.parquet
[2022-04-20 20:52:33,639] {gcs.py:250} INFO - Total Bytes: 8963547 | Bytes Written: 8963547
[2022-04-20 20:52:33,640] {gcs.py:263} INFO - Object raw/green_tripdata/2019/green_tripdata_2019-11.parquet in bucket dtc_data_lake_ny-rides-jenkins rewritten to object green/green_tripdata/2019/green_tripdata_2019-11.parquet in bucket dtc_data_lake_ny-rides-jenkins
[2022-04-20 20:52:33,709] {gcs.py:665} INFO - Blob raw/green_tripdata/2019/green_tripdata_2019-11.parquet deleted.
[2022-04-20 20:52:33,709] {gcs_to_gcs.py:428} INFO - Executing copy of gs://dtc_data_lake_ny-rides-jenkins/raw/green_tripdata/2019/green_tripdata_2019-09.parquet to gs://dtc_data_lake_ny-rides-jenkins/green/green_tripdata/2019/green_tripdata_2019-09.parquet
[2022-04-20 20:52:33,830] {gcs.py:250} INFO - Total Bytes: 9061268 | Bytes Written: 9061268
[2022-04-20 20:52:33,831] {gcs.py:263} INFO - Object raw/green_tripdata/2019/green_tripdata_2019-09.parquet in bucket dtc_data_lake_ny-rides-jenkins rewritten to object green/green_tripdata/2019/green_tripdata_2019-09.parquet in bucket dtc_data_lake_ny-rides-jenkins
[2022-04-20 20:52:33,904] {gcs.py:665} INFO - Blob raw/green_tripdata/2019/green_tripdata_2019-09.parquet deleted.
[2022-04-20 20:52:33,904] {gcs_to_gcs.py:428} INFO - Executing copy of gs://dtc_data_lake_ny-rides-jenkins/raw/green_tripdata/2020/green_tripdata_2020-04.parquet to gs://dtc_data_lake_ny-rides-jenkins/green/green_tripdata/2020/green_tripdata_2020-04.parquet
[2022-04-20 20:52:34,033] {gcs.py:250} INFO - Total Bytes: 885639 | Bytes Written: 885639
[2022-04-20 20:52:34,033] {gcs.py:263} INFO - Object raw/green_tripdata/2020/green_tripdata_2020-04.parquet in bucket dtc_data_lake_ny-rides-jenkins rewritten to object green/green_tripdata/2020/green_tripdata_2020-04.parquet in bucket dtc_data_lake_ny-rides-jenkins
[2022-04-20 20:52:34,104] {gcs.py:665} INFO - Blob raw/green_tripdata/2020/green_tripdata_2020-04.parquet deleted.
[2022-04-20 20:52:34,104] {gcs_to_gcs.py:428} INFO - Executing copy of gs://dtc_data_lake_ny-rides-jenkins/raw/green_tripdata/2020/green_tripdata_2020-11.parquet to gs://dtc_data_lake_ny-rides-jenkins/green/green_tripdata/2020/green_tripdata_2020-11.parquet
[2022-04-20 20:52:34,256] {gcs.py:250} INFO - Total Bytes: 1944132 | Bytes Written: 1944132
[2022-04-20 20:52:34,256] {gcs.py:263} INFO - Object raw/green_tripdata/2020/green_tripdata_2020-11.parquet in bucket dtc_data_lake_ny-rides-jenkins rewritten to object green/green_tripdata/2020/green_tripdata_2020-11.parquet in bucket dtc_data_lake_ny-rides-jenkins
[2022-04-20 20:52:34,327] {gcs.py:665} INFO - Blob raw/green_tripdata/2020/green_tripdata_2020-11.parquet deleted.
[2022-04-20 20:52:34,327] {gcs_to_gcs.py:428} INFO - Executing copy of gs://dtc_data_lake_ny-rides-jenkins/raw/green_tripdata/2021/green_tripdata_2021-05.parquet to gs://dtc_data_lake_ny-rides-jenkins/green/green_tripdata/2021/green_tripdata_2021-05.parquet
[2022-04-20 20:52:34,451] {gcs.py:250} INFO - Total Bytes: 1991301 | Bytes Written: 1991301
[2022-04-20 20:52:34,452] {gcs.py:263} INFO - Object raw/green_tripdata/2021/green_tripdata_2021-05.parquet in bucket dtc_data_lake_ny-rides-jenkins rewritten to object green/green_tripdata/2021/green_tripdata_2021-05.parquet in bucket dtc_data_lake_ny-rides-jenkins
[2022-04-20 20:52:34,521] {gcs.py:665} INFO - Blob raw/green_tripdata/2021/green_tripdata_2021-05.parquet deleted.
[2022-04-20 20:52:34,521] {gcs_to_gcs.py:428} INFO - Executing copy of gs://dtc_data_lake_ny-rides-jenkins/raw/green_tripdata/2019/green_tripdata_2019-02.parquet to gs://dtc_data_lake_ny-rides-jenkins/green/green_tripdata/2019/green_tripdata_2019-02.parquet
[2022-04-20 20:52:34,661] {gcs.py:250} INFO - Total Bytes: 11658263 | Bytes Written: 11658263
[2022-04-20 20:52:34,661] {gcs.py:263} INFO - Object raw/green_tripdata/2019/green_tripdata_2019-02.parquet in bucket dtc_data_lake_ny-rides-jenkins rewritten to object green/green_tripdata/2019/green_tripdata_2019-02.parquet in bucket dtc_data_lake_ny-rides-jenkins
[2022-04-20 20:52:34,731] {gcs.py:665} INFO - Blob raw/green_tripdata/2019/green_tripdata_2019-02.parquet deleted.
[2022-04-20 20:52:34,731] {gcs_to_gcs.py:428} INFO - Executing copy of gs://dtc_data_lake_ny-rides-jenkins/raw/green_tripdata/2019/green_tripdata_2019-06.parquet to gs://dtc_data_lake_ny-rides-jenkins/green/green_tripdata/2019/green_tripdata_2019-06.parquet
[2022-04-20 20:52:34,834] {gcs.py:250} INFO - Total Bytes: 9391174 | Bytes Written: 9391174
[2022-04-20 20:52:34,834] {gcs.py:263} INFO - Object raw/green_tripdata/2019/green_tripdata_2019-06.parquet in bucket dtc_data_lake_ny-rides-jenkins rewritten to object green/green_tripdata/2019/green_tripdata_2019-06.parquet in bucket dtc_data_lake_ny-rides-jenkins
[2022-04-20 20:52:34,914] {gcs.py:665} INFO - Blob raw/green_tripdata/2019/green_tripdata_2019-06.parquet deleted.
[2022-04-20 20:52:34,914] {gcs_to_gcs.py:428} INFO - Executing copy of gs://dtc_data_lake_ny-rides-jenkins/raw/green_tripdata/2020/green_tripdata_2020-10.parquet to gs://dtc_data_lake_ny-rides-jenkins/green/green_tripdata/2020/green_tripdata_2020-10.parquet
[2022-04-20 20:52:35,026] {gcs.py:250} INFO - Total Bytes: 2079418 | Bytes Written: 2079418
[2022-04-20 20:52:35,027] {gcs.py:263} INFO - Object raw/green_tripdata/2020/green_tripdata_2020-10.parquet in bucket dtc_data_lake_ny-rides-jenkins rewritten to object green/green_tripdata/2020/green_tripdata_2020-10.parquet in bucket dtc_data_lake_ny-rides-jenkins
[2022-04-20 20:52:35,097] {gcs.py:665} INFO - Blob raw/green_tripdata/2020/green_tripdata_2020-10.parquet deleted.
[2022-04-20 20:52:35,097] {gcs_to_gcs.py:428} INFO - Executing copy of gs://dtc_data_lake_ny-rides-jenkins/raw/green_tripdata/2021/green_tripdata_2021-06.parquet to gs://dtc_data_lake_ny-rides-jenkins/green/green_tripdata/2021/green_tripdata_2021-06.parquet
[2022-04-20 20:52:35,238] {gcs.py:250} INFO - Total Bytes: 2006987 | Bytes Written: 2006987
[2022-04-20 20:52:35,238] {gcs.py:263} INFO - Object raw/green_tripdata/2021/green_tripdata_2021-06.parquet in bucket dtc_data_lake_ny-rides-jenkins rewritten to object green/green_tripdata/2021/green_tripdata_2021-06.parquet in bucket dtc_data_lake_ny-rides-jenkins
[2022-04-20 20:52:35,312] {gcs.py:665} INFO - Blob raw/green_tripdata/2021/green_tripdata_2021-06.parquet deleted.
[2022-04-20 20:52:35,312] {gcs_to_gcs.py:428} INFO - Executing copy of gs://dtc_data_lake_ny-rides-jenkins/raw/green_tripdata/2019/green_tripdata_2019-12.parquet to gs://dtc_data_lake_ny-rides-jenkins/green/green_tripdata/2019/green_tripdata_2019-12.parquet
[2022-04-20 20:52:35,442] {gcs.py:250} INFO - Total Bytes: 8887390 | Bytes Written: 8887390
[2022-04-20 20:52:35,442] {gcs.py:263} INFO - Object raw/green_tripdata/2019/green_tripdata_2019-12.parquet in bucket dtc_data_lake_ny-rides-jenkins rewritten to object green/green_tripdata/2019/green_tripdata_2019-12.parquet in bucket dtc_data_lake_ny-rides-jenkins
[2022-04-20 20:52:35,508] {gcs.py:665} INFO - Blob raw/green_tripdata/2019/green_tripdata_2019-12.parquet deleted.
[2022-04-20 20:52:35,508] {gcs_to_gcs.py:428} INFO - Executing copy of gs://dtc_data_lake_ny-rides-jenkins/raw/green_tripdata/2019/green_tripdata_2019-10.parquet to gs://dtc_data_lake_ny-rides-jenkins/green/green_tripdata/2019/green_tripdata_2019-10.parquet
[2022-04-20 20:52:35,649] {gcs.py:250} INFO - Total Bytes: 9316470 | Bytes Written: 9316470
[2022-04-20 20:52:35,650] {gcs.py:263} INFO - Object raw/green_tripdata/2019/green_tripdata_2019-10.parquet in bucket dtc_data_lake_ny-rides-jenkins rewritten to object green/green_tripdata/2019/green_tripdata_2019-10.parquet in bucket dtc_data_lake_ny-rides-jenkins
[2022-04-20 20:52:35,721] {gcs.py:665} INFO - Blob raw/green_tripdata/2019/green_tripdata_2019-10.parquet deleted.
[2022-04-20 20:52:35,721] {gcs_to_gcs.py:428} INFO - Executing copy of gs://dtc_data_lake_ny-rides-jenkins/raw/green_tripdata/2020/green_tripdata_2020-07.parquet to gs://dtc_data_lake_ny-rides-jenkins/green/green_tripdata/2020/green_tripdata_2020-07.parquet
[2022-04-20 20:52:35,837] {gcs.py:250} INFO - Total Bytes: 1620410 | Bytes Written: 1620410
[2022-04-20 20:52:35,837] {gcs.py:263} INFO - Object raw/green_tripdata/2020/green_tripdata_2020-07.parquet in bucket dtc_data_lake_ny-rides-jenkins rewritten to object green/green_tripdata/2020/green_tripdata_2020-07.parquet in bucket dtc_data_lake_ny-rides-jenkins
[2022-04-20 20:52:35,907] {gcs.py:665} INFO - Blob raw/green_tripdata/2020/green_tripdata_2020-07.parquet deleted.
[2022-04-20 20:52:35,907] {gcs_to_gcs.py:428} INFO - Executing copy of gs://dtc_data_lake_ny-rides-jenkins/raw/green_tripdata/2020/green_tripdata_2020-03.parquet to gs://dtc_data_lake_ny-rides-jenkins/green/green_tripdata/2020/green_tripdata_2020-03.parquet
[2022-04-20 20:52:36,015] {gcs.py:250} INFO - Total Bytes: 4771175 | Bytes Written: 4771175
[2022-04-20 20:52:36,015] {gcs.py:263} INFO - Object raw/green_tripdata/2020/green_tripdata_2020-03.parquet in bucket dtc_data_lake_ny-rides-jenkins rewritten to object green/green_tripdata/2020/green_tripdata_2020-03.parquet in bucket dtc_data_lake_ny-rides-jenkins
[2022-04-20 20:52:36,081] {gcs.py:665} INFO - Blob raw/green_tripdata/2020/green_tripdata_2020-03.parquet deleted.
[2022-04-20 20:52:36,082] {gcs_to_gcs.py:428} INFO - Executing copy of gs://dtc_data_lake_ny-rides-jenkins/raw/green_tripdata/2020/green_tripdata_2020-05.parquet to gs://dtc_data_lake_ny-rides-jenkins/green/green_tripdata/2020/green_tripdata_2020-05.parquet
[2022-04-20 20:52:36,206] {gcs.py:250} INFO - Total Bytes: 1345962 | Bytes Written: 1345962
[2022-04-20 20:52:36,207] {gcs.py:263} INFO - Object raw/green_tripdata/2020/green_tripdata_2020-05.parquet in bucket dtc_data_lake_ny-rides-jenkins rewritten to object green/green_tripdata/2020/green_tripdata_2020-05.parquet in bucket dtc_data_lake_ny-rides-jenkins
[2022-04-20 20:52:36,276] {gcs.py:665} INFO - Blob raw/green_tripdata/2020/green_tripdata_2020-05.parquet deleted.
[2022-04-20 20:52:36,276] {gcs_to_gcs.py:428} INFO - Executing copy of gs://dtc_data_lake_ny-rides-jenkins/raw/green_tripdata/2020/green_tripdata_2020-12.parquet to gs://dtc_data_lake_ny-rides-jenkins/green/green_tripdata/2020/green_tripdata_2020-12.parquet
[2022-04-20 20:52:36,400] {gcs.py:250} INFO - Total Bytes: 1803609 | Bytes Written: 1803609
[2022-04-20 20:52:36,401] {gcs.py:263} INFO - Object raw/green_tripdata/2020/green_tripdata_2020-12.parquet in bucket dtc_data_lake_ny-rides-jenkins rewritten to object green/green_tripdata/2020/green_tripdata_2020-12.parquet in bucket dtc_data_lake_ny-rides-jenkins
[2022-04-20 20:52:36,484] {gcs.py:665} INFO - Blob raw/green_tripdata/2020/green_tripdata_2020-12.parquet deleted.
[2022-04-20 20:52:36,484] {gcs_to_gcs.py:428} INFO - Executing copy of gs://dtc_data_lake_ny-rides-jenkins/raw/green_tripdata/2021/green_tripdata_2021-04.parquet to gs://dtc_data_lake_ny-rides-jenkins/green/green_tripdata/2021/green_tripdata_2021-04.parquet
[2022-04-20 20:52:36,634] {gcs.py:250} INFO - Total Bytes: 1889632 | Bytes Written: 1889632
[2022-04-20 20:52:36,634] {gcs.py:263} INFO - Object raw/green_tripdata/2021/green_tripdata_2021-04.parquet in bucket dtc_data_lake_ny-rides-jenkins rewritten to object green/green_tripdata/2021/green_tripdata_2021-04.parquet in bucket dtc_data_lake_ny-rides-jenkins
[2022-04-20 20:52:36,700] {gcs.py:665} INFO - Blob raw/green_tripdata/2021/green_tripdata_2021-04.parquet deleted.
[2022-04-20 20:52:36,700] {gcs_to_gcs.py:428} INFO - Executing copy of gs://dtc_data_lake_ny-rides-jenkins/raw/green_tripdata/2021/green_tripdata_2021-01.parquet to gs://dtc_data_lake_ny-rides-jenkins/green/green_tripdata/2021/green_tripdata_2021-01.parquet
[2022-04-20 20:52:36,831] {gcs.py:250} INFO - Total Bytes: 1655172 | Bytes Written: 1655172
[2022-04-20 20:52:36,831] {gcs.py:263} INFO - Object raw/green_tripdata/2021/green_tripdata_2021-01.parquet in bucket dtc_data_lake_ny-rides-jenkins rewritten to object green/green_tripdata/2021/green_tripdata_2021-01.parquet in bucket dtc_data_lake_ny-rides-jenkins
[2022-04-20 20:52:36,902] {gcs.py:665} INFO - Blob raw/green_tripdata/2021/green_tripdata_2021-01.parquet deleted.
[2022-04-20 20:52:36,902] {gcs_to_gcs.py:428} INFO - Executing copy of gs://dtc_data_lake_ny-rides-jenkins/raw/green_tripdata/2019/green_tripdata_2019-01.parquet to gs://dtc_data_lake_ny-rides-jenkins/green/green_tripdata/2019/green_tripdata_2019-01.parquet
[2022-04-20 20:52:37,017] {gcs.py:250} INFO - Total Bytes: 12440449 | Bytes Written: 12440449
[2022-04-20 20:52:37,017] {gcs.py:263} INFO - Object raw/green_tripdata/2019/green_tripdata_2019-01.parquet in bucket dtc_data_lake_ny-rides-jenkins rewritten to object green/green_tripdata/2019/green_tripdata_2019-01.parquet in bucket dtc_data_lake_ny-rides-jenkins
[2022-04-20 20:52:37,085] {gcs.py:665} INFO - Blob raw/green_tripdata/2019/green_tripdata_2019-01.parquet deleted.
[2022-04-20 20:52:37,085] {gcs_to_gcs.py:428} INFO - Executing copy of gs://dtc_data_lake_ny-rides-jenkins/raw/green_tripdata/2020/green_tripdata_2020-09.parquet to gs://dtc_data_lake_ny-rides-jenkins/green/green_tripdata/2020/green_tripdata_2020-09.parquet
[2022-04-20 20:52:37,256] {gcs.py:250} INFO - Total Bytes: 1908711 | Bytes Written: 1908711
[2022-04-20 20:52:37,257] {gcs.py:263} INFO - Object raw/green_tripdata/2020/green_tripdata_2020-09.parquet in bucket dtc_data_lake_ny-rides-jenkins rewritten to object green/green_tripdata/2020/green_tripdata_2020-09.parquet in bucket dtc_data_lake_ny-rides-jenkins
[2022-04-20 20:52:37,331] {gcs.py:665} INFO - Blob raw/green_tripdata/2020/green_tripdata_2020-09.parquet deleted.
[2022-04-20 20:52:37,331] {gcs_to_gcs.py:428} INFO - Executing copy of gs://dtc_data_lake_ny-rides-jenkins/raw/green_tripdata/2020/green_tripdata_2020-01.parquet to gs://dtc_data_lake_ny-rides-jenkins/green/green_tripdata/2020/green_tripdata_2020-01.parquet
[2022-04-20 20:52:37,454] {gcs.py:250} INFO - Total Bytes: 8617730 | Bytes Written: 8617730
[2022-04-20 20:52:37,455] {gcs.py:263} INFO - Object raw/green_tripdata/2020/green_tripdata_2020-01.parquet in bucket dtc_data_lake_ny-rides-jenkins rewritten to object green/green_tripdata/2020/green_tripdata_2020-01.parquet in bucket dtc_data_lake_ny-rides-jenkins
[2022-04-20 20:52:37,523] {gcs.py:665} INFO - Blob raw/green_tripdata/2020/green_tripdata_2020-01.parquet deleted.
[2022-04-20 20:52:37,523] {gcs_to_gcs.py:428} INFO - Executing copy of gs://dtc_data_lake_ny-rides-jenkins/raw/green_tripdata/2020/green_tripdata_2020-06.parquet to gs://dtc_data_lake_ny-rides-jenkins/green/green_tripdata/2020/green_tripdata_2020-06.parquet
[2022-04-20 20:52:37,650] {gcs.py:250} INFO - Total Bytes: 1485408 | Bytes Written: 1485408
[2022-04-20 20:52:37,650] {gcs.py:263} INFO - Object raw/green_tripdata/2020/green_tripdata_2020-06.parquet in bucket dtc_data_lake_ny-rides-jenkins rewritten to object green/green_tripdata/2020/green_tripdata_2020-06.parquet in bucket dtc_data_lake_ny-rides-jenkins
[2022-04-20 20:52:37,735] {gcs.py:665} INFO - Blob raw/green_tripdata/2020/green_tripdata_2020-06.parquet deleted.
[2022-04-20 20:52:37,741] {taskinstance.py:1288} INFO - Marking task as SUCCESS. dag_id=gcs_2_bq_dag, task_id=move_green_tripdata_files_task, execution_date=20220419T000000, start_date=20220420T205231, end_date=20220420T205237
[2022-04-20 20:52:37,789] {local_task_job.py:154} INFO - Task exited with return code 0
[2022-04-20 20:52:37,807] {local_task_job.py:264} INFO - 1 downstream tasks scheduled from follow-on schedule check
