[2022-04-20 21:04:10,093] {taskinstance.py:1043} INFO - Dependencies all met for <TaskInstance: gcs_2_bq_dag.bq_create_green_tripdata_partitioned_table_task scheduled__2022-04-19T00:00:00+00:00 [queued]>
[2022-04-20 21:04:10,098] {taskinstance.py:1043} INFO - Dependencies all met for <TaskInstance: gcs_2_bq_dag.bq_create_green_tripdata_partitioned_table_task scheduled__2022-04-19T00:00:00+00:00 [queued]>
[2022-04-20 21:04:10,098] {taskinstance.py:1249} INFO - 
--------------------------------------------------------------------------------
[2022-04-20 21:04:10,098] {taskinstance.py:1250} INFO - Starting attempt 12 of 13
[2022-04-20 21:04:10,098] {taskinstance.py:1251} INFO - 
--------------------------------------------------------------------------------
[2022-04-20 21:04:10,105] {taskinstance.py:1270} INFO - Executing <Task(BigQueryInsertJobOperator): bq_create_green_tripdata_partitioned_table_task> on 2022-04-19 00:00:00+00:00
[2022-04-20 21:04:10,107] {standard_task_runner.py:52} INFO - Started process 2580 to run task
[2022-04-20 21:04:10,108] {standard_task_runner.py:79} INFO - Running: ['***', 'tasks', 'run', 'gcs_2_bq_dag', 'bq_create_green_tripdata_partitioned_table_task', 'scheduled__2022-04-19T00:00:00+00:00', '--job-id', '763', '--raw', '--subdir', 'DAGS_FOLDER/gcs_to_bq_dag.py', '--cfg-path', '/tmp/tmpymj06m8l', '--error-file', '/tmp/tmp0us7nubd']
[2022-04-20 21:04:10,109] {standard_task_runner.py:80} INFO - Job 763: Subtask bq_create_green_tripdata_partitioned_table_task
[2022-04-20 21:04:10,130] {logging_mixin.py:109} INFO - Running <TaskInstance: gcs_2_bq_dag.bq_create_green_tripdata_partitioned_table_task scheduled__2022-04-19T00:00:00+00:00 [running]> on host 5a0aea9ec23a
[2022-04-20 21:04:10,152] {taskinstance.py:1448} INFO - Exporting the following env vars:
AIRFLOW_CTX_DAG_OWNER=***
AIRFLOW_CTX_DAG_ID=gcs_2_bq_dag
AIRFLOW_CTX_TASK_ID=bq_create_green_tripdata_partitioned_table_task
AIRFLOW_CTX_EXECUTION_DATE=2022-04-19T00:00:00+00:00
AIRFLOW_CTX_DAG_RUN_ID=scheduled__2022-04-19T00:00:00+00:00
[2022-04-20 21:04:10,153] {crypto.py:82} WARNING - empty cryptography key - values will not be stored encrypted.
[2022-04-20 21:04:10,154] {warnings.py:110} WARNING - /home/***/.local/lib/python3.7/site-packages/***/utils/context.py:156: AirflowContextDeprecationWarning: Accessing 'execution_date' from the template is deprecated and will be removed in a future version. Please use 'data_interval_start' or 'logical_date' instead.
  warnings.warn(_create_deprecation_warning(key, self._deprecation_replacements[key]))

[2022-04-20 21:04:10,158] {bigquery.py:1554} INFO - Inserting job ***_gcs_2_bq_dag_bq_create_green_tripdata_partitioned_table_task_2022_04_19T00_00_00_00_00_815972aee12ce0be6903be62477d1a2c
[2022-04-20 21:04:25,797] {taskinstance.py:1288} INFO - Marking task as SUCCESS. dag_id=gcs_2_bq_dag, task_id=bq_create_green_tripdata_partitioned_table_task, execution_date=20220419T000000, start_date=20220420T210410, end_date=20220420T210425
[2022-04-20 21:04:25,828] {local_task_job.py:154} INFO - Task exited with return code 0
[2022-04-20 21:04:25,841] {local_task_job.py:264} INFO - 0 downstream tasks scheduled from follow-on schedule check
