[2022-04-20 00:21:25,718] {taskinstance.py:1043} INFO - Dependencies all met for <TaskInstance: data_ingestion_gcs_dag.gcs_to_gcs_task manual__2022-04-20T00:20:46.679238+00:00 [queued]>
[2022-04-20 00:21:25,723] {taskinstance.py:1043} INFO - Dependencies all met for <TaskInstance: data_ingestion_gcs_dag.gcs_to_gcs_task manual__2022-04-20T00:20:46.679238+00:00 [queued]>
[2022-04-20 00:21:25,723] {taskinstance.py:1249} INFO - 
--------------------------------------------------------------------------------
[2022-04-20 00:21:25,724] {taskinstance.py:1250} INFO - Starting attempt 1 of 2
[2022-04-20 00:21:25,724] {taskinstance.py:1251} INFO - 
--------------------------------------------------------------------------------
[2022-04-20 00:21:25,731] {taskinstance.py:1270} INFO - Executing <Task(GCSToGCSOperator): gcs_to_gcs_task> on 2022-04-20 00:20:46.679238+00:00
[2022-04-20 00:21:25,734] {standard_task_runner.py:52} INFO - Started process 1909 to run task
[2022-04-20 00:21:25,735] {standard_task_runner.py:79} INFO - Running: ['***', 'tasks', 'run', 'data_ingestion_gcs_dag', 'gcs_to_gcs_task', 'manual__2022-04-20T00:20:46.679238+00:00', '--job-id', '348', '--raw', '--subdir', 'DAGS_FOLDER/gcs_to_bq_dag.py', '--cfg-path', '/tmp/tmpilpfllpt', '--error-file', '/tmp/tmpjtcys1o9']
[2022-04-20 00:21:25,735] {standard_task_runner.py:80} INFO - Job 348: Subtask gcs_to_gcs_task
[2022-04-20 00:21:25,761] {logging_mixin.py:109} INFO - Running <TaskInstance: data_ingestion_gcs_dag.gcs_to_gcs_task manual__2022-04-20T00:20:46.679238+00:00 [running]> on host 1b91fda6947c
[2022-04-20 00:21:25,788] {taskinstance.py:1448} INFO - Exporting the following env vars:
AIRFLOW_CTX_DAG_OWNER=***
AIRFLOW_CTX_DAG_ID=data_ingestion_gcs_dag
AIRFLOW_CTX_TASK_ID=gcs_to_gcs_task
AIRFLOW_CTX_EXECUTION_DATE=2022-04-20T00:20:46.679238+00:00
AIRFLOW_CTX_DAG_RUN_ID=manual__2022-04-20T00:20:46.679238+00:00
[2022-04-20 00:21:25,789] {crypto.py:82} WARNING - empty cryptography key - values will not be stored encrypted.
[2022-04-20 00:21:25,789] {gcs_to_gcs.py:343} INFO - Delimiter ignored because wildcard is in prefix
[2022-04-20 00:21:26,083] {taskinstance.py:1288} INFO - Marking task as SUCCESS. dag_id=data_ingestion_gcs_dag, task_id=gcs_to_gcs_task, execution_date=20220420T002046, start_date=20220420T002125, end_date=20220420T002126
[2022-04-20 00:21:26,107] {local_task_job.py:154} INFO - Task exited with return code 0
[2022-04-20 00:21:26,123] {dagrun.py:630} WARNING - Failed to get task '<TaskInstance: data_ingestion_gcs_dag.bigquery_external_table_task manual__2022-04-20T00:20:46.679238+00:00 [removed]>' for dag 'data_ingestion_gcs_dag'. Marking it as removed.
[2022-04-20 00:21:26,124] {dagrun.py:630} WARNING - Failed to get task '<TaskInstance: data_ingestion_gcs_dag.download_dataset_task manual__2022-04-20T00:20:46.679238+00:00 [removed]>' for dag 'data_ingestion_gcs_dag'. Marking it as removed.
[2022-04-20 00:21:26,124] {dagrun.py:630} WARNING - Failed to get task '<TaskInstance: data_ingestion_gcs_dag.format_to_parquet_task manual__2022-04-20T00:20:46.679238+00:00 [removed]>' for dag 'data_ingestion_gcs_dag'. Marking it as removed.
[2022-04-20 00:21:26,124] {dagrun.py:630} WARNING - Failed to get task '<TaskInstance: data_ingestion_gcs_dag.local_to_gcs_task manual__2022-04-20T00:20:46.679238+00:00 [removed]>' for dag 'data_ingestion_gcs_dag'. Marking it as removed.
[2022-04-20 00:21:26,131] {local_task_job.py:264} INFO - 1 downstream tasks scheduled from follow-on schedule check
