[2022-04-20 02:17:57,720] {taskinstance.py:1043} INFO - Dependencies all met for <TaskInstance: gcs_2_bq_dag.move_yellow_tripdata_files_task scheduled__2022-04-19T00:00:00+00:00 [queued]>
[2022-04-20 02:17:57,725] {taskinstance.py:1043} INFO - Dependencies all met for <TaskInstance: gcs_2_bq_dag.move_yellow_tripdata_files_task scheduled__2022-04-19T00:00:00+00:00 [queued]>
[2022-04-20 02:17:57,726] {taskinstance.py:1249} INFO - 
--------------------------------------------------------------------------------
[2022-04-20 02:17:57,726] {taskinstance.py:1250} INFO - Starting attempt 1 of 2
[2022-04-20 02:17:57,726] {taskinstance.py:1251} INFO - 
--------------------------------------------------------------------------------
[2022-04-20 02:17:57,733] {taskinstance.py:1270} INFO - Executing <Task(GCSToGCSOperator): move_yellow_tripdata_files_task> on 2022-04-19 00:00:00+00:00
[2022-04-20 02:17:57,735] {standard_task_runner.py:52} INFO - Started process 4774 to run task
[2022-04-20 02:17:57,737] {standard_task_runner.py:79} INFO - Running: ['***', 'tasks', 'run', 'gcs_2_bq_dag', 'move_yellow_tripdata_files_task', 'scheduled__2022-04-19T00:00:00+00:00', '--job-id', '336', '--raw', '--subdir', 'DAGS_FOLDER/gcs_to_bq_dag.py', '--cfg-path', '/tmp/tmpm239oi6e', '--error-file', '/tmp/tmp4qw7gvnp']
[2022-04-20 02:17:57,738] {standard_task_runner.py:80} INFO - Job 336: Subtask move_yellow_tripdata_files_task
[2022-04-20 02:17:57,764] {logging_mixin.py:109} INFO - Running <TaskInstance: gcs_2_bq_dag.move_yellow_tripdata_files_task scheduled__2022-04-19T00:00:00+00:00 [running]> on host 5e56b5a44db8
[2022-04-20 02:17:57,790] {taskinstance.py:1448} INFO - Exporting the following env vars:
AIRFLOW_CTX_DAG_OWNER=***
AIRFLOW_CTX_DAG_ID=gcs_2_bq_dag
AIRFLOW_CTX_TASK_ID=move_yellow_tripdata_files_task
AIRFLOW_CTX_EXECUTION_DATE=2022-04-19T00:00:00+00:00
AIRFLOW_CTX_DAG_RUN_ID=scheduled__2022-04-19T00:00:00+00:00
[2022-04-20 02:17:57,791] {crypto.py:82} WARNING - empty cryptography key - values will not be stored encrypted.
[2022-04-20 02:17:57,791] {gcs_to_gcs.py:343} INFO - Delimiter ignored because wildcard is in prefix
[2022-04-20 02:17:58,345] {gcs_to_gcs.py:428} INFO - Executing copy of gs://dtc_data_lake_ny-rides-jenkins/raw/yellow_tripdata/2019/yellow_tripdata_2019-11.parquet to gs://dtc_data_lake_ny-rides-jenkins/yellow/yellow_tripdata/2019/yellow_tripdata_2019-11.parquet
[2022-04-20 02:17:58,641] {gcs.py:250} INFO - Total Bytes: 124810766 | Bytes Written: 124810766
[2022-04-20 02:17:58,642] {gcs.py:263} INFO - Object raw/yellow_tripdata/2019/yellow_tripdata_2019-11.parquet in bucket dtc_data_lake_ny-rides-jenkins rewritten to object yellow/yellow_tripdata/2019/yellow_tripdata_2019-11.parquet in bucket dtc_data_lake_ny-rides-jenkins
[2022-04-20 02:17:58,777] {gcs.py:665} INFO - Blob raw/yellow_tripdata/2019/yellow_tripdata_2019-11.parquet deleted.
[2022-04-20 02:17:58,777] {gcs_to_gcs.py:428} INFO - Executing copy of gs://dtc_data_lake_ny-rides-jenkins/raw/yellow_tripdata/2020/yellow_tripdata_2020-03.parquet to gs://dtc_data_lake_ny-rides-jenkins/yellow/yellow_tripdata/2020/yellow_tripdata_2020-03.parquet
[2022-04-20 02:17:58,968] {gcs.py:250} INFO - Total Bytes: 54378224 | Bytes Written: 54378224
[2022-04-20 02:17:58,968] {gcs.py:263} INFO - Object raw/yellow_tripdata/2020/yellow_tripdata_2020-03.parquet in bucket dtc_data_lake_ny-rides-jenkins rewritten to object yellow/yellow_tripdata/2020/yellow_tripdata_2020-03.parquet in bucket dtc_data_lake_ny-rides-jenkins
[2022-04-20 02:17:59,516] {gcs.py:665} INFO - Blob raw/yellow_tripdata/2020/yellow_tripdata_2020-03.parquet deleted.
[2022-04-20 02:17:59,516] {gcs_to_gcs.py:428} INFO - Executing copy of gs://dtc_data_lake_ny-rides-jenkins/raw/yellow_tripdata/2020/yellow_tripdata_2020-08.parquet to gs://dtc_data_lake_ny-rides-jenkins/yellow/yellow_tripdata/2020/yellow_tripdata_2020-08.parquet
[2022-04-20 02:17:59,652] {gcs.py:250} INFO - Total Bytes: 19636191 | Bytes Written: 19636191
[2022-04-20 02:17:59,652] {gcs.py:263} INFO - Object raw/yellow_tripdata/2020/yellow_tripdata_2020-08.parquet in bucket dtc_data_lake_ny-rides-jenkins rewritten to object yellow/yellow_tripdata/2020/yellow_tripdata_2020-08.parquet in bucket dtc_data_lake_ny-rides-jenkins
[2022-04-20 02:17:59,722] {gcs.py:665} INFO - Blob raw/yellow_tripdata/2020/yellow_tripdata_2020-08.parquet deleted.
[2022-04-20 02:17:59,723] {gcs_to_gcs.py:428} INFO - Executing copy of gs://dtc_data_lake_ny-rides-jenkins/raw/yellow_tripdata/2019/yellow_tripdata_2019-08.parquet to gs://dtc_data_lake_ny-rides-jenkins/yellow/yellow_tripdata/2019/yellow_tripdata_2019-08.parquet
[2022-04-20 02:17:59,875] {gcs.py:250} INFO - Total Bytes: 111332828 | Bytes Written: 111332828
[2022-04-20 02:17:59,875] {gcs.py:263} INFO - Object raw/yellow_tripdata/2019/yellow_tripdata_2019-08.parquet in bucket dtc_data_lake_ny-rides-jenkins rewritten to object yellow/yellow_tripdata/2019/yellow_tripdata_2019-08.parquet in bucket dtc_data_lake_ny-rides-jenkins
[2022-04-20 02:17:59,955] {gcs.py:665} INFO - Blob raw/yellow_tripdata/2019/yellow_tripdata_2019-08.parquet deleted.
[2022-04-20 02:17:59,955] {gcs_to_gcs.py:428} INFO - Executing copy of gs://dtc_data_lake_ny-rides-jenkins/raw/yellow_tripdata/2019/yellow_tripdata_2019-09.parquet to gs://dtc_data_lake_ny-rides-jenkins/yellow/yellow_tripdata/2019/yellow_tripdata_2019-09.parquet
[2022-04-20 02:18:00,108] {gcs.py:250} INFO - Total Bytes: 120286335 | Bytes Written: 120286335
[2022-04-20 02:18:00,108] {gcs.py:263} INFO - Object raw/yellow_tripdata/2019/yellow_tripdata_2019-09.parquet in bucket dtc_data_lake_ny-rides-jenkins rewritten to object yellow/yellow_tripdata/2019/yellow_tripdata_2019-09.parquet in bucket dtc_data_lake_ny-rides-jenkins
[2022-04-20 02:18:00,204] {gcs.py:665} INFO - Blob raw/yellow_tripdata/2019/yellow_tripdata_2019-09.parquet deleted.
[2022-04-20 02:18:00,204] {gcs_to_gcs.py:428} INFO - Executing copy of gs://dtc_data_lake_ny-rides-jenkins/raw/yellow_tripdata/2020/yellow_tripdata_2020-04.parquet to gs://dtc_data_lake_ny-rides-jenkins/yellow/yellow_tripdata/2020/yellow_tripdata_2020-04.parquet
[2022-04-20 02:18:00,351] {gcs.py:250} INFO - Total Bytes: 5285859 | Bytes Written: 5285859
[2022-04-20 02:18:00,351] {gcs.py:263} INFO - Object raw/yellow_tripdata/2020/yellow_tripdata_2020-04.parquet in bucket dtc_data_lake_ny-rides-jenkins rewritten to object yellow/yellow_tripdata/2020/yellow_tripdata_2020-04.parquet in bucket dtc_data_lake_ny-rides-jenkins
[2022-04-20 02:18:00,429] {gcs.py:665} INFO - Blob raw/yellow_tripdata/2020/yellow_tripdata_2020-04.parquet deleted.
[2022-04-20 02:18:00,429] {gcs_to_gcs.py:428} INFO - Executing copy of gs://dtc_data_lake_ny-rides-jenkins/raw/yellow_tripdata/2020/yellow_tripdata_2020-07.parquet to gs://dtc_data_lake_ny-rides-jenkins/yellow/yellow_tripdata/2020/yellow_tripdata_2020-07.parquet
[2022-04-20 02:18:00,583] {gcs.py:250} INFO - Total Bytes: 15762123 | Bytes Written: 15762123
[2022-04-20 02:18:00,583] {gcs.py:263} INFO - Object raw/yellow_tripdata/2020/yellow_tripdata_2020-07.parquet in bucket dtc_data_lake_ny-rides-jenkins rewritten to object yellow/yellow_tripdata/2020/yellow_tripdata_2020-07.parquet in bucket dtc_data_lake_ny-rides-jenkins
[2022-04-20 02:18:00,660] {gcs.py:665} INFO - Blob raw/yellow_tripdata/2020/yellow_tripdata_2020-07.parquet deleted.
[2022-04-20 02:18:00,660] {gcs_to_gcs.py:428} INFO - Executing copy of gs://dtc_data_lake_ny-rides-jenkins/raw/yellow_tripdata/2019/yellow_tripdata_2019-06.parquet to gs://dtc_data_lake_ny-rides-jenkins/yellow/yellow_tripdata/2019/yellow_tripdata_2019-06.parquet
[2022-04-20 02:18:00,811] {gcs.py:250} INFO - Total Bytes: 126726776 | Bytes Written: 126726776
[2022-04-20 02:18:00,811] {gcs.py:263} INFO - Object raw/yellow_tripdata/2019/yellow_tripdata_2019-06.parquet in bucket dtc_data_lake_ny-rides-jenkins rewritten to object yellow/yellow_tripdata/2019/yellow_tripdata_2019-06.parquet in bucket dtc_data_lake_ny-rides-jenkins
[2022-04-20 02:18:00,892] {gcs.py:665} INFO - Blob raw/yellow_tripdata/2019/yellow_tripdata_2019-06.parquet deleted.
[2022-04-20 02:18:00,892] {gcs_to_gcs.py:428} INFO - Executing copy of gs://dtc_data_lake_ny-rides-jenkins/raw/yellow_tripdata/2020/yellow_tripdata_2020-10.parquet to gs://dtc_data_lake_ny-rides-jenkins/yellow/yellow_tripdata/2020/yellow_tripdata_2020-10.parquet
[2022-04-20 02:18:01,031] {gcs.py:250} INFO - Total Bytes: 31572828 | Bytes Written: 31572828
[2022-04-20 02:18:01,031] {gcs.py:263} INFO - Object raw/yellow_tripdata/2020/yellow_tripdata_2020-10.parquet in bucket dtc_data_lake_ny-rides-jenkins rewritten to object yellow/yellow_tripdata/2020/yellow_tripdata_2020-10.parquet in bucket dtc_data_lake_ny-rides-jenkins
[2022-04-20 02:18:01,105] {gcs.py:665} INFO - Blob raw/yellow_tripdata/2020/yellow_tripdata_2020-10.parquet deleted.
[2022-04-20 02:18:01,105] {gcs_to_gcs.py:428} INFO - Executing copy of gs://dtc_data_lake_ny-rides-jenkins/raw/yellow_tripdata/2019/yellow_tripdata_2019-01.parquet to gs://dtc_data_lake_ny-rides-jenkins/yellow/yellow_tripdata/2019/yellow_tripdata_2019-01.parquet
[2022-04-20 02:18:01,262] {gcs.py:250} INFO - Total Bytes: 137625293 | Bytes Written: 137625293
[2022-04-20 02:18:01,262] {gcs.py:263} INFO - Object raw/yellow_tripdata/2019/yellow_tripdata_2019-01.parquet in bucket dtc_data_lake_ny-rides-jenkins rewritten to object yellow/yellow_tripdata/2019/yellow_tripdata_2019-01.parquet in bucket dtc_data_lake_ny-rides-jenkins
[2022-04-20 02:18:01,335] {gcs.py:665} INFO - Blob raw/yellow_tripdata/2019/yellow_tripdata_2019-01.parquet deleted.
[2022-04-20 02:18:01,335] {gcs_to_gcs.py:428} INFO - Executing copy of gs://dtc_data_lake_ny-rides-jenkins/raw/yellow_tripdata/2020/yellow_tripdata_2020-02.parquet to gs://dtc_data_lake_ny-rides-jenkins/yellow/yellow_tripdata/2020/yellow_tripdata_2020-02.parquet
[2022-04-20 02:18:01,486] {gcs.py:250} INFO - Total Bytes: 113958023 | Bytes Written: 113958023
[2022-04-20 02:18:01,487] {gcs.py:263} INFO - Object raw/yellow_tripdata/2020/yellow_tripdata_2020-02.parquet in bucket dtc_data_lake_ny-rides-jenkins rewritten to object yellow/yellow_tripdata/2020/yellow_tripdata_2020-02.parquet in bucket dtc_data_lake_ny-rides-jenkins
[2022-04-20 02:18:01,560] {gcs.py:665} INFO - Blob raw/yellow_tripdata/2020/yellow_tripdata_2020-02.parquet deleted.
[2022-04-20 02:18:01,560] {gcs_to_gcs.py:428} INFO - Executing copy of gs://dtc_data_lake_ny-rides-jenkins/raw/yellow_tripdata/2021/yellow_tripdata_2021-03.parquet to gs://dtc_data_lake_ny-rides-jenkins/yellow/yellow_tripdata/2021/yellow_tripdata_2021-03.parquet
[2022-04-20 02:18:01,679] {gcs.py:250} INFO - Total Bytes: 35889322 | Bytes Written: 35889322
[2022-04-20 02:18:01,679] {gcs.py:263} INFO - Object raw/yellow_tripdata/2021/yellow_tripdata_2021-03.parquet in bucket dtc_data_lake_ny-rides-jenkins rewritten to object yellow/yellow_tripdata/2021/yellow_tripdata_2021-03.parquet in bucket dtc_data_lake_ny-rides-jenkins
[2022-04-20 02:18:01,757] {gcs.py:665} INFO - Blob raw/yellow_tripdata/2021/yellow_tripdata_2021-03.parquet deleted.
[2022-04-20 02:18:01,757] {gcs_to_gcs.py:428} INFO - Executing copy of gs://dtc_data_lake_ny-rides-jenkins/raw/yellow_tripdata/2019/yellow_tripdata_2019-04.parquet to gs://dtc_data_lake_ny-rides-jenkins/yellow/yellow_tripdata/2019/yellow_tripdata_2019-04.parquet
[2022-04-20 02:18:01,895] {gcs.py:250} INFO - Total Bytes: 136706302 | Bytes Written: 136706302
[2022-04-20 02:18:01,895] {gcs.py:263} INFO - Object raw/yellow_tripdata/2019/yellow_tripdata_2019-04.parquet in bucket dtc_data_lake_ny-rides-jenkins rewritten to object yellow/yellow_tripdata/2019/yellow_tripdata_2019-04.parquet in bucket dtc_data_lake_ny-rides-jenkins
[2022-04-20 02:18:01,972] {gcs.py:665} INFO - Blob raw/yellow_tripdata/2019/yellow_tripdata_2019-04.parquet deleted.
[2022-04-20 02:18:01,972] {gcs_to_gcs.py:428} INFO - Executing copy of gs://dtc_data_lake_ny-rides-jenkins/raw/yellow_tripdata/2021/yellow_tripdata_2021-01.parquet to gs://dtc_data_lake_ny-rides-jenkins/yellow/yellow_tripdata/2021/yellow_tripdata_2021-01.parquet
[2022-04-20 02:18:02,086] {gcs.py:250} INFO - Total Bytes: 26074628 | Bytes Written: 26074628
[2022-04-20 02:18:02,086] {gcs.py:263} INFO - Object raw/yellow_tripdata/2021/yellow_tripdata_2021-01.parquet in bucket dtc_data_lake_ny-rides-jenkins rewritten to object yellow/yellow_tripdata/2021/yellow_tripdata_2021-01.parquet in bucket dtc_data_lake_ny-rides-jenkins
[2022-04-20 02:18:02,155] {gcs.py:665} INFO - Blob raw/yellow_tripdata/2021/yellow_tripdata_2021-01.parquet deleted.
[2022-04-20 02:18:02,156] {gcs_to_gcs.py:428} INFO - Executing copy of gs://dtc_data_lake_ny-rides-jenkins/raw/yellow_tripdata/2020/yellow_tripdata_2020-11.parquet to gs://dtc_data_lake_ny-rides-jenkins/yellow/yellow_tripdata/2020/yellow_tripdata_2020-11.parquet
[2022-04-20 02:18:02,296] {gcs.py:250} INFO - Total Bytes: 28375707 | Bytes Written: 28375707
[2022-04-20 02:18:02,296] {gcs.py:263} INFO - Object raw/yellow_tripdata/2020/yellow_tripdata_2020-11.parquet in bucket dtc_data_lake_ny-rides-jenkins rewritten to object yellow/yellow_tripdata/2020/yellow_tripdata_2020-11.parquet in bucket dtc_data_lake_ny-rides-jenkins
[2022-04-20 02:18:02,378] {gcs.py:665} INFO - Blob raw/yellow_tripdata/2020/yellow_tripdata_2020-11.parquet deleted.
[2022-04-20 02:18:02,379] {gcs_to_gcs.py:428} INFO - Executing copy of gs://dtc_data_lake_ny-rides-jenkins/raw/yellow_tripdata/2021/yellow_tripdata_2021-02.parquet to gs://dtc_data_lake_ny-rides-jenkins/yellow/yellow_tripdata/2021/yellow_tripdata_2021-02.parquet
[2022-04-20 02:18:02,515] {gcs.py:250} INFO - Total Bytes: 25972409 | Bytes Written: 25972409
[2022-04-20 02:18:02,515] {gcs.py:263} INFO - Object raw/yellow_tripdata/2021/yellow_tripdata_2021-02.parquet in bucket dtc_data_lake_ny-rides-jenkins rewritten to object yellow/yellow_tripdata/2021/yellow_tripdata_2021-02.parquet in bucket dtc_data_lake_ny-rides-jenkins
[2022-04-20 02:18:02,594] {gcs.py:665} INFO - Blob raw/yellow_tripdata/2021/yellow_tripdata_2021-02.parquet deleted.
[2022-04-20 02:18:02,594] {gcs_to_gcs.py:428} INFO - Executing copy of gs://dtc_data_lake_ny-rides-jenkins/raw/yellow_tripdata/2020/yellow_tripdata_2020-05.parquet to gs://dtc_data_lake_ny-rides-jenkins/yellow/yellow_tripdata/2020/yellow_tripdata_2020-05.parquet
[2022-04-20 02:18:02,736] {gcs.py:250} INFO - Total Bytes: 7436365 | Bytes Written: 7436365
[2022-04-20 02:18:02,736] {gcs.py:263} INFO - Object raw/yellow_tripdata/2020/yellow_tripdata_2020-05.parquet in bucket dtc_data_lake_ny-rides-jenkins rewritten to object yellow/yellow_tripdata/2020/yellow_tripdata_2020-05.parquet in bucket dtc_data_lake_ny-rides-jenkins
[2022-04-20 02:18:02,808] {gcs.py:665} INFO - Blob raw/yellow_tripdata/2020/yellow_tripdata_2020-05.parquet deleted.
[2022-04-20 02:18:02,808] {gcs_to_gcs.py:428} INFO - Executing copy of gs://dtc_data_lake_ny-rides-jenkins/raw/yellow_tripdata/2019/yellow_tripdata_2019-12.parquet to gs://dtc_data_lake_ny-rides-jenkins/yellow/yellow_tripdata/2019/yellow_tripdata_2019-12.parquet
[2022-04-20 02:18:02,962] {gcs.py:250} INFO - Total Bytes: 125360612 | Bytes Written: 125360612
[2022-04-20 02:18:02,962] {gcs.py:263} INFO - Object raw/yellow_tripdata/2019/yellow_tripdata_2019-12.parquet in bucket dtc_data_lake_ny-rides-jenkins rewritten to object yellow/yellow_tripdata/2019/yellow_tripdata_2019-12.parquet in bucket dtc_data_lake_ny-rides-jenkins
[2022-04-20 02:18:03,025] {gcs.py:665} INFO - Blob raw/yellow_tripdata/2019/yellow_tripdata_2019-12.parquet deleted.
[2022-04-20 02:18:03,025] {gcs_to_gcs.py:428} INFO - Executing copy of gs://dtc_data_lake_ny-rides-jenkins/raw/yellow_tripdata/2020/yellow_tripdata_2020-12.parquet to gs://dtc_data_lake_ny-rides-jenkins/yellow/yellow_tripdata/2020/yellow_tripdata_2020-12.parquet
[2022-04-20 02:18:03,174] {gcs.py:250} INFO - Total Bytes: 27480888 | Bytes Written: 27480888
[2022-04-20 02:18:03,175] {gcs.py:263} INFO - Object raw/yellow_tripdata/2020/yellow_tripdata_2020-12.parquet in bucket dtc_data_lake_ny-rides-jenkins rewritten to object yellow/yellow_tripdata/2020/yellow_tripdata_2020-12.parquet in bucket dtc_data_lake_ny-rides-jenkins
[2022-04-20 02:18:03,252] {gcs.py:665} INFO - Blob raw/yellow_tripdata/2020/yellow_tripdata_2020-12.parquet deleted.
[2022-04-20 02:18:03,252] {gcs_to_gcs.py:428} INFO - Executing copy of gs://dtc_data_lake_ny-rides-jenkins/raw/yellow_tripdata/2020/yellow_tripdata_2020-09.parquet to gs://dtc_data_lake_ny-rides-jenkins/yellow/yellow_tripdata/2020/yellow_tripdata_2020-09.parquet
[2022-04-20 02:18:03,389] {gcs.py:250} INFO - Total Bytes: 25539448 | Bytes Written: 25539448
[2022-04-20 02:18:03,389] {gcs.py:263} INFO - Object raw/yellow_tripdata/2020/yellow_tripdata_2020-09.parquet in bucket dtc_data_lake_ny-rides-jenkins rewritten to object yellow/yellow_tripdata/2020/yellow_tripdata_2020-09.parquet in bucket dtc_data_lake_ny-rides-jenkins
[2022-04-20 02:18:03,458] {gcs.py:665} INFO - Blob raw/yellow_tripdata/2020/yellow_tripdata_2020-09.parquet deleted.
[2022-04-20 02:18:03,458] {gcs_to_gcs.py:428} INFO - Executing copy of gs://dtc_data_lake_ny-rides-jenkins/raw/yellow_tripdata/2019/yellow_tripdata_2019-03.parquet to gs://dtc_data_lake_ny-rides-jenkins/yellow/yellow_tripdata/2019/yellow_tripdata_2019-03.parquet
[2022-04-20 02:18:03,608] {gcs.py:250} INFO - Total Bytes: 144113498 | Bytes Written: 144113498
[2022-04-20 02:18:03,608] {gcs.py:263} INFO - Object raw/yellow_tripdata/2019/yellow_tripdata_2019-03.parquet in bucket dtc_data_lake_ny-rides-jenkins rewritten to object yellow/yellow_tripdata/2019/yellow_tripdata_2019-03.parquet in bucket dtc_data_lake_ny-rides-jenkins
[2022-04-20 02:18:03,689] {gcs.py:665} INFO - Blob raw/yellow_tripdata/2019/yellow_tripdata_2019-03.parquet deleted.
[2022-04-20 02:18:03,690] {gcs_to_gcs.py:428} INFO - Executing copy of gs://dtc_data_lake_ny-rides-jenkins/raw/yellow_tripdata/2019/yellow_tripdata_2019-10.parquet to gs://dtc_data_lake_ny-rides-jenkins/yellow/yellow_tripdata/2019/yellow_tripdata_2019-10.parquet
[2022-04-20 02:18:03,839] {gcs.py:250} INFO - Total Bytes: 130950228 | Bytes Written: 130950228
[2022-04-20 02:18:03,839] {gcs.py:263} INFO - Object raw/yellow_tripdata/2019/yellow_tripdata_2019-10.parquet in bucket dtc_data_lake_ny-rides-jenkins rewritten to object yellow/yellow_tripdata/2019/yellow_tripdata_2019-10.parquet in bucket dtc_data_lake_ny-rides-jenkins
[2022-04-20 02:18:03,935] {gcs.py:665} INFO - Blob raw/yellow_tripdata/2019/yellow_tripdata_2019-10.parquet deleted.
[2022-04-20 02:18:03,936] {gcs_to_gcs.py:428} INFO - Executing copy of gs://dtc_data_lake_ny-rides-jenkins/raw/yellow_tripdata/2019/yellow_tripdata_2019-07.parquet to gs://dtc_data_lake_ny-rides-jenkins/yellow/yellow_tripdata/2019/yellow_tripdata_2019-07.parquet
[2022-04-20 02:18:04,069] {gcs.py:250} INFO - Total Bytes: 115534595 | Bytes Written: 115534595
[2022-04-20 02:18:04,069] {gcs.py:263} INFO - Object raw/yellow_tripdata/2019/yellow_tripdata_2019-07.parquet in bucket dtc_data_lake_ny-rides-jenkins rewritten to object yellow/yellow_tripdata/2019/yellow_tripdata_2019-07.parquet in bucket dtc_data_lake_ny-rides-jenkins
[2022-04-20 02:18:04,141] {gcs.py:665} INFO - Blob raw/yellow_tripdata/2019/yellow_tripdata_2019-07.parquet deleted.
[2022-04-20 02:18:04,141] {gcs_to_gcs.py:428} INFO - Executing copy of gs://dtc_data_lake_ny-rides-jenkins/raw/yellow_tripdata/2020/yellow_tripdata_2020-06.parquet to gs://dtc_data_lake_ny-rides-jenkins/yellow/yellow_tripdata/2020/yellow_tripdata_2020-06.parquet
[2022-04-20 02:18:04,248] {gcs.py:250} INFO - Total Bytes: 11323872 | Bytes Written: 11323872
[2022-04-20 02:18:04,248] {gcs.py:263} INFO - Object raw/yellow_tripdata/2020/yellow_tripdata_2020-06.parquet in bucket dtc_data_lake_ny-rides-jenkins rewritten to object yellow/yellow_tripdata/2020/yellow_tripdata_2020-06.parquet in bucket dtc_data_lake_ny-rides-jenkins
[2022-04-20 02:18:04,326] {gcs.py:665} INFO - Blob raw/yellow_tripdata/2020/yellow_tripdata_2020-06.parquet deleted.
[2022-04-20 02:18:04,326] {gcs_to_gcs.py:428} INFO - Executing copy of gs://dtc_data_lake_ny-rides-jenkins/raw/yellow_tripdata/2021/yellow_tripdata_2021-07.parquet to gs://dtc_data_lake_ny-rides-jenkins/yellow/yellow_tripdata/2021/yellow_tripdata_2021-07.parquet
[2022-04-20 02:18:04,463] {gcs.py:250} INFO - Total Bytes: 52878921 | Bytes Written: 52878921
[2022-04-20 02:18:04,463] {gcs.py:263} INFO - Object raw/yellow_tripdata/2021/yellow_tripdata_2021-07.parquet in bucket dtc_data_lake_ny-rides-jenkins rewritten to object yellow/yellow_tripdata/2021/yellow_tripdata_2021-07.parquet in bucket dtc_data_lake_ny-rides-jenkins
[2022-04-20 02:18:04,540] {gcs.py:665} INFO - Blob raw/yellow_tripdata/2021/yellow_tripdata_2021-07.parquet deleted.
[2022-04-20 02:18:04,540] {gcs_to_gcs.py:428} INFO - Executing copy of gs://dtc_data_lake_ny-rides-jenkins/raw/yellow_tripdata/2021/yellow_tripdata_2021-06.parquet to gs://dtc_data_lake_ny-rides-jenkins/yellow/yellow_tripdata/2021/yellow_tripdata_2021-06.parquet
[2022-04-20 02:18:04,663] {gcs.py:250} INFO - Total Bytes: 52919918 | Bytes Written: 52919918
[2022-04-20 02:18:04,663] {gcs.py:263} INFO - Object raw/yellow_tripdata/2021/yellow_tripdata_2021-06.parquet in bucket dtc_data_lake_ny-rides-jenkins rewritten to object yellow/yellow_tripdata/2021/yellow_tripdata_2021-06.parquet in bucket dtc_data_lake_ny-rides-jenkins
[2022-04-20 02:18:04,733] {gcs.py:665} INFO - Blob raw/yellow_tripdata/2021/yellow_tripdata_2021-06.parquet deleted.
[2022-04-20 02:18:04,733] {gcs_to_gcs.py:428} INFO - Executing copy of gs://dtc_data_lake_ny-rides-jenkins/raw/yellow_tripdata/2019/yellow_tripdata_2019-05.parquet to gs://dtc_data_lake_ny-rides-jenkins/yellow/yellow_tripdata/2019/yellow_tripdata_2019-05.parquet
[2022-04-20 02:18:04,870] {gcs.py:250} INFO - Total Bytes: 137418653 | Bytes Written: 137418653
[2022-04-20 02:18:04,870] {gcs.py:263} INFO - Object raw/yellow_tripdata/2019/yellow_tripdata_2019-05.parquet in bucket dtc_data_lake_ny-rides-jenkins rewritten to object yellow/yellow_tripdata/2019/yellow_tripdata_2019-05.parquet in bucket dtc_data_lake_ny-rides-jenkins
[2022-04-20 02:18:04,947] {gcs.py:665} INFO - Blob raw/yellow_tripdata/2019/yellow_tripdata_2019-05.parquet deleted.
[2022-04-20 02:18:04,947] {gcs_to_gcs.py:428} INFO - Executing copy of gs://dtc_data_lake_ny-rides-jenkins/raw/yellow_tripdata/2021/yellow_tripdata_2021-04.parquet to gs://dtc_data_lake_ny-rides-jenkins/yellow/yellow_tripdata/2021/yellow_tripdata_2021-04.parquet
[2022-04-20 02:18:05,106] {gcs.py:250} INFO - Total Bytes: 40747223 | Bytes Written: 40747223
[2022-04-20 02:18:05,106] {gcs.py:263} INFO - Object raw/yellow_tripdata/2021/yellow_tripdata_2021-04.parquet in bucket dtc_data_lake_ny-rides-jenkins rewritten to object yellow/yellow_tripdata/2021/yellow_tripdata_2021-04.parquet in bucket dtc_data_lake_ny-rides-jenkins
[2022-04-20 02:18:05,171] {gcs.py:665} INFO - Blob raw/yellow_tripdata/2021/yellow_tripdata_2021-04.parquet deleted.
[2022-04-20 02:18:05,171] {gcs_to_gcs.py:428} INFO - Executing copy of gs://dtc_data_lake_ny-rides-jenkins/raw/yellow_tripdata/2021/yellow_tripdata_2021-05.parquet to gs://dtc_data_lake_ny-rides-jenkins/yellow/yellow_tripdata/2021/yellow_tripdata_2021-05.parquet
[2022-04-20 02:18:05,297] {gcs.py:250} INFO - Total Bytes: 46674147 | Bytes Written: 46674147
[2022-04-20 02:18:05,297] {gcs.py:263} INFO - Object raw/yellow_tripdata/2021/yellow_tripdata_2021-05.parquet in bucket dtc_data_lake_ny-rides-jenkins rewritten to object yellow/yellow_tripdata/2021/yellow_tripdata_2021-05.parquet in bucket dtc_data_lake_ny-rides-jenkins
[2022-04-20 02:18:05,378] {gcs.py:665} INFO - Blob raw/yellow_tripdata/2021/yellow_tripdata_2021-05.parquet deleted.
[2022-04-20 02:18:05,379] {gcs_to_gcs.py:428} INFO - Executing copy of gs://dtc_data_lake_ny-rides-jenkins/raw/yellow_tripdata/2020/yellow_tripdata_2020-01.parquet to gs://dtc_data_lake_ny-rides-jenkins/yellow/yellow_tripdata/2020/yellow_tripdata_2020-01.parquet
[2022-04-20 02:18:05,515] {gcs.py:250} INFO - Total Bytes: 116228544 | Bytes Written: 116228544
[2022-04-20 02:18:05,516] {gcs.py:263} INFO - Object raw/yellow_tripdata/2020/yellow_tripdata_2020-01.parquet in bucket dtc_data_lake_ny-rides-jenkins rewritten to object yellow/yellow_tripdata/2020/yellow_tripdata_2020-01.parquet in bucket dtc_data_lake_ny-rides-jenkins
[2022-04-20 02:18:05,587] {gcs.py:665} INFO - Blob raw/yellow_tripdata/2020/yellow_tripdata_2020-01.parquet deleted.
[2022-04-20 02:18:05,587] {gcs_to_gcs.py:428} INFO - Executing copy of gs://dtc_data_lake_ny-rides-jenkins/raw/yellow_tripdata/2019/yellow_tripdata_2019-02.parquet to gs://dtc_data_lake_ny-rides-jenkins/yellow/yellow_tripdata/2019/yellow_tripdata_2019-02.parquet
[2022-04-20 02:18:05,733] {gcs.py:250} INFO - Total Bytes: 128380766 | Bytes Written: 128380766
[2022-04-20 02:18:05,733] {gcs.py:263} INFO - Object raw/yellow_tripdata/2019/yellow_tripdata_2019-02.parquet in bucket dtc_data_lake_ny-rides-jenkins rewritten to object yellow/yellow_tripdata/2019/yellow_tripdata_2019-02.parquet in bucket dtc_data_lake_ny-rides-jenkins
[2022-04-20 02:18:05,809] {gcs.py:665} INFO - Blob raw/yellow_tripdata/2019/yellow_tripdata_2019-02.parquet deleted.
[2022-04-20 02:18:05,815] {taskinstance.py:1288} INFO - Marking task as SUCCESS. dag_id=gcs_2_bq_dag, task_id=move_yellow_tripdata_files_task, execution_date=20220419T000000, start_date=20220420T021757, end_date=20220420T021805
[2022-04-20 02:18:05,833] {local_task_job.py:154} INFO - Task exited with return code 0
[2022-04-20 02:18:05,853] {local_task_job.py:264} INFO - 1 downstream tasks scheduled from follow-on schedule check
