[2022-04-20 02:18:07,004] {taskinstance.py:1043} INFO - Dependencies all met for <TaskInstance: gcs_2_bq_dag.bq_yellow_tripdata_external_table_task scheduled__2022-04-19T00:00:00+00:00 [queued]>
[2022-04-20 02:18:07,009] {taskinstance.py:1043} INFO - Dependencies all met for <TaskInstance: gcs_2_bq_dag.bq_yellow_tripdata_external_table_task scheduled__2022-04-19T00:00:00+00:00 [queued]>
[2022-04-20 02:18:07,009] {taskinstance.py:1249} INFO - 
--------------------------------------------------------------------------------
[2022-04-20 02:18:07,009] {taskinstance.py:1250} INFO - Starting attempt 1 of 2
[2022-04-20 02:18:07,009] {taskinstance.py:1251} INFO - 
--------------------------------------------------------------------------------
[2022-04-20 02:18:07,016] {taskinstance.py:1270} INFO - Executing <Task(BigQueryCreateExternalTableOperator): bq_yellow_tripdata_external_table_task> on 2022-04-19 00:00:00+00:00
[2022-04-20 02:18:07,019] {standard_task_runner.py:52} INFO - Started process 4793 to run task
[2022-04-20 02:18:07,021] {standard_task_runner.py:79} INFO - Running: ['***', 'tasks', 'run', 'gcs_2_bq_dag', 'bq_yellow_tripdata_external_table_task', 'scheduled__2022-04-19T00:00:00+00:00', '--job-id', '338', '--raw', '--subdir', 'DAGS_FOLDER/gcs_to_bq_dag.py', '--cfg-path', '/tmp/tmpw15qr9z7', '--error-file', '/tmp/tmp2tyyteej']
[2022-04-20 02:18:07,021] {standard_task_runner.py:80} INFO - Job 338: Subtask bq_yellow_tripdata_external_table_task
[2022-04-20 02:18:07,045] {logging_mixin.py:109} INFO - Running <TaskInstance: gcs_2_bq_dag.bq_yellow_tripdata_external_table_task scheduled__2022-04-19T00:00:00+00:00 [running]> on host 5e56b5a44db8
[2022-04-20 02:18:07,072] {taskinstance.py:1448} INFO - Exporting the following env vars:
AIRFLOW_CTX_DAG_OWNER=***
AIRFLOW_CTX_DAG_ID=gcs_2_bq_dag
AIRFLOW_CTX_TASK_ID=bq_yellow_tripdata_external_table_task
AIRFLOW_CTX_EXECUTION_DATE=2022-04-19T00:00:00+00:00
AIRFLOW_CTX_DAG_RUN_ID=scheduled__2022-04-19T00:00:00+00:00
[2022-04-20 02:18:07,073] {crypto.py:82} WARNING - empty cryptography key - values will not be stored encrypted.
[2022-04-20 02:18:07,749] {taskinstance.py:1288} INFO - Marking task as SUCCESS. dag_id=gcs_2_bq_dag, task_id=bq_yellow_tripdata_external_table_task, execution_date=20220419T000000, start_date=20220420T021807, end_date=20220420T021807
[2022-04-20 02:18:07,795] {local_task_job.py:154} INFO - Task exited with return code 0
[2022-04-20 02:18:07,812] {local_task_job.py:264} INFO - 0 downstream tasks scheduled from follow-on schedule check
