[2022-04-20 00:34:53,160] {taskinstance.py:1043} INFO - Dependencies all met for <TaskInstance: data_ingestion_gcs_dag.bigquery_external_table_task manual__2022-04-20T00:33:59.525016+00:00 [queued]>
[2022-04-20 00:34:53,165] {taskinstance.py:1043} INFO - Dependencies all met for <TaskInstance: data_ingestion_gcs_dag.bigquery_external_table_task manual__2022-04-20T00:33:59.525016+00:00 [queued]>
[2022-04-20 00:34:53,166] {taskinstance.py:1249} INFO - 
--------------------------------------------------------------------------------
[2022-04-20 00:34:53,166] {taskinstance.py:1250} INFO - Starting attempt 1 of 2
[2022-04-20 00:34:53,166] {taskinstance.py:1251} INFO - 
--------------------------------------------------------------------------------
[2022-04-20 00:34:53,174] {taskinstance.py:1270} INFO - Executing <Task(BigQueryCreateExternalTableOperator): bigquery_external_table_task> on 2022-04-20 00:33:59.525016+00:00
[2022-04-20 00:34:53,176] {standard_task_runner.py:52} INFO - Started process 2670 to run task
[2022-04-20 00:34:53,178] {standard_task_runner.py:79} INFO - Running: ['***', 'tasks', 'run', 'data_ingestion_gcs_dag', 'bigquery_external_table_task', 'manual__2022-04-20T00:33:59.525016+00:00', '--job-id', '363', '--raw', '--subdir', 'DAGS_FOLDER/data_ingestion_gcs_dag.py', '--cfg-path', '/tmp/tmpeugy4_z2', '--error-file', '/tmp/tmpr9tignyr']
[2022-04-20 00:34:53,178] {standard_task_runner.py:80} INFO - Job 363: Subtask bigquery_external_table_task
[2022-04-20 00:34:53,202] {logging_mixin.py:109} INFO - Running <TaskInstance: data_ingestion_gcs_dag.bigquery_external_table_task manual__2022-04-20T00:33:59.525016+00:00 [running]> on host 1b91fda6947c
[2022-04-20 00:34:53,229] {taskinstance.py:1448} INFO - Exporting the following env vars:
AIRFLOW_CTX_DAG_OWNER=***
AIRFLOW_CTX_DAG_ID=data_ingestion_gcs_dag
AIRFLOW_CTX_TASK_ID=bigquery_external_table_task
AIRFLOW_CTX_EXECUTION_DATE=2022-04-20T00:33:59.525016+00:00
AIRFLOW_CTX_DAG_RUN_ID=manual__2022-04-20T00:33:59.525016+00:00
[2022-04-20 00:34:53,230] {crypto.py:82} WARNING - empty cryptography key - values will not be stored encrypted.
[2022-04-20 00:34:54,834] {taskinstance.py:1288} INFO - Marking task as SUCCESS. dag_id=data_ingestion_gcs_dag, task_id=bigquery_external_table_task, execution_date=20220420T003359, start_date=20220420T003453, end_date=20220420T003454
[2022-04-20 00:34:54,874] {local_task_job.py:154} INFO - Task exited with return code 0
[2022-04-20 00:34:54,891] {local_task_job.py:264} INFO - 0 downstream tasks scheduled from follow-on schedule check
