[2022-04-20 20:17:51,808] {taskinstance.py:1043} INFO - Dependencies all met for <TaskInstance: green_taxi_data_v3.format_to_parquet_task scheduled__2021-07-02T07:00:00+00:00 [queued]>
[2022-04-20 20:17:51,813] {taskinstance.py:1043} INFO - Dependencies all met for <TaskInstance: green_taxi_data_v3.format_to_parquet_task scheduled__2021-07-02T07:00:00+00:00 [queued]>
[2022-04-20 20:17:51,813] {taskinstance.py:1249} INFO - 
--------------------------------------------------------------------------------
[2022-04-20 20:17:51,814] {taskinstance.py:1250} INFO - Starting attempt 1 of 2
[2022-04-20 20:17:51,814] {taskinstance.py:1251} INFO - 
--------------------------------------------------------------------------------
[2022-04-20 20:17:51,821] {taskinstance.py:1270} INFO - Executing <Task(PythonOperator): format_to_parquet_task> on 2021-07-02 07:00:00+00:00
[2022-04-20 20:17:51,823] {standard_task_runner.py:52} INFO - Started process 3675 to run task
[2022-04-20 20:17:51,825] {standard_task_runner.py:79} INFO - Running: ['***', 'tasks', 'run', 'green_taxi_data_v3', 'format_to_parquet_task', 'scheduled__2021-07-02T07:00:00+00:00', '--job-id', '605', '--raw', '--subdir', 'DAGS_FOLDER/data_ingestion_gcs_dag_v02.py', '--cfg-path', '/tmp/tmpq1s_r30v', '--error-file', '/tmp/tmp5bfl20wy']
[2022-04-20 20:17:51,825] {standard_task_runner.py:80} INFO - Job 605: Subtask format_to_parquet_task
[2022-04-20 20:17:51,853] {logging_mixin.py:109} INFO - Running <TaskInstance: green_taxi_data_v3.format_to_parquet_task scheduled__2021-07-02T07:00:00+00:00 [running]> on host 5a0aea9ec23a
[2022-04-20 20:17:51,872] {warnings.py:110} WARNING - /home/***/.local/lib/python3.7/site-packages/***/utils/context.py:156: AirflowContextDeprecationWarning: Accessing 'execution_date' from the template is deprecated and will be removed in a future version. Please use 'data_interval_start' or 'logical_date' instead.
  warnings.warn(_create_deprecation_warning(key, self._deprecation_replacements[key]))

[2022-04-20 20:17:51,885] {taskinstance.py:1448} INFO - Exporting the following env vars:
AIRFLOW_CTX_DAG_OWNER=***
AIRFLOW_CTX_DAG_ID=green_taxi_data_v3
AIRFLOW_CTX_TASK_ID=format_to_parquet_task
AIRFLOW_CTX_EXECUTION_DATE=2021-07-02T07:00:00+00:00
AIRFLOW_CTX_DAG_RUN_ID=scheduled__2021-07-02T07:00:00+00:00
[2022-04-20 20:17:51,983] {python.py:175} INFO - Done. Returned value was: None
[2022-04-20 20:17:51,990] {taskinstance.py:1288} INFO - Marking task as SUCCESS. dag_id=green_taxi_data_v3, task_id=format_to_parquet_task, execution_date=20210702T070000, start_date=20220420T201751, end_date=20220420T201751
[2022-04-20 20:17:52,037] {local_task_job.py:154} INFO - Task exited with return code 0
[2022-04-20 20:17:52,057] {local_task_job.py:264} INFO - 0 downstream tasks scheduled from follow-on schedule check
