[2022-04-20 00:34:32,879] {taskinstance.py:1043} INFO - Dependencies all met for <TaskInstance: data_ingestion_gcs_dag.local_to_gcs_task manual__2022-04-20T00:33:59.525016+00:00 [queued]>
[2022-04-20 00:34:32,884] {taskinstance.py:1043} INFO - Dependencies all met for <TaskInstance: data_ingestion_gcs_dag.local_to_gcs_task manual__2022-04-20T00:33:59.525016+00:00 [queued]>
[2022-04-20 00:34:32,884] {taskinstance.py:1249} INFO - 
--------------------------------------------------------------------------------
[2022-04-20 00:34:32,884] {taskinstance.py:1250} INFO - Starting attempt 1 of 2
[2022-04-20 00:34:32,885] {taskinstance.py:1251} INFO - 
--------------------------------------------------------------------------------
[2022-04-20 00:34:32,892] {taskinstance.py:1270} INFO - Executing <Task(PythonOperator): local_to_gcs_task> on 2022-04-20 00:33:59.525016+00:00
[2022-04-20 00:34:32,894] {standard_task_runner.py:52} INFO - Started process 2658 to run task
[2022-04-20 00:34:32,896] {standard_task_runner.py:79} INFO - Running: ['***', 'tasks', 'run', 'data_ingestion_gcs_dag', 'local_to_gcs_task', 'manual__2022-04-20T00:33:59.525016+00:00', '--job-id', '362', '--raw', '--subdir', 'DAGS_FOLDER/data_ingestion_gcs_dag.py', '--cfg-path', '/tmp/tmpjf0czlng', '--error-file', '/tmp/tmpyjb55s4l']
[2022-04-20 00:34:32,896] {standard_task_runner.py:80} INFO - Job 362: Subtask local_to_gcs_task
[2022-04-20 00:34:32,919] {logging_mixin.py:109} INFO - Running <TaskInstance: data_ingestion_gcs_dag.local_to_gcs_task manual__2022-04-20T00:33:59.525016+00:00 [running]> on host 1b91fda6947c
[2022-04-20 00:34:32,944] {taskinstance.py:1448} INFO - Exporting the following env vars:
AIRFLOW_CTX_DAG_OWNER=***
AIRFLOW_CTX_DAG_ID=data_ingestion_gcs_dag
AIRFLOW_CTX_TASK_ID=local_to_gcs_task
AIRFLOW_CTX_EXECUTION_DATE=2022-04-20T00:33:59.525016+00:00
AIRFLOW_CTX_DAG_RUN_ID=manual__2022-04-20T00:33:59.525016+00:00
[2022-04-20 00:34:51,781] {python.py:175} INFO - Done. Returned value was: None
[2022-04-20 00:34:51,787] {taskinstance.py:1288} INFO - Marking task as SUCCESS. dag_id=data_ingestion_gcs_dag, task_id=local_to_gcs_task, execution_date=20220420T003359, start_date=20220420T003432, end_date=20220420T003451
[2022-04-20 00:34:51,802] {local_task_job.py:154} INFO - Task exited with return code 0
[2022-04-20 00:34:51,819] {local_task_job.py:264} INFO - 1 downstream tasks scheduled from follow-on schedule check
