[2022-04-20 00:24:57,368] {taskinstance.py:1043} INFO - Dependencies all met for <TaskInstance: data_ingestion_gcs_dag.format_to_parquet_task manual__2022-04-20T00:24:04.587907+00:00 [queued]>
[2022-04-20 00:24:57,374] {taskinstance.py:1043} INFO - Dependencies all met for <TaskInstance: data_ingestion_gcs_dag.format_to_parquet_task manual__2022-04-20T00:24:04.587907+00:00 [queued]>
[2022-04-20 00:24:57,374] {taskinstance.py:1249} INFO - 
--------------------------------------------------------------------------------
[2022-04-20 00:24:57,374] {taskinstance.py:1250} INFO - Starting attempt 1 of 2
[2022-04-20 00:24:57,374] {taskinstance.py:1251} INFO - 
--------------------------------------------------------------------------------
[2022-04-20 00:24:57,381] {taskinstance.py:1270} INFO - Executing <Task(PythonOperator): format_to_parquet_task> on 2022-04-20 00:24:04.587907+00:00
[2022-04-20 00:24:57,384] {standard_task_runner.py:52} INFO - Started process 2101 to run task
[2022-04-20 00:24:57,385] {standard_task_runner.py:79} INFO - Running: ['***', 'tasks', 'run', 'data_ingestion_gcs_dag', 'format_to_parquet_task', 'manual__2022-04-20T00:24:04.587907+00:00', '--job-id', '353', '--raw', '--subdir', 'DAGS_FOLDER/data_ingestion_gcs_dag.py', '--cfg-path', '/tmp/tmp389ldowp', '--error-file', '/tmp/tmpa4vlb3yg']
[2022-04-20 00:24:57,386] {standard_task_runner.py:80} INFO - Job 353: Subtask format_to_parquet_task
[2022-04-20 00:24:57,409] {logging_mixin.py:109} INFO - Running <TaskInstance: data_ingestion_gcs_dag.format_to_parquet_task manual__2022-04-20T00:24:04.587907+00:00 [running]> on host 1b91fda6947c
[2022-04-20 00:24:57,434] {taskinstance.py:1448} INFO - Exporting the following env vars:
AIRFLOW_CTX_DAG_OWNER=***
AIRFLOW_CTX_DAG_ID=data_ingestion_gcs_dag
AIRFLOW_CTX_TASK_ID=format_to_parquet_task
AIRFLOW_CTX_EXECUTION_DATE=2022-04-20T00:24:04.587907+00:00
AIRFLOW_CTX_DAG_RUN_ID=manual__2022-04-20T00:24:04.587907+00:00
[2022-04-20 00:24:57,944] {python.py:175} INFO - Done. Returned value was: None
[2022-04-20 00:24:57,951] {taskinstance.py:1288} INFO - Marking task as SUCCESS. dag_id=data_ingestion_gcs_dag, task_id=format_to_parquet_task, execution_date=20220420T002404, start_date=20220420T002457, end_date=20220420T002457
[2022-04-20 00:24:57,999] {local_task_job.py:154} INFO - Task exited with return code 0
[2022-04-20 00:24:58,019] {local_task_job.py:264} INFO - 1 downstream tasks scheduled from follow-on schedule check
