[2022-04-20 00:41:04,302] {taskinstance.py:1043} INFO - Dependencies all met for <TaskInstance: gcs_to_bq_dag.gcs_to_bq_ext_task scheduled__2022-04-19T00:00:00+00:00 [queued]>
[2022-04-20 00:41:04,308] {taskinstance.py:1043} INFO - Dependencies all met for <TaskInstance: gcs_to_bq_dag.gcs_to_bq_ext_task scheduled__2022-04-19T00:00:00+00:00 [queued]>
[2022-04-20 00:41:04,308] {taskinstance.py:1249} INFO - 
--------------------------------------------------------------------------------
[2022-04-20 00:41:04,308] {taskinstance.py:1250} INFO - Starting attempt 1 of 2
[2022-04-20 00:41:04,308] {taskinstance.py:1251} INFO - 
--------------------------------------------------------------------------------
[2022-04-20 00:41:04,315] {taskinstance.py:1270} INFO - Executing <Task(BigQueryCreateExternalTableOperator): gcs_to_bq_ext_task> on 2022-04-19 00:00:00+00:00
[2022-04-20 00:41:04,318] {standard_task_runner.py:52} INFO - Started process 101 to run task
[2022-04-20 00:41:04,319] {standard_task_runner.py:79} INFO - Running: ['***', 'tasks', 'run', 'gcs_to_bq_dag', 'gcs_to_bq_ext_task', 'scheduled__2022-04-19T00:00:00+00:00', '--job-id', '369', '--raw', '--subdir', 'DAGS_FOLDER/gcs_to_bq_dag.py', '--cfg-path', '/tmp/tmprq1zhl4c', '--error-file', '/tmp/tmp2z0itnzf']
[2022-04-20 00:41:04,320] {standard_task_runner.py:80} INFO - Job 369: Subtask gcs_to_bq_ext_task
[2022-04-20 00:41:04,345] {logging_mixin.py:109} INFO - Running <TaskInstance: gcs_to_bq_dag.gcs_to_bq_ext_task scheduled__2022-04-19T00:00:00+00:00 [running]> on host f4945e03cd2f
[2022-04-20 00:41:04,371] {taskinstance.py:1448} INFO - Exporting the following env vars:
AIRFLOW_CTX_DAG_OWNER=***
AIRFLOW_CTX_DAG_ID=gcs_to_bq_dag
AIRFLOW_CTX_TASK_ID=gcs_to_bq_ext_task
AIRFLOW_CTX_EXECUTION_DATE=2022-04-19T00:00:00+00:00
AIRFLOW_CTX_DAG_RUN_ID=scheduled__2022-04-19T00:00:00+00:00
[2022-04-20 00:41:04,372] {crypto.py:82} WARNING - empty cryptography key - values will not be stored encrypted.
[2022-04-20 00:41:05,235] {taskinstance.py:1288} INFO - Marking task as SUCCESS. dag_id=gcs_to_bq_dag, task_id=gcs_to_bq_ext_task, execution_date=20220419T000000, start_date=20220420T004104, end_date=20220420T004105
[2022-04-20 00:41:05,253] {local_task_job.py:154} INFO - Task exited with return code 0
[2022-04-20 00:41:05,270] {local_task_job.py:264} INFO - 1 downstream tasks scheduled from follow-on schedule check
