[2022-04-20 00:34:20,750] {taskinstance.py:1043} INFO - Dependencies all met for <TaskInstance: data_ingestion_gcs_dag.download_dataset_task manual__2022-04-20T00:33:59.525016+00:00 [queued]>
[2022-04-20 00:34:20,755] {taskinstance.py:1043} INFO - Dependencies all met for <TaskInstance: data_ingestion_gcs_dag.download_dataset_task manual__2022-04-20T00:33:59.525016+00:00 [queued]>
[2022-04-20 00:34:20,755] {taskinstance.py:1249} INFO - 
--------------------------------------------------------------------------------
[2022-04-20 00:34:20,755] {taskinstance.py:1250} INFO - Starting attempt 1 of 2
[2022-04-20 00:34:20,756] {taskinstance.py:1251} INFO - 
--------------------------------------------------------------------------------
[2022-04-20 00:34:20,763] {taskinstance.py:1270} INFO - Executing <Task(BashOperator): download_dataset_task> on 2022-04-20 00:33:59.525016+00:00
[2022-04-20 00:34:20,765] {standard_task_runner.py:52} INFO - Started process 2627 to run task
[2022-04-20 00:34:20,767] {standard_task_runner.py:79} INFO - Running: ['***', 'tasks', 'run', 'data_ingestion_gcs_dag', 'download_dataset_task', 'manual__2022-04-20T00:33:59.525016+00:00', '--job-id', '360', '--raw', '--subdir', 'DAGS_FOLDER/data_ingestion_gcs_dag.py', '--cfg-path', '/tmp/tmp3eg9643g', '--error-file', '/tmp/tmpxpqbhxyq']
[2022-04-20 00:34:20,768] {standard_task_runner.py:80} INFO - Job 360: Subtask download_dataset_task
[2022-04-20 00:34:20,794] {logging_mixin.py:109} INFO - Running <TaskInstance: data_ingestion_gcs_dag.download_dataset_task manual__2022-04-20T00:33:59.525016+00:00 [running]> on host 1b91fda6947c
[2022-04-20 00:34:20,818] {taskinstance.py:1448} INFO - Exporting the following env vars:
AIRFLOW_CTX_DAG_OWNER=***
AIRFLOW_CTX_DAG_ID=data_ingestion_gcs_dag
AIRFLOW_CTX_TASK_ID=download_dataset_task
AIRFLOW_CTX_EXECUTION_DATE=2022-04-20T00:33:59.525016+00:00
AIRFLOW_CTX_DAG_RUN_ID=manual__2022-04-20T00:33:59.525016+00:00
[2022-04-20 00:34:20,819] {subprocess.py:62} INFO - Tmp dir root location: 
 /tmp
[2022-04-20 00:34:20,820] {subprocess.py:74} INFO - Running command: ['bash', '-c', 'curl -sSL https://s3.amazonaws.com/nyc-tlc/trip+data/yellow_tripdata_2021-01.csv > /opt/***/yellow_tripdata_2021-01.csv']
[2022-04-20 00:34:20,824] {subprocess.py:85} INFO - Output:
[2022-04-20 00:34:31,212] {subprocess.py:93} INFO - Command exited with return code 0
[2022-04-20 00:34:31,228] {taskinstance.py:1288} INFO - Marking task as SUCCESS. dag_id=data_ingestion_gcs_dag, task_id=download_dataset_task, execution_date=20220420T003359, start_date=20220420T003420, end_date=20220420T003431
[2022-04-20 00:34:31,282] {local_task_job.py:154} INFO - Task exited with return code 0
[2022-04-20 00:34:31,299] {dagrun.py:630} WARNING - Failed to get task '<TaskInstance: data_ingestion_gcs_dag.gcs_to_bq_ext_task manual__2022-04-20T00:33:59.525016+00:00 [removed]>' for dag 'data_ingestion_gcs_dag'. Marking it as removed.
[2022-04-20 00:34:31,299] {dagrun.py:630} WARNING - Failed to get task '<TaskInstance: data_ingestion_gcs_dag.bq_ext_to_part_task manual__2022-04-20T00:33:59.525016+00:00 [removed]>' for dag 'data_ingestion_gcs_dag'. Marking it as removed.
[2022-04-20 00:34:31,299] {dagrun.py:630} WARNING - Failed to get task '<TaskInstance: data_ingestion_gcs_dag.gcs_to_gcs_task manual__2022-04-20T00:33:59.525016+00:00 [removed]>' for dag 'data_ingestion_gcs_dag'. Marking it as removed.
[2022-04-20 00:34:31,305] {local_task_job.py:264} INFO - 1 downstream tasks scheduled from follow-on schedule check
