[2022-04-19 23:44:11,396] {processor.py:163} INFO - Started process (PID=32) to work on /opt/airflow/dags/data_ingestion_gcs_dag.py
[2022-04-19 23:44:11,397] {processor.py:642} INFO - Processing file /opt/airflow/dags/data_ingestion_gcs_dag.py for tasks to queue
[2022-04-19 23:44:11,397] {logging_mixin.py:109} INFO - [2022-04-19 23:44:11,397] {dagbag.py:500} INFO - Filling up the DagBag from /opt/airflow/dags/data_ingestion_gcs_dag.py
[2022-04-19 23:44:12,609] {processor.py:652} INFO - DAG(s) dict_keys(['data_ingestion_gcs_dag']) retrieved from /opt/airflow/dags/data_ingestion_gcs_dag.py
[2022-04-19 23:44:12,619] {logging_mixin.py:109} INFO - [2022-04-19 23:44:12,619] {dag.py:2398} INFO - Sync 1 DAGs
[2022-04-19 23:44:12,629] {logging_mixin.py:109} INFO - [2022-04-19 23:44:12,629] {dag.py:2937} INFO - Setting next_dagrun for data_ingestion_gcs_dag to 2022-04-18 00:00:00+00:00
[2022-04-19 23:44:12,637] {processor.py:171} INFO - Processing /opt/airflow/dags/data_ingestion_gcs_dag.py took 1.243 seconds
[2022-04-19 23:44:42,682] {processor.py:163} INFO - Started process (PID=99) to work on /opt/airflow/dags/data_ingestion_gcs_dag.py
[2022-04-19 23:44:42,682] {processor.py:642} INFO - Processing file /opt/airflow/dags/data_ingestion_gcs_dag.py for tasks to queue
[2022-04-19 23:44:42,683] {logging_mixin.py:109} INFO - [2022-04-19 23:44:42,683] {dagbag.py:500} INFO - Filling up the DagBag from /opt/airflow/dags/data_ingestion_gcs_dag.py
[2022-04-19 23:44:43,086] {processor.py:652} INFO - DAG(s) dict_keys(['data_ingestion_gcs_dag']) retrieved from /opt/airflow/dags/data_ingestion_gcs_dag.py
[2022-04-19 23:44:43,095] {logging_mixin.py:109} INFO - [2022-04-19 23:44:43,094] {dag.py:2398} INFO - Sync 1 DAGs
[2022-04-19 23:44:43,102] {logging_mixin.py:109} INFO - [2022-04-19 23:44:43,102] {dag.py:2937} INFO - Setting next_dagrun for data_ingestion_gcs_dag to 2022-04-18 00:00:00+00:00
[2022-04-19 23:44:43,110] {processor.py:171} INFO - Processing /opt/airflow/dags/data_ingestion_gcs_dag.py took 0.429 seconds
[2022-04-19 23:45:13,784] {processor.py:163} INFO - Started process (PID=153) to work on /opt/airflow/dags/data_ingestion_gcs_dag.py
[2022-04-19 23:45:13,785] {processor.py:642} INFO - Processing file /opt/airflow/dags/data_ingestion_gcs_dag.py for tasks to queue
[2022-04-19 23:45:13,785] {logging_mixin.py:109} INFO - [2022-04-19 23:45:13,785] {dagbag.py:500} INFO - Filling up the DagBag from /opt/airflow/dags/data_ingestion_gcs_dag.py
[2022-04-19 23:45:14,221] {processor.py:652} INFO - DAG(s) dict_keys(['data_ingestion_gcs_dag']) retrieved from /opt/airflow/dags/data_ingestion_gcs_dag.py
[2022-04-19 23:45:14,230] {logging_mixin.py:109} INFO - [2022-04-19 23:45:14,230] {dag.py:2398} INFO - Sync 1 DAGs
[2022-04-19 23:45:14,238] {logging_mixin.py:109} INFO - [2022-04-19 23:45:14,238] {dag.py:2937} INFO - Setting next_dagrun for data_ingestion_gcs_dag to 2022-04-18 00:00:00+00:00
[2022-04-19 23:45:14,245] {processor.py:171} INFO - Processing /opt/airflow/dags/data_ingestion_gcs_dag.py took 0.462 seconds
[2022-04-19 23:45:45,081] {processor.py:163} INFO - Started process (PID=209) to work on /opt/airflow/dags/data_ingestion_gcs_dag.py
[2022-04-19 23:45:45,081] {processor.py:642} INFO - Processing file /opt/airflow/dags/data_ingestion_gcs_dag.py for tasks to queue
[2022-04-19 23:45:45,081] {logging_mixin.py:109} INFO - [2022-04-19 23:45:45,081] {dagbag.py:500} INFO - Filling up the DagBag from /opt/airflow/dags/data_ingestion_gcs_dag.py
[2022-04-19 23:45:45,489] {processor.py:652} INFO - DAG(s) dict_keys(['data_ingestion_gcs_dag']) retrieved from /opt/airflow/dags/data_ingestion_gcs_dag.py
[2022-04-19 23:45:45,498] {logging_mixin.py:109} INFO - [2022-04-19 23:45:45,497] {dag.py:2398} INFO - Sync 1 DAGs
[2022-04-19 23:45:45,505] {logging_mixin.py:109} INFO - [2022-04-19 23:45:45,505] {dag.py:2937} INFO - Setting next_dagrun for data_ingestion_gcs_dag to 2022-04-18 00:00:00+00:00
[2022-04-19 23:45:45,513] {processor.py:171} INFO - Processing /opt/airflow/dags/data_ingestion_gcs_dag.py took 0.433 seconds
[2022-04-19 23:46:16,353] {processor.py:163} INFO - Started process (PID=254) to work on /opt/airflow/dags/data_ingestion_gcs_dag.py
[2022-04-19 23:46:16,353] {processor.py:642} INFO - Processing file /opt/airflow/dags/data_ingestion_gcs_dag.py for tasks to queue
[2022-04-19 23:46:16,354] {logging_mixin.py:109} INFO - [2022-04-19 23:46:16,354] {dagbag.py:500} INFO - Filling up the DagBag from /opt/airflow/dags/data_ingestion_gcs_dag.py
[2022-04-19 23:46:16,819] {processor.py:652} INFO - DAG(s) dict_keys(['data_ingestion_gcs_dag']) retrieved from /opt/airflow/dags/data_ingestion_gcs_dag.py
[2022-04-19 23:46:16,840] {logging_mixin.py:109} INFO - [2022-04-19 23:46:16,840] {dag.py:2398} INFO - Sync 1 DAGs
[2022-04-19 23:46:16,849] {logging_mixin.py:109} INFO - [2022-04-19 23:46:16,849] {dag.py:2937} INFO - Setting next_dagrun for data_ingestion_gcs_dag to 2022-04-18 00:00:00+00:00
[2022-04-19 23:46:16,856] {processor.py:171} INFO - Processing /opt/airflow/dags/data_ingestion_gcs_dag.py took 0.504 seconds
[2022-04-19 23:46:47,602] {processor.py:163} INFO - Started process (PID=307) to work on /opt/airflow/dags/data_ingestion_gcs_dag.py
[2022-04-19 23:46:47,603] {processor.py:642} INFO - Processing file /opt/airflow/dags/data_ingestion_gcs_dag.py for tasks to queue
[2022-04-19 23:46:47,603] {logging_mixin.py:109} INFO - [2022-04-19 23:46:47,603] {dagbag.py:500} INFO - Filling up the DagBag from /opt/airflow/dags/data_ingestion_gcs_dag.py
[2022-04-19 23:46:48,007] {processor.py:652} INFO - DAG(s) dict_keys(['data_ingestion_gcs_dag']) retrieved from /opt/airflow/dags/data_ingestion_gcs_dag.py
[2022-04-19 23:46:48,016] {logging_mixin.py:109} INFO - [2022-04-19 23:46:48,016] {dag.py:2398} INFO - Sync 1 DAGs
[2022-04-19 23:46:48,023] {logging_mixin.py:109} INFO - [2022-04-19 23:46:48,023] {dag.py:2937} INFO - Setting next_dagrun for data_ingestion_gcs_dag to 2022-04-18 00:00:00+00:00
[2022-04-19 23:46:48,034] {processor.py:171} INFO - Processing /opt/airflow/dags/data_ingestion_gcs_dag.py took 0.433 seconds
[2022-04-19 23:47:18,859] {processor.py:163} INFO - Started process (PID=362) to work on /opt/airflow/dags/data_ingestion_gcs_dag.py
[2022-04-19 23:47:18,859] {processor.py:642} INFO - Processing file /opt/airflow/dags/data_ingestion_gcs_dag.py for tasks to queue
[2022-04-19 23:47:18,860] {logging_mixin.py:109} INFO - [2022-04-19 23:47:18,860] {dagbag.py:500} INFO - Filling up the DagBag from /opt/airflow/dags/data_ingestion_gcs_dag.py
[2022-04-19 23:47:19,282] {processor.py:652} INFO - DAG(s) dict_keys(['data_ingestion_gcs_dag']) retrieved from /opt/airflow/dags/data_ingestion_gcs_dag.py
[2022-04-19 23:47:19,291] {logging_mixin.py:109} INFO - [2022-04-19 23:47:19,291] {dag.py:2398} INFO - Sync 1 DAGs
[2022-04-19 23:47:19,300] {logging_mixin.py:109} INFO - [2022-04-19 23:47:19,300] {dag.py:2937} INFO - Setting next_dagrun for data_ingestion_gcs_dag to 2022-04-18 00:00:00+00:00
[2022-04-19 23:47:19,307] {processor.py:171} INFO - Processing /opt/airflow/dags/data_ingestion_gcs_dag.py took 0.449 seconds
[2022-04-19 23:47:49,332] {processor.py:163} INFO - Started process (PID=416) to work on /opt/airflow/dags/data_ingestion_gcs_dag.py
[2022-04-19 23:47:49,333] {processor.py:642} INFO - Processing file /opt/airflow/dags/data_ingestion_gcs_dag.py for tasks to queue
[2022-04-19 23:47:49,334] {logging_mixin.py:109} INFO - [2022-04-19 23:47:49,334] {dagbag.py:500} INFO - Filling up the DagBag from /opt/airflow/dags/data_ingestion_gcs_dag.py
[2022-04-19 23:47:49,942] {processor.py:652} INFO - DAG(s) dict_keys(['data_ingestion_gcs_dag']) retrieved from /opt/airflow/dags/data_ingestion_gcs_dag.py
[2022-04-19 23:47:49,951] {logging_mixin.py:109} INFO - [2022-04-19 23:47:49,951] {dag.py:2398} INFO - Sync 1 DAGs
[2022-04-19 23:47:49,959] {logging_mixin.py:109} INFO - [2022-04-19 23:47:49,959] {dag.py:2937} INFO - Setting next_dagrun for data_ingestion_gcs_dag to 2022-04-18 00:00:00+00:00
[2022-04-19 23:47:49,966] {processor.py:171} INFO - Processing /opt/airflow/dags/data_ingestion_gcs_dag.py took 0.634 seconds
[2022-04-19 23:48:20,418] {processor.py:163} INFO - Started process (PID=469) to work on /opt/airflow/dags/data_ingestion_gcs_dag.py
[2022-04-19 23:48:20,419] {processor.py:642} INFO - Processing file /opt/airflow/dags/data_ingestion_gcs_dag.py for tasks to queue
[2022-04-19 23:48:20,419] {logging_mixin.py:109} INFO - [2022-04-19 23:48:20,419] {dagbag.py:500} INFO - Filling up the DagBag from /opt/airflow/dags/data_ingestion_gcs_dag.py
[2022-04-19 23:48:20,820] {processor.py:652} INFO - DAG(s) dict_keys(['data_ingestion_gcs_dag']) retrieved from /opt/airflow/dags/data_ingestion_gcs_dag.py
[2022-04-19 23:48:20,829] {logging_mixin.py:109} INFO - [2022-04-19 23:48:20,829] {dag.py:2398} INFO - Sync 1 DAGs
[2022-04-19 23:48:20,836] {logging_mixin.py:109} INFO - [2022-04-19 23:48:20,836] {dag.py:2937} INFO - Setting next_dagrun for data_ingestion_gcs_dag to 2022-04-18 00:00:00+00:00
[2022-04-19 23:48:20,844] {processor.py:171} INFO - Processing /opt/airflow/dags/data_ingestion_gcs_dag.py took 0.426 seconds
[2022-04-19 23:48:50,866] {processor.py:163} INFO - Started process (PID=522) to work on /opt/airflow/dags/data_ingestion_gcs_dag.py
[2022-04-19 23:48:50,866] {processor.py:642} INFO - Processing file /opt/airflow/dags/data_ingestion_gcs_dag.py for tasks to queue
[2022-04-19 23:48:50,867] {logging_mixin.py:109} INFO - [2022-04-19 23:48:50,866] {dagbag.py:500} INFO - Filling up the DagBag from /opt/airflow/dags/data_ingestion_gcs_dag.py
[2022-04-19 23:48:51,270] {processor.py:652} INFO - DAG(s) dict_keys(['data_ingestion_gcs_dag']) retrieved from /opt/airflow/dags/data_ingestion_gcs_dag.py
[2022-04-19 23:48:51,279] {logging_mixin.py:109} INFO - [2022-04-19 23:48:51,278] {dag.py:2398} INFO - Sync 1 DAGs
[2022-04-19 23:48:51,286] {logging_mixin.py:109} INFO - [2022-04-19 23:48:51,286] {dag.py:2937} INFO - Setting next_dagrun for data_ingestion_gcs_dag to 2022-04-18 00:00:00+00:00
[2022-04-19 23:48:51,292] {processor.py:171} INFO - Processing /opt/airflow/dags/data_ingestion_gcs_dag.py took 0.428 seconds
[2022-04-19 23:49:21,987] {processor.py:163} INFO - Started process (PID=575) to work on /opt/airflow/dags/data_ingestion_gcs_dag.py
[2022-04-19 23:49:21,988] {processor.py:642} INFO - Processing file /opt/airflow/dags/data_ingestion_gcs_dag.py for tasks to queue
[2022-04-19 23:49:21,988] {logging_mixin.py:109} INFO - [2022-04-19 23:49:21,988] {dagbag.py:500} INFO - Filling up the DagBag from /opt/airflow/dags/data_ingestion_gcs_dag.py
[2022-04-19 23:49:22,439] {processor.py:652} INFO - DAG(s) dict_keys(['data_ingestion_gcs_dag']) retrieved from /opt/airflow/dags/data_ingestion_gcs_dag.py
[2022-04-19 23:49:22,449] {logging_mixin.py:109} INFO - [2022-04-19 23:49:22,449] {dag.py:2398} INFO - Sync 1 DAGs
[2022-04-19 23:49:22,457] {logging_mixin.py:109} INFO - [2022-04-19 23:49:22,457] {dag.py:2937} INFO - Setting next_dagrun for data_ingestion_gcs_dag to 2022-04-18 00:00:00+00:00
[2022-04-19 23:49:22,465] {processor.py:171} INFO - Processing /opt/airflow/dags/data_ingestion_gcs_dag.py took 0.478 seconds
[2022-04-19 23:49:53,255] {processor.py:163} INFO - Started process (PID=619) to work on /opt/airflow/dags/data_ingestion_gcs_dag.py
[2022-04-19 23:49:53,255] {processor.py:642} INFO - Processing file /opt/airflow/dags/data_ingestion_gcs_dag.py for tasks to queue
[2022-04-19 23:49:53,255] {logging_mixin.py:109} INFO - [2022-04-19 23:49:53,255] {dagbag.py:500} INFO - Filling up the DagBag from /opt/airflow/dags/data_ingestion_gcs_dag.py
[2022-04-19 23:49:53,713] {processor.py:652} INFO - DAG(s) dict_keys(['data_ingestion_gcs_dag']) retrieved from /opt/airflow/dags/data_ingestion_gcs_dag.py
[2022-04-19 23:49:53,724] {logging_mixin.py:109} INFO - [2022-04-19 23:49:53,723] {dag.py:2398} INFO - Sync 1 DAGs
[2022-04-19 23:49:53,734] {logging_mixin.py:109} INFO - [2022-04-19 23:49:53,734] {dag.py:2937} INFO - Setting next_dagrun for data_ingestion_gcs_dag to 2022-04-18 00:00:00+00:00
[2022-04-19 23:49:53,742] {processor.py:171} INFO - Processing /opt/airflow/dags/data_ingestion_gcs_dag.py took 0.488 seconds
[2022-04-19 23:50:23,820] {processor.py:163} INFO - Started process (PID=673) to work on /opt/airflow/dags/data_ingestion_gcs_dag.py
[2022-04-19 23:50:23,820] {processor.py:642} INFO - Processing file /opt/airflow/dags/data_ingestion_gcs_dag.py for tasks to queue
[2022-04-19 23:50:23,821] {logging_mixin.py:109} INFO - [2022-04-19 23:50:23,821] {dagbag.py:500} INFO - Filling up the DagBag from /opt/airflow/dags/data_ingestion_gcs_dag.py
[2022-04-19 23:50:24,242] {processor.py:652} INFO - DAG(s) dict_keys(['data_ingestion_gcs_dag']) retrieved from /opt/airflow/dags/data_ingestion_gcs_dag.py
[2022-04-19 23:50:24,250] {logging_mixin.py:109} INFO - [2022-04-19 23:50:24,250] {dag.py:2398} INFO - Sync 1 DAGs
[2022-04-19 23:50:24,258] {logging_mixin.py:109} INFO - [2022-04-19 23:50:24,258] {dag.py:2937} INFO - Setting next_dagrun for data_ingestion_gcs_dag to 2022-04-18 00:00:00+00:00
[2022-04-19 23:50:24,266] {processor.py:171} INFO - Processing /opt/airflow/dags/data_ingestion_gcs_dag.py took 0.447 seconds
[2022-04-19 23:50:54,992] {processor.py:163} INFO - Started process (PID=726) to work on /opt/airflow/dags/data_ingestion_gcs_dag.py
[2022-04-19 23:50:54,993] {processor.py:642} INFO - Processing file /opt/airflow/dags/data_ingestion_gcs_dag.py for tasks to queue
[2022-04-19 23:50:54,993] {logging_mixin.py:109} INFO - [2022-04-19 23:50:54,993] {dagbag.py:500} INFO - Filling up the DagBag from /opt/airflow/dags/data_ingestion_gcs_dag.py
[2022-04-19 23:50:55,439] {processor.py:652} INFO - DAG(s) dict_keys(['data_ingestion_gcs_dag']) retrieved from /opt/airflow/dags/data_ingestion_gcs_dag.py
[2022-04-19 23:50:55,447] {logging_mixin.py:109} INFO - [2022-04-19 23:50:55,447] {dag.py:2398} INFO - Sync 1 DAGs
[2022-04-19 23:50:55,455] {logging_mixin.py:109} INFO - [2022-04-19 23:50:55,455] {dag.py:2937} INFO - Setting next_dagrun for data_ingestion_gcs_dag to 2022-04-18 00:00:00+00:00
[2022-04-19 23:50:55,462] {processor.py:171} INFO - Processing /opt/airflow/dags/data_ingestion_gcs_dag.py took 0.471 seconds
[2022-04-19 23:51:25,516] {processor.py:163} INFO - Started process (PID=780) to work on /opt/airflow/dags/data_ingestion_gcs_dag.py
[2022-04-19 23:51:25,517] {processor.py:642} INFO - Processing file /opt/airflow/dags/data_ingestion_gcs_dag.py for tasks to queue
[2022-04-19 23:51:25,517] {logging_mixin.py:109} INFO - [2022-04-19 23:51:25,517] {dagbag.py:500} INFO - Filling up the DagBag from /opt/airflow/dags/data_ingestion_gcs_dag.py
[2022-04-19 23:51:25,947] {processor.py:652} INFO - DAG(s) dict_keys(['data_ingestion_gcs_dag']) retrieved from /opt/airflow/dags/data_ingestion_gcs_dag.py
[2022-04-19 23:51:25,955] {logging_mixin.py:109} INFO - [2022-04-19 23:51:25,955] {dag.py:2398} INFO - Sync 1 DAGs
[2022-04-19 23:51:25,964] {logging_mixin.py:109} INFO - [2022-04-19 23:51:25,964] {dag.py:2937} INFO - Setting next_dagrun for data_ingestion_gcs_dag to 2022-04-18 00:00:00+00:00
[2022-04-19 23:51:25,970] {processor.py:171} INFO - Processing /opt/airflow/dags/data_ingestion_gcs_dag.py took 0.455 seconds
[2022-04-19 23:51:56,619] {processor.py:163} INFO - Started process (PID=833) to work on /opt/airflow/dags/data_ingestion_gcs_dag.py
[2022-04-19 23:51:56,620] {processor.py:642} INFO - Processing file /opt/airflow/dags/data_ingestion_gcs_dag.py for tasks to queue
[2022-04-19 23:51:56,620] {logging_mixin.py:109} INFO - [2022-04-19 23:51:56,620] {dagbag.py:500} INFO - Filling up the DagBag from /opt/airflow/dags/data_ingestion_gcs_dag.py
[2022-04-19 23:51:57,087] {processor.py:652} INFO - DAG(s) dict_keys(['data_ingestion_gcs_dag']) retrieved from /opt/airflow/dags/data_ingestion_gcs_dag.py
[2022-04-19 23:51:57,096] {logging_mixin.py:109} INFO - [2022-04-19 23:51:57,096] {dag.py:2398} INFO - Sync 1 DAGs
[2022-04-19 23:51:57,105] {logging_mixin.py:109} INFO - [2022-04-19 23:51:57,105] {dag.py:2937} INFO - Setting next_dagrun for data_ingestion_gcs_dag to 2022-04-18 00:00:00+00:00
[2022-04-19 23:51:57,111] {processor.py:171} INFO - Processing /opt/airflow/dags/data_ingestion_gcs_dag.py took 0.493 seconds
[2022-04-19 23:52:27,168] {processor.py:163} INFO - Started process (PID=884) to work on /opt/airflow/dags/data_ingestion_gcs_dag.py
[2022-04-19 23:52:27,168] {processor.py:642} INFO - Processing file /opt/airflow/dags/data_ingestion_gcs_dag.py for tasks to queue
[2022-04-19 23:52:27,169] {logging_mixin.py:109} INFO - [2022-04-19 23:52:27,168] {dagbag.py:500} INFO - Filling up the DagBag from /opt/airflow/dags/data_ingestion_gcs_dag.py
[2022-04-19 23:52:27,649] {processor.py:652} INFO - DAG(s) dict_keys(['data_ingestion_gcs_dag']) retrieved from /opt/airflow/dags/data_ingestion_gcs_dag.py
[2022-04-19 23:52:27,658] {logging_mixin.py:109} INFO - [2022-04-19 23:52:27,658] {dag.py:2398} INFO - Sync 1 DAGs
[2022-04-19 23:52:27,666] {logging_mixin.py:109} INFO - [2022-04-19 23:52:27,666] {dag.py:2937} INFO - Setting next_dagrun for data_ingestion_gcs_dag to 2022-04-18 00:00:00+00:00
[2022-04-19 23:52:27,673] {processor.py:171} INFO - Processing /opt/airflow/dags/data_ingestion_gcs_dag.py took 0.507 seconds
[2022-04-19 23:52:58,266] {processor.py:163} INFO - Started process (PID=933) to work on /opt/airflow/dags/data_ingestion_gcs_dag.py
[2022-04-19 23:52:58,266] {processor.py:642} INFO - Processing file /opt/airflow/dags/data_ingestion_gcs_dag.py for tasks to queue
[2022-04-19 23:52:58,267] {logging_mixin.py:109} INFO - [2022-04-19 23:52:58,267] {dagbag.py:500} INFO - Filling up the DagBag from /opt/airflow/dags/data_ingestion_gcs_dag.py
[2022-04-19 23:52:58,678] {processor.py:652} INFO - DAG(s) dict_keys(['data_ingestion_gcs_dag']) retrieved from /opt/airflow/dags/data_ingestion_gcs_dag.py
[2022-04-19 23:52:58,686] {logging_mixin.py:109} INFO - [2022-04-19 23:52:58,686] {dag.py:2398} INFO - Sync 1 DAGs
[2022-04-19 23:52:58,694] {logging_mixin.py:109} INFO - [2022-04-19 23:52:58,694] {dag.py:2937} INFO - Setting next_dagrun for data_ingestion_gcs_dag to 2022-04-18 00:00:00+00:00
[2022-04-19 23:52:58,701] {processor.py:171} INFO - Processing /opt/airflow/dags/data_ingestion_gcs_dag.py took 0.436 seconds
[2022-04-19 23:53:28,788] {processor.py:163} INFO - Started process (PID=986) to work on /opt/airflow/dags/data_ingestion_gcs_dag.py
[2022-04-19 23:53:28,789] {processor.py:642} INFO - Processing file /opt/airflow/dags/data_ingestion_gcs_dag.py for tasks to queue
[2022-04-19 23:53:28,789] {logging_mixin.py:109} INFO - [2022-04-19 23:53:28,789] {dagbag.py:500} INFO - Filling up the DagBag from /opt/airflow/dags/data_ingestion_gcs_dag.py
[2022-04-19 23:53:29,182] {processor.py:652} INFO - DAG(s) dict_keys(['data_ingestion_gcs_dag']) retrieved from /opt/airflow/dags/data_ingestion_gcs_dag.py
[2022-04-19 23:53:29,191] {logging_mixin.py:109} INFO - [2022-04-19 23:53:29,191] {dag.py:2398} INFO - Sync 1 DAGs
[2022-04-19 23:53:29,199] {logging_mixin.py:109} INFO - [2022-04-19 23:53:29,199] {dag.py:2937} INFO - Setting next_dagrun for data_ingestion_gcs_dag to 2022-04-18 00:00:00+00:00
[2022-04-19 23:53:29,205] {processor.py:171} INFO - Processing /opt/airflow/dags/data_ingestion_gcs_dag.py took 0.418 seconds
[2022-04-19 23:53:59,892] {processor.py:163} INFO - Started process (PID=1040) to work on /opt/airflow/dags/data_ingestion_gcs_dag.py
[2022-04-19 23:53:59,892] {processor.py:642} INFO - Processing file /opt/airflow/dags/data_ingestion_gcs_dag.py for tasks to queue
[2022-04-19 23:53:59,893] {logging_mixin.py:109} INFO - [2022-04-19 23:53:59,893] {dagbag.py:500} INFO - Filling up the DagBag from /opt/airflow/dags/data_ingestion_gcs_dag.py
[2022-04-19 23:54:00,289] {processor.py:652} INFO - DAG(s) dict_keys(['data_ingestion_gcs_dag']) retrieved from /opt/airflow/dags/data_ingestion_gcs_dag.py
[2022-04-19 23:54:00,299] {logging_mixin.py:109} INFO - [2022-04-19 23:54:00,299] {dag.py:2398} INFO - Sync 1 DAGs
[2022-04-19 23:54:00,307] {logging_mixin.py:109} INFO - [2022-04-19 23:54:00,307] {dag.py:2937} INFO - Setting next_dagrun for data_ingestion_gcs_dag to 2022-04-18 00:00:00+00:00
[2022-04-19 23:54:00,314] {processor.py:171} INFO - Processing /opt/airflow/dags/data_ingestion_gcs_dag.py took 0.423 seconds
[2022-04-19 23:54:30,397] {processor.py:163} INFO - Started process (PID=1093) to work on /opt/airflow/dags/data_ingestion_gcs_dag.py
[2022-04-19 23:54:30,398] {processor.py:642} INFO - Processing file /opt/airflow/dags/data_ingestion_gcs_dag.py for tasks to queue
[2022-04-19 23:54:30,398] {logging_mixin.py:109} INFO - [2022-04-19 23:54:30,398] {dagbag.py:500} INFO - Filling up the DagBag from /opt/airflow/dags/data_ingestion_gcs_dag.py
[2022-04-19 23:54:30,776] {processor.py:652} INFO - DAG(s) dict_keys(['data_ingestion_gcs_dag']) retrieved from /opt/airflow/dags/data_ingestion_gcs_dag.py
[2022-04-19 23:54:30,784] {logging_mixin.py:109} INFO - [2022-04-19 23:54:30,784] {dag.py:2398} INFO - Sync 1 DAGs
[2022-04-19 23:54:30,792] {logging_mixin.py:109} INFO - [2022-04-19 23:54:30,792] {dag.py:2937} INFO - Setting next_dagrun for data_ingestion_gcs_dag to 2022-04-18 00:00:00+00:00
[2022-04-19 23:54:30,798] {processor.py:171} INFO - Processing /opt/airflow/dags/data_ingestion_gcs_dag.py took 0.402 seconds
[2022-04-19 23:55:01,524] {processor.py:163} INFO - Started process (PID=1146) to work on /opt/airflow/dags/data_ingestion_gcs_dag.py
[2022-04-19 23:55:01,525] {processor.py:642} INFO - Processing file /opt/airflow/dags/data_ingestion_gcs_dag.py for tasks to queue
[2022-04-19 23:55:01,525] {logging_mixin.py:109} INFO - [2022-04-19 23:55:01,525] {dagbag.py:500} INFO - Filling up the DagBag from /opt/airflow/dags/data_ingestion_gcs_dag.py
[2022-04-19 23:55:01,892] {processor.py:652} INFO - DAG(s) dict_keys(['data_ingestion_gcs_dag']) retrieved from /opt/airflow/dags/data_ingestion_gcs_dag.py
[2022-04-19 23:55:01,901] {logging_mixin.py:109} INFO - [2022-04-19 23:55:01,901] {dag.py:2398} INFO - Sync 1 DAGs
[2022-04-19 23:55:01,909] {logging_mixin.py:109} INFO - [2022-04-19 23:55:01,909] {dag.py:2937} INFO - Setting next_dagrun for data_ingestion_gcs_dag to 2022-04-18 00:00:00+00:00
[2022-04-19 23:55:01,917] {processor.py:171} INFO - Processing /opt/airflow/dags/data_ingestion_gcs_dag.py took 0.394 seconds
[2022-04-19 23:55:32,000] {processor.py:163} INFO - Started process (PID=1191) to work on /opt/airflow/dags/data_ingestion_gcs_dag.py
[2022-04-19 23:55:32,001] {processor.py:642} INFO - Processing file /opt/airflow/dags/data_ingestion_gcs_dag.py for tasks to queue
[2022-04-19 23:55:32,001] {logging_mixin.py:109} INFO - [2022-04-19 23:55:32,001] {dagbag.py:500} INFO - Filling up the DagBag from /opt/airflow/dags/data_ingestion_gcs_dag.py
[2022-04-19 23:55:32,511] {processor.py:652} INFO - DAG(s) dict_keys(['data_ingestion_gcs_dag']) retrieved from /opt/airflow/dags/data_ingestion_gcs_dag.py
[2022-04-19 23:55:32,520] {logging_mixin.py:109} INFO - [2022-04-19 23:55:32,520] {dag.py:2398} INFO - Sync 1 DAGs
[2022-04-19 23:55:32,528] {logging_mixin.py:109} INFO - [2022-04-19 23:55:32,528] {dag.py:2937} INFO - Setting next_dagrun for data_ingestion_gcs_dag to 2022-04-18 00:00:00+00:00
[2022-04-19 23:55:32,534] {processor.py:171} INFO - Processing /opt/airflow/dags/data_ingestion_gcs_dag.py took 0.535 seconds
[2022-04-19 23:56:03,171] {processor.py:163} INFO - Started process (PID=1245) to work on /opt/airflow/dags/data_ingestion_gcs_dag.py
[2022-04-19 23:56:03,171] {processor.py:642} INFO - Processing file /opt/airflow/dags/data_ingestion_gcs_dag.py for tasks to queue
[2022-04-19 23:56:03,172] {logging_mixin.py:109} INFO - [2022-04-19 23:56:03,172] {dagbag.py:500} INFO - Filling up the DagBag from /opt/airflow/dags/data_ingestion_gcs_dag.py
[2022-04-19 23:56:03,583] {processor.py:652} INFO - DAG(s) dict_keys(['data_ingestion_gcs_dag']) retrieved from /opt/airflow/dags/data_ingestion_gcs_dag.py
[2022-04-19 23:56:03,591] {logging_mixin.py:109} INFO - [2022-04-19 23:56:03,591] {dag.py:2398} INFO - Sync 1 DAGs
[2022-04-19 23:56:03,599] {logging_mixin.py:109} INFO - [2022-04-19 23:56:03,599] {dag.py:2937} INFO - Setting next_dagrun for data_ingestion_gcs_dag to 2022-04-18 00:00:00+00:00
[2022-04-19 23:56:03,605] {processor.py:171} INFO - Processing /opt/airflow/dags/data_ingestion_gcs_dag.py took 0.436 seconds
[2022-04-19 23:56:33,640] {processor.py:163} INFO - Started process (PID=1298) to work on /opt/airflow/dags/data_ingestion_gcs_dag.py
[2022-04-19 23:56:33,641] {processor.py:642} INFO - Processing file /opt/airflow/dags/data_ingestion_gcs_dag.py for tasks to queue
[2022-04-19 23:56:33,641] {logging_mixin.py:109} INFO - [2022-04-19 23:56:33,641] {dagbag.py:500} INFO - Filling up the DagBag from /opt/airflow/dags/data_ingestion_gcs_dag.py
[2022-04-19 23:56:34,069] {processor.py:652} INFO - DAG(s) dict_keys(['data_ingestion_gcs_dag']) retrieved from /opt/airflow/dags/data_ingestion_gcs_dag.py
[2022-04-19 23:56:34,100] {logging_mixin.py:109} INFO - [2022-04-19 23:56:34,100] {dag.py:2398} INFO - Sync 1 DAGs
[2022-04-19 23:56:34,110] {logging_mixin.py:109} INFO - [2022-04-19 23:56:34,110] {dag.py:2937} INFO - Setting next_dagrun for data_ingestion_gcs_dag to 2022-04-18 00:00:00+00:00
[2022-04-19 23:56:34,117] {processor.py:171} INFO - Processing /opt/airflow/dags/data_ingestion_gcs_dag.py took 0.478 seconds
[2022-04-19 23:57:04,739] {processor.py:163} INFO - Started process (PID=1351) to work on /opt/airflow/dags/data_ingestion_gcs_dag.py
[2022-04-19 23:57:04,739] {processor.py:642} INFO - Processing file /opt/airflow/dags/data_ingestion_gcs_dag.py for tasks to queue
[2022-04-19 23:57:04,740] {logging_mixin.py:109} INFO - [2022-04-19 23:57:04,740] {dagbag.py:500} INFO - Filling up the DagBag from /opt/airflow/dags/data_ingestion_gcs_dag.py
[2022-04-19 23:57:05,109] {processor.py:652} INFO - DAG(s) dict_keys(['data_ingestion_gcs_dag']) retrieved from /opt/airflow/dags/data_ingestion_gcs_dag.py
[2022-04-19 23:57:05,160] {logging_mixin.py:109} INFO - [2022-04-19 23:57:05,160] {dag.py:2398} INFO - Sync 1 DAGs
[2022-04-19 23:57:05,169] {logging_mixin.py:109} INFO - [2022-04-19 23:57:05,169] {dag.py:2937} INFO - Setting next_dagrun for data_ingestion_gcs_dag to 2022-04-18 00:00:00+00:00
[2022-04-19 23:57:05,177] {processor.py:171} INFO - Processing /opt/airflow/dags/data_ingestion_gcs_dag.py took 0.440 seconds
[2022-04-19 23:57:35,236] {processor.py:163} INFO - Started process (PID=1406) to work on /opt/airflow/dags/data_ingestion_gcs_dag.py
[2022-04-19 23:57:35,237] {processor.py:642} INFO - Processing file /opt/airflow/dags/data_ingestion_gcs_dag.py for tasks to queue
[2022-04-19 23:57:35,237] {logging_mixin.py:109} INFO - [2022-04-19 23:57:35,237] {dagbag.py:500} INFO - Filling up the DagBag from /opt/airflow/dags/data_ingestion_gcs_dag.py
[2022-04-19 23:57:35,619] {processor.py:652} INFO - DAG(s) dict_keys(['data_ingestion_gcs_dag']) retrieved from /opt/airflow/dags/data_ingestion_gcs_dag.py
[2022-04-19 23:57:35,627] {logging_mixin.py:109} INFO - [2022-04-19 23:57:35,627] {dag.py:2398} INFO - Sync 1 DAGs
[2022-04-19 23:57:35,634] {logging_mixin.py:109} INFO - [2022-04-19 23:57:35,634] {dag.py:2937} INFO - Setting next_dagrun for data_ingestion_gcs_dag to 2022-04-18 00:00:00+00:00
[2022-04-19 23:57:35,641] {processor.py:171} INFO - Processing /opt/airflow/dags/data_ingestion_gcs_dag.py took 0.406 seconds
[2022-04-19 23:58:06,338] {processor.py:163} INFO - Started process (PID=1459) to work on /opt/airflow/dags/data_ingestion_gcs_dag.py
[2022-04-19 23:58:06,338] {processor.py:642} INFO - Processing file /opt/airflow/dags/data_ingestion_gcs_dag.py for tasks to queue
[2022-04-19 23:58:06,339] {logging_mixin.py:109} INFO - [2022-04-19 23:58:06,339] {dagbag.py:500} INFO - Filling up the DagBag from /opt/airflow/dags/data_ingestion_gcs_dag.py
[2022-04-19 23:58:06,736] {processor.py:652} INFO - DAG(s) dict_keys(['data_ingestion_gcs_dag']) retrieved from /opt/airflow/dags/data_ingestion_gcs_dag.py
[2022-04-19 23:58:06,745] {logging_mixin.py:109} INFO - [2022-04-19 23:58:06,745] {dag.py:2398} INFO - Sync 1 DAGs
[2022-04-19 23:58:06,753] {logging_mixin.py:109} INFO - [2022-04-19 23:58:06,753] {dag.py:2937} INFO - Setting next_dagrun for data_ingestion_gcs_dag to 2022-04-18 00:00:00+00:00
[2022-04-19 23:58:06,760] {processor.py:171} INFO - Processing /opt/airflow/dags/data_ingestion_gcs_dag.py took 0.424 seconds
[2022-04-19 23:58:36,845] {processor.py:163} INFO - Started process (PID=1503) to work on /opt/airflow/dags/data_ingestion_gcs_dag.py
[2022-04-19 23:58:36,846] {processor.py:642} INFO - Processing file /opt/airflow/dags/data_ingestion_gcs_dag.py for tasks to queue
[2022-04-19 23:58:36,846] {logging_mixin.py:109} INFO - [2022-04-19 23:58:36,846] {dagbag.py:500} INFO - Filling up the DagBag from /opt/airflow/dags/data_ingestion_gcs_dag.py
[2022-04-19 23:58:37,316] {processor.py:652} INFO - DAG(s) dict_keys(['data_ingestion_gcs_dag']) retrieved from /opt/airflow/dags/data_ingestion_gcs_dag.py
[2022-04-19 23:58:37,324] {logging_mixin.py:109} INFO - [2022-04-19 23:58:37,324] {dag.py:2398} INFO - Sync 1 DAGs
[2022-04-19 23:58:37,332] {logging_mixin.py:109} INFO - [2022-04-19 23:58:37,332] {dag.py:2937} INFO - Setting next_dagrun for data_ingestion_gcs_dag to 2022-04-18 00:00:00+00:00
[2022-04-19 23:58:37,340] {processor.py:171} INFO - Processing /opt/airflow/dags/data_ingestion_gcs_dag.py took 0.496 seconds
[2022-04-19 23:59:07,976] {processor.py:163} INFO - Started process (PID=1557) to work on /opt/airflow/dags/data_ingestion_gcs_dag.py
[2022-04-19 23:59:07,976] {processor.py:642} INFO - Processing file /opt/airflow/dags/data_ingestion_gcs_dag.py for tasks to queue
[2022-04-19 23:59:07,977] {logging_mixin.py:109} INFO - [2022-04-19 23:59:07,977] {dagbag.py:500} INFO - Filling up the DagBag from /opt/airflow/dags/data_ingestion_gcs_dag.py
[2022-04-19 23:59:08,363] {processor.py:652} INFO - DAG(s) dict_keys(['data_ingestion_gcs_dag']) retrieved from /opt/airflow/dags/data_ingestion_gcs_dag.py
[2022-04-19 23:59:08,372] {logging_mixin.py:109} INFO - [2022-04-19 23:59:08,372] {dag.py:2398} INFO - Sync 1 DAGs
[2022-04-19 23:59:08,379] {logging_mixin.py:109} INFO - [2022-04-19 23:59:08,379] {dag.py:2937} INFO - Setting next_dagrun for data_ingestion_gcs_dag to 2022-04-18 00:00:00+00:00
[2022-04-19 23:59:08,387] {processor.py:171} INFO - Processing /opt/airflow/dags/data_ingestion_gcs_dag.py took 0.412 seconds
[2022-04-19 23:59:38,497] {processor.py:163} INFO - Started process (PID=1623) to work on /opt/airflow/dags/data_ingestion_gcs_dag.py
[2022-04-19 23:59:38,497] {processor.py:642} INFO - Processing file /opt/airflow/dags/data_ingestion_gcs_dag.py for tasks to queue
[2022-04-19 23:59:38,498] {logging_mixin.py:109} INFO - [2022-04-19 23:59:38,498] {dagbag.py:500} INFO - Filling up the DagBag from /opt/airflow/dags/data_ingestion_gcs_dag.py
[2022-04-19 23:59:38,871] {processor.py:652} INFO - DAG(s) dict_keys(['data_ingestion_gcs_dag']) retrieved from /opt/airflow/dags/data_ingestion_gcs_dag.py
[2022-04-19 23:59:38,880] {logging_mixin.py:109} INFO - [2022-04-19 23:59:38,879] {dag.py:2398} INFO - Sync 1 DAGs
[2022-04-19 23:59:38,887] {logging_mixin.py:109} INFO - [2022-04-19 23:59:38,887] {dag.py:2937} INFO - Setting next_dagrun for data_ingestion_gcs_dag to 2022-04-18 00:00:00+00:00
[2022-04-19 23:59:38,896] {processor.py:171} INFO - Processing /opt/airflow/dags/data_ingestion_gcs_dag.py took 0.400 seconds
