[2022-04-20 00:41:02,608] {taskinstance.py:1043} INFO - Dependencies all met for <TaskInstance: gcs_to_bq_dag.gcs_to_gcs_task scheduled__2022-04-19T00:00:00+00:00 [queued]>
[2022-04-20 00:41:02,612] {taskinstance.py:1043} INFO - Dependencies all met for <TaskInstance: gcs_to_bq_dag.gcs_to_gcs_task scheduled__2022-04-19T00:00:00+00:00 [queued]>
[2022-04-20 00:41:02,612] {taskinstance.py:1249} INFO - 
--------------------------------------------------------------------------------
[2022-04-20 00:41:02,612] {taskinstance.py:1250} INFO - Starting attempt 1 of 2
[2022-04-20 00:41:02,612] {taskinstance.py:1251} INFO - 
--------------------------------------------------------------------------------
[2022-04-20 00:41:02,619] {taskinstance.py:1270} INFO - Executing <Task(GCSToGCSOperator): gcs_to_gcs_task> on 2022-04-19 00:00:00+00:00
[2022-04-20 00:41:02,622] {standard_task_runner.py:52} INFO - Started process 98 to run task
[2022-04-20 00:41:02,623] {standard_task_runner.py:79} INFO - Running: ['***', 'tasks', 'run', 'gcs_to_bq_dag', 'gcs_to_gcs_task', 'scheduled__2022-04-19T00:00:00+00:00', '--job-id', '368', '--raw', '--subdir', 'DAGS_FOLDER/gcs_to_bq_dag.py', '--cfg-path', '/tmp/tmpfur35xi8', '--error-file', '/tmp/tmp7gxu9kw1']
[2022-04-20 00:41:02,623] {standard_task_runner.py:80} INFO - Job 368: Subtask gcs_to_gcs_task
[2022-04-20 00:41:02,648] {logging_mixin.py:109} INFO - Running <TaskInstance: gcs_to_bq_dag.gcs_to_gcs_task scheduled__2022-04-19T00:00:00+00:00 [running]> on host f4945e03cd2f
[2022-04-20 00:41:02,674] {taskinstance.py:1448} INFO - Exporting the following env vars:
AIRFLOW_CTX_DAG_OWNER=***
AIRFLOW_CTX_DAG_ID=gcs_to_bq_dag
AIRFLOW_CTX_TASK_ID=gcs_to_gcs_task
AIRFLOW_CTX_EXECUTION_DATE=2022-04-19T00:00:00+00:00
AIRFLOW_CTX_DAG_RUN_ID=scheduled__2022-04-19T00:00:00+00:00
[2022-04-20 00:41:02,675] {crypto.py:82} WARNING - empty cryptography key - values will not be stored encrypted.
[2022-04-20 00:41:02,675] {gcs_to_gcs.py:343} INFO - Delimiter ignored because wildcard is in prefix
[2022-04-20 00:41:02,969] {gcs_to_gcs.py:428} INFO - Executing copy of gs://dtc_data_lake_ny-rides-jenkins/raw/yellow_tripdata_2021-01.parquet to gs://dtc_data_lake_ny-rides-jenkins/yellow/_2021-01.parquet
[2022-04-20 00:41:03,119] {gcs.py:250} INFO - Total Bytes: 26074628 | Bytes Written: 26074628
[2022-04-20 00:41:03,119] {gcs.py:263} INFO - Object raw/yellow_tripdata_2021-01.parquet in bucket dtc_data_lake_ny-rides-jenkins rewritten to object yellow/_2021-01.parquet in bucket dtc_data_lake_ny-rides-jenkins
[2022-04-20 00:41:03,199] {gcs.py:665} INFO - Blob raw/yellow_tripdata_2021-01.parquet deleted.
[2022-04-20 00:41:03,205] {taskinstance.py:1288} INFO - Marking task as SUCCESS. dag_id=gcs_to_bq_dag, task_id=gcs_to_gcs_task, execution_date=20220419T000000, start_date=20220420T004102, end_date=20220420T004103
[2022-04-20 00:41:03,236] {local_task_job.py:154} INFO - Task exited with return code 0
[2022-04-20 00:41:03,256] {local_task_job.py:264} INFO - 1 downstream tasks scheduled from follow-on schedule check
