[2022-04-20 20:08:54,444] {taskinstance.py:1043} INFO - Dependencies all met for <TaskInstance: gcs_2_bq_dag.bq_green_tripdata_external_table_task scheduled__2022-04-19T00:00:00+00:00 [queued]>
[2022-04-20 20:08:54,449] {taskinstance.py:1043} INFO - Dependencies all met for <TaskInstance: gcs_2_bq_dag.bq_green_tripdata_external_table_task scheduled__2022-04-19T00:00:00+00:00 [queued]>
[2022-04-20 20:08:54,449] {taskinstance.py:1249} INFO - 
--------------------------------------------------------------------------------
[2022-04-20 20:08:54,449] {taskinstance.py:1250} INFO - Starting attempt 2 of 3
[2022-04-20 20:08:54,450] {taskinstance.py:1251} INFO - 
--------------------------------------------------------------------------------
[2022-04-20 20:08:54,457] {taskinstance.py:1270} INFO - Executing <Task(BigQueryCreateExternalTableOperator): bq_green_tripdata_external_table_task> on 2022-04-19 00:00:00+00:00
[2022-04-20 20:08:54,460] {standard_task_runner.py:52} INFO - Started process 2338 to run task
[2022-04-20 20:08:54,462] {standard_task_runner.py:79} INFO - Running: ['***', 'tasks', 'run', 'gcs_2_bq_dag', 'bq_green_tripdata_external_table_task', 'scheduled__2022-04-19T00:00:00+00:00', '--job-id', '481', '--raw', '--subdir', 'DAGS_FOLDER/gcs_to_bq_dag.py', '--cfg-path', '/tmp/tmpk4wqd41c', '--error-file', '/tmp/tmpt228wx0j']
[2022-04-20 20:08:54,462] {standard_task_runner.py:80} INFO - Job 481: Subtask bq_green_tripdata_external_table_task
[2022-04-20 20:08:54,488] {logging_mixin.py:109} INFO - Running <TaskInstance: gcs_2_bq_dag.bq_green_tripdata_external_table_task scheduled__2022-04-19T00:00:00+00:00 [running]> on host 5a0aea9ec23a
[2022-04-20 20:08:54,515] {taskinstance.py:1448} INFO - Exporting the following env vars:
AIRFLOW_CTX_DAG_OWNER=***
AIRFLOW_CTX_DAG_ID=gcs_2_bq_dag
AIRFLOW_CTX_TASK_ID=bq_green_tripdata_external_table_task
AIRFLOW_CTX_EXECUTION_DATE=2022-04-19T00:00:00+00:00
AIRFLOW_CTX_DAG_RUN_ID=scheduled__2022-04-19T00:00:00+00:00
[2022-04-20 20:08:54,516] {crypto.py:82} WARNING - empty cryptography key - values will not be stored encrypted.
[2022-04-20 20:08:55,168] {taskinstance.py:1288} INFO - Marking task as SUCCESS. dag_id=gcs_2_bq_dag, task_id=bq_green_tripdata_external_table_task, execution_date=20220419T000000, start_date=20220420T200854, end_date=20220420T200855
[2022-04-20 20:08:55,195] {local_task_job.py:154} INFO - Task exited with return code 0
[2022-04-20 20:08:55,213] {local_task_job.py:264} INFO - 1 downstream tasks scheduled from follow-on schedule check
