[2022-04-20 20:21:52,303] {taskinstance.py:1043} INFO - Dependencies all met for <TaskInstance: gcs_2_bq_dag.bq_green_tripdata_external_table_task scheduled__2022-04-19T00:00:00+00:00 [queued]>
[2022-04-20 20:21:52,308] {taskinstance.py:1043} INFO - Dependencies all met for <TaskInstance: gcs_2_bq_dag.bq_green_tripdata_external_table_task scheduled__2022-04-19T00:00:00+00:00 [queued]>
[2022-04-20 20:21:52,308] {taskinstance.py:1249} INFO - 
--------------------------------------------------------------------------------
[2022-04-20 20:21:52,308] {taskinstance.py:1250} INFO - Starting attempt 3 of 4
[2022-04-20 20:21:52,309] {taskinstance.py:1251} INFO - 
--------------------------------------------------------------------------------
[2022-04-20 20:21:52,315] {taskinstance.py:1270} INFO - Executing <Task(BigQueryCreateExternalTableOperator): bq_green_tripdata_external_table_task> on 2022-04-19 00:00:00+00:00
[2022-04-20 20:21:52,318] {standard_task_runner.py:52} INFO - Started process 3922 to run task
[2022-04-20 20:21:52,319] {standard_task_runner.py:79} INFO - Running: ['***', 'tasks', 'run', 'gcs_2_bq_dag', 'bq_green_tripdata_external_table_task', 'scheduled__2022-04-19T00:00:00+00:00', '--job-id', '614', '--raw', '--subdir', 'DAGS_FOLDER/gcs_to_bq_dag.py', '--cfg-path', '/tmp/tmpnv6kut69', '--error-file', '/tmp/tmp9u73_u1y']
[2022-04-20 20:21:52,320] {standard_task_runner.py:80} INFO - Job 614: Subtask bq_green_tripdata_external_table_task
[2022-04-20 20:21:52,343] {logging_mixin.py:109} INFO - Running <TaskInstance: gcs_2_bq_dag.bq_green_tripdata_external_table_task scheduled__2022-04-19T00:00:00+00:00 [running]> on host 5a0aea9ec23a
[2022-04-20 20:21:52,365] {taskinstance.py:1448} INFO - Exporting the following env vars:
AIRFLOW_CTX_DAG_OWNER=***
AIRFLOW_CTX_DAG_ID=gcs_2_bq_dag
AIRFLOW_CTX_TASK_ID=bq_green_tripdata_external_table_task
AIRFLOW_CTX_EXECUTION_DATE=2022-04-19T00:00:00+00:00
AIRFLOW_CTX_DAG_RUN_ID=scheduled__2022-04-19T00:00:00+00:00
[2022-04-20 20:21:52,366] {crypto.py:82} WARNING - empty cryptography key - values will not be stored encrypted.
[2022-04-20 20:21:53,338] {taskinstance.py:1288} INFO - Marking task as SUCCESS. dag_id=gcs_2_bq_dag, task_id=bq_green_tripdata_external_table_task, execution_date=20220419T000000, start_date=20220420T202152, end_date=20220420T202153
[2022-04-20 20:21:53,373] {local_task_job.py:154} INFO - Task exited with return code 0
[2022-04-20 20:21:53,390] {local_task_job.py:264} INFO - 1 downstream tasks scheduled from follow-on schedule check
