[2022-04-20 00:43:32,512] {taskinstance.py:1043} INFO - Dependencies all met for <TaskInstance: gcs_to_bq_dag.bq_ext_to_part_task scheduled__2022-04-19T00:00:00+00:00 [queued]>
[2022-04-20 00:43:32,517] {taskinstance.py:1043} INFO - Dependencies all met for <TaskInstance: gcs_to_bq_dag.bq_ext_to_part_task scheduled__2022-04-19T00:00:00+00:00 [queued]>
[2022-04-20 00:43:32,518] {taskinstance.py:1249} INFO - 
--------------------------------------------------------------------------------
[2022-04-20 00:43:32,518] {taskinstance.py:1250} INFO - Starting attempt 2 of 3
[2022-04-20 00:43:32,518] {taskinstance.py:1251} INFO - 
--------------------------------------------------------------------------------
[2022-04-20 00:43:32,525] {taskinstance.py:1270} INFO - Executing <Task(BigQueryInsertJobOperator): bq_ext_to_part_task> on 2022-04-19 00:00:00+00:00
[2022-04-20 00:43:32,527] {standard_task_runner.py:52} INFO - Started process 230 to run task
[2022-04-20 00:43:32,528] {standard_task_runner.py:79} INFO - Running: ['***', 'tasks', 'run', 'gcs_to_bq_dag', 'bq_ext_to_part_task', 'scheduled__2022-04-19T00:00:00+00:00', '--job-id', '371', '--raw', '--subdir', 'DAGS_FOLDER/gcs_to_bq_dag.py', '--cfg-path', '/tmp/tmp9s4rjmdb', '--error-file', '/tmp/tmps2g8tl8m']
[2022-04-20 00:43:32,529] {standard_task_runner.py:80} INFO - Job 371: Subtask bq_ext_to_part_task
[2022-04-20 00:43:32,552] {logging_mixin.py:109} INFO - Running <TaskInstance: gcs_to_bq_dag.bq_ext_to_part_task scheduled__2022-04-19T00:00:00+00:00 [running]> on host f4945e03cd2f
[2022-04-20 00:43:32,576] {taskinstance.py:1448} INFO - Exporting the following env vars:
AIRFLOW_CTX_DAG_OWNER=***
AIRFLOW_CTX_DAG_ID=gcs_to_bq_dag
AIRFLOW_CTX_TASK_ID=bq_ext_to_part_task
AIRFLOW_CTX_EXECUTION_DATE=2022-04-19T00:00:00+00:00
AIRFLOW_CTX_DAG_RUN_ID=scheduled__2022-04-19T00:00:00+00:00
[2022-04-20 00:43:32,577] {crypto.py:82} WARNING - empty cryptography key - values will not be stored encrypted.
[2022-04-20 00:43:32,578] {warnings.py:110} WARNING - /home/***/.local/lib/python3.7/site-packages/***/utils/context.py:156: AirflowContextDeprecationWarning: Accessing 'execution_date' from the template is deprecated and will be removed in a future version. Please use 'data_interval_start' or 'logical_date' instead.
  warnings.warn(_create_deprecation_warning(key, self._deprecation_replacements[key]))

[2022-04-20 00:43:32,582] {bigquery.py:1554} INFO - Inserting job ***_gcs_to_bq_dag_bq_ext_to_part_task_2022_04_19T00_00_00_00_00_7cbfafa9de4be2f93f1f9a097e15307e
[2022-04-20 00:43:33,739] {taskinstance.py:1774} ERROR - Task failed with exception
Traceback (most recent call last):
  File "/home/airflow/.local/lib/python3.7/site-packages/airflow/providers/google/cloud/operators/bigquery.py", line 2153, in execute
    job = self._submit_job(hook, job_id)
  File "/home/airflow/.local/lib/python3.7/site-packages/airflow/providers/google/cloud/operators/bigquery.py", line 2119, in _submit_job
    retry=self.result_retry,
  File "/home/airflow/.local/lib/python3.7/site-packages/airflow/providers/google/common/hooks/base_google.py", line 439, in inner_wrapper
    return func(self, *args, **kwargs)
  File "/home/airflow/.local/lib/python3.7/site-packages/airflow/providers/google/cloud/hooks/bigquery.py", line 1560, in insert_job
    job.result(timeout=timeout, retry=retry)
  File "/home/airflow/.local/lib/python3.7/site-packages/google/cloud/bigquery/job/query.py", line 1498, in result
    do_get_result()
  File "/home/airflow/.local/lib/python3.7/site-packages/google/cloud/bigquery/job/query.py", line 1488, in do_get_result
    super(QueryJob, self).result(retry=retry, timeout=timeout)
  File "/home/airflow/.local/lib/python3.7/site-packages/google/cloud/bigquery/job/base.py", line 728, in result
    return super(_AsyncJob, self).result(timeout=timeout, **kwargs)
  File "/home/airflow/.local/lib/python3.7/site-packages/google/api_core/future/polling.py", line 135, in result
    raise self._exception
google.api_core.exceptions.NotFound: 404 Not found: Files /bigstore/dtc_data_lake_ny-rides-jenkins/yellow/2020/yellow_tripdata_2020-03.parquet

Location: us-central1
Job ID: airflow_gcs_to_bq_dag_bq_ext_to_part_task_2022_04_19T00_00_00_00_00_7cbfafa9de4be2f93f1f9a097e15307e

[2022-04-20 00:43:33,746] {taskinstance.py:1288} INFO - Marking task as UP_FOR_RETRY. dag_id=gcs_to_bq_dag, task_id=bq_ext_to_part_task, execution_date=20220419T000000, start_date=20220420T004332, end_date=20220420T004333
[2022-04-20 00:43:33,755] {standard_task_runner.py:98} ERROR - Failed to execute job 371 for task bq_ext_to_part_task (404 Not found: Files /bigstore/dtc_data_lake_ny-rides-jenkins/yellow/2020/yellow_tripdata_2020-03.parquet

Location: us-central1
Job ID: airflow_gcs_to_bq_dag_bq_ext_to_part_task_2022_04_19T00_00_00_00_00_7cbfafa9de4be2f93f1f9a097e15307e
; 230)
[2022-04-20 00:43:33,783] {local_task_job.py:154} INFO - Task exited with return code 1
[2022-04-20 00:43:33,801] {local_task_job.py:264} INFO - 0 downstream tasks scheduled from follow-on schedule check
