[2022-04-20 01:15:45,409] {taskinstance.py:1043} INFO - Dependencies all met for <TaskInstance: green_taxi_data.local_to_gcs_task scheduled__2021-06-02T07:00:00+00:00 [queued]>
[2022-04-20 01:15:45,415] {taskinstance.py:1043} INFO - Dependencies all met for <TaskInstance: green_taxi_data.local_to_gcs_task scheduled__2021-06-02T07:00:00+00:00 [queued]>
[2022-04-20 01:15:45,416] {taskinstance.py:1249} INFO - 
--------------------------------------------------------------------------------
[2022-04-20 01:15:45,416] {taskinstance.py:1250} INFO - Starting attempt 1 of 2
[2022-04-20 01:15:45,416] {taskinstance.py:1251} INFO - 
--------------------------------------------------------------------------------
[2022-04-20 01:15:45,427] {taskinstance.py:1270} INFO - Executing <Task(PythonOperator): local_to_gcs_task> on 2021-06-02 07:00:00+00:00
[2022-04-20 01:15:45,430] {standard_task_runner.py:52} INFO - Started process 2072 to run task
[2022-04-20 01:15:45,431] {standard_task_runner.py:79} INFO - Running: ['***', 'tasks', 'run', 'green_taxi_data', 'local_to_gcs_task', 'scheduled__2021-06-02T07:00:00+00:00', '--job-id', '184', '--raw', '--subdir', 'DAGS_FOLDER/data_ingestion_gcs_dag_v02.py', '--cfg-path', '/tmp/tmpcxafkiy3', '--error-file', '/tmp/tmp_3p4kb4k']
[2022-04-20 01:15:45,432] {standard_task_runner.py:80} INFO - Job 184: Subtask local_to_gcs_task
[2022-04-20 01:15:45,467] {logging_mixin.py:109} INFO - Running <TaskInstance: green_taxi_data.local_to_gcs_task scheduled__2021-06-02T07:00:00+00:00 [running]> on host 5e56b5a44db8
[2022-04-20 01:15:45,491] {warnings.py:110} WARNING - /home/***/.local/lib/python3.7/site-packages/***/utils/context.py:156: AirflowContextDeprecationWarning: Accessing 'execution_date' from the template is deprecated and will be removed in a future version. Please use 'data_interval_start' or 'logical_date' instead.
  warnings.warn(_create_deprecation_warning(key, self._deprecation_replacements[key]))

[2022-04-20 01:15:45,507] {taskinstance.py:1448} INFO - Exporting the following env vars:
AIRFLOW_CTX_DAG_OWNER=***
AIRFLOW_CTX_DAG_ID=green_taxi_data
AIRFLOW_CTX_TASK_ID=local_to_gcs_task
AIRFLOW_CTX_EXECUTION_DATE=2021-06-02T07:00:00+00:00
AIRFLOW_CTX_DAG_RUN_ID=scheduled__2021-06-02T07:00:00+00:00
[2022-04-20 01:16:05,547] {python.py:175} INFO - Done. Returned value was: None
[2022-04-20 01:16:05,554] {taskinstance.py:1288} INFO - Marking task as SUCCESS. dag_id=green_taxi_data, task_id=local_to_gcs_task, execution_date=20210602T070000, start_date=20220420T011545, end_date=20220420T011605
[2022-04-20 01:16:05,572] {local_task_job.py:154} INFO - Task exited with return code 0
[2022-04-20 01:16:05,588] {local_task_job.py:264} INFO - 1 downstream tasks scheduled from follow-on schedule check
