[2022-04-20 00:27:13,696] {taskinstance.py:1043} INFO - Dependencies all met for <TaskInstance: data_ingestion_gcs_dag.bigquery_external_table_task manual__2022-04-20T00:20:46.679238+00:00 [queued]>
[2022-04-20 00:27:13,702] {taskinstance.py:1043} INFO - Dependencies all met for <TaskInstance: data_ingestion_gcs_dag.bigquery_external_table_task manual__2022-04-20T00:20:46.679238+00:00 [queued]>
[2022-04-20 00:27:13,702] {taskinstance.py:1249} INFO - 
--------------------------------------------------------------------------------
[2022-04-20 00:27:13,702] {taskinstance.py:1250} INFO - Starting attempt 1 of 2
[2022-04-20 00:27:13,702] {taskinstance.py:1251} INFO - 
--------------------------------------------------------------------------------
[2022-04-20 00:27:13,710] {taskinstance.py:1270} INFO - Executing <Task(BigQueryCreateExternalTableOperator): bigquery_external_table_task> on 2022-04-20 00:20:46.679238+00:00
[2022-04-20 00:27:13,712] {standard_task_runner.py:52} INFO - Started process 2261 to run task
[2022-04-20 00:27:13,714] {standard_task_runner.py:79} INFO - Running: ['***', 'tasks', 'run', 'data_ingestion_gcs_dag', 'bigquery_external_table_task', 'manual__2022-04-20T00:20:46.679238+00:00', '--job-id', '359', '--raw', '--subdir', 'DAGS_FOLDER/data_ingestion_gcs_dag.py', '--cfg-path', '/tmp/tmpgkbyzw0w', '--error-file', '/tmp/tmpwlhzo3nc']
[2022-04-20 00:27:13,714] {standard_task_runner.py:80} INFO - Job 359: Subtask bigquery_external_table_task
[2022-04-20 00:27:13,738] {logging_mixin.py:109} INFO - Running <TaskInstance: data_ingestion_gcs_dag.bigquery_external_table_task manual__2022-04-20T00:20:46.679238+00:00 [running]> on host 1b91fda6947c
[2022-04-20 00:27:13,773] {taskinstance.py:1448} INFO - Exporting the following env vars:
AIRFLOW_CTX_DAG_OWNER=***
AIRFLOW_CTX_DAG_ID=data_ingestion_gcs_dag
AIRFLOW_CTX_TASK_ID=bigquery_external_table_task
AIRFLOW_CTX_EXECUTION_DATE=2022-04-20T00:20:46.679238+00:00
AIRFLOW_CTX_DAG_RUN_ID=manual__2022-04-20T00:20:46.679238+00:00
[2022-04-20 00:27:13,774] {crypto.py:82} WARNING - empty cryptography key - values will not be stored encrypted.
[2022-04-20 00:27:14,639] {taskinstance.py:1288} INFO - Marking task as SUCCESS. dag_id=data_ingestion_gcs_dag, task_id=bigquery_external_table_task, execution_date=20220420T002046, start_date=20220420T002713, end_date=20220420T002714
[2022-04-20 00:27:14,688] {local_task_job.py:154} INFO - Task exited with return code 0
[2022-04-20 00:27:14,709] {local_task_job.py:264} INFO - 0 downstream tasks scheduled from follow-on schedule check
