[2022-04-20 19:56:36,218] {taskinstance.py:1043} INFO - Dependencies all met for <TaskInstance: green_taxi_data_v2.rm_task scheduled__2019-02-02T07:00:00+00:00 [queued]>
[2022-04-20 19:56:36,223] {taskinstance.py:1043} INFO - Dependencies all met for <TaskInstance: green_taxi_data_v2.rm_task scheduled__2019-02-02T07:00:00+00:00 [queued]>
[2022-04-20 19:56:36,223] {taskinstance.py:1249} INFO - 
--------------------------------------------------------------------------------
[2022-04-20 19:56:36,224] {taskinstance.py:1250} INFO - Starting attempt 1 of 2
[2022-04-20 19:56:36,224] {taskinstance.py:1251} INFO - 
--------------------------------------------------------------------------------
[2022-04-20 19:56:36,231] {taskinstance.py:1270} INFO - Executing <Task(BashOperator): rm_task> on 2019-02-02 07:00:00+00:00
[2022-04-20 19:56:36,233] {standard_task_runner.py:52} INFO - Started process 850 to run task
[2022-04-20 19:56:36,234] {standard_task_runner.py:79} INFO - Running: ['***', 'tasks', 'run', 'green_taxi_data_v2', 'rm_task', 'scheduled__2019-02-02T07:00:00+00:00', '--job-id', '356', '--raw', '--subdir', 'DAGS_FOLDER/data_ingestion_gcs_dag_v02.py', '--cfg-path', '/tmp/tmp86tjst0x', '--error-file', '/tmp/tmp4d_4x2v5']
[2022-04-20 19:56:36,235] {standard_task_runner.py:80} INFO - Job 356: Subtask rm_task
[2022-04-20 19:56:36,259] {logging_mixin.py:109} INFO - Running <TaskInstance: green_taxi_data_v2.rm_task scheduled__2019-02-02T07:00:00+00:00 [running]> on host 5a0aea9ec23a
[2022-04-20 19:56:36,275] {warnings.py:110} WARNING - /home/***/.local/lib/python3.7/site-packages/***/utils/context.py:156: AirflowContextDeprecationWarning: Accessing 'execution_date' from the template is deprecated and will be removed in a future version. Please use 'data_interval_start' or 'logical_date' instead.
  warnings.warn(_create_deprecation_warning(key, self._deprecation_replacements[key]))

[2022-04-20 19:56:36,286] {taskinstance.py:1448} INFO - Exporting the following env vars:
AIRFLOW_CTX_DAG_OWNER=***
AIRFLOW_CTX_DAG_ID=green_taxi_data_v2
AIRFLOW_CTX_TASK_ID=rm_task
AIRFLOW_CTX_EXECUTION_DATE=2019-02-02T07:00:00+00:00
AIRFLOW_CTX_DAG_RUN_ID=scheduled__2019-02-02T07:00:00+00:00
[2022-04-20 19:56:36,286] {subprocess.py:62} INFO - Tmp dir root location: 
 /tmp
[2022-04-20 19:56:36,287] {subprocess.py:74} INFO - Running command: ['bash', '-c', 'rm /opt/***/green_tripdata_2019-02.csv /opt/***/green_tripdata_2019-02.parquet']
[2022-04-20 19:56:36,291] {subprocess.py:85} INFO - Output:
[2022-04-20 19:56:36,296] {subprocess.py:93} INFO - Command exited with return code 0
[2022-04-20 19:56:36,309] {taskinstance.py:1288} INFO - Marking task as SUCCESS. dag_id=green_taxi_data_v2, task_id=rm_task, execution_date=20190202T070000, start_date=20220420T195636, end_date=20220420T195636
[2022-04-20 19:56:36,326] {local_task_job.py:154} INFO - Task exited with return code 0
[2022-04-20 19:56:36,340] {local_task_job.py:264} INFO - 0 downstream tasks scheduled from follow-on schedule check
