[2022-04-20 19:58:37,139] {taskinstance.py:1043} INFO - Dependencies all met for <TaskInstance: green_taxi_data_v2.download_dataset_task scheduled__2020-03-02T07:00:00+00:00 [queued]>
[2022-04-20 19:58:37,144] {taskinstance.py:1043} INFO - Dependencies all met for <TaskInstance: green_taxi_data_v2.download_dataset_task scheduled__2020-03-02T07:00:00+00:00 [queued]>
[2022-04-20 19:58:37,145] {taskinstance.py:1249} INFO - 
--------------------------------------------------------------------------------
[2022-04-20 19:58:37,145] {taskinstance.py:1250} INFO - Starting attempt 1 of 2
[2022-04-20 19:58:37,145] {taskinstance.py:1251} INFO - 
--------------------------------------------------------------------------------
[2022-04-20 19:58:37,152] {taskinstance.py:1270} INFO - Executing <Task(BashOperator): download_dataset_task> on 2020-03-02 07:00:00+00:00
[2022-04-20 19:58:37,154] {standard_task_runner.py:52} INFO - Started process 1238 to run task
[2022-04-20 19:58:37,156] {standard_task_runner.py:79} INFO - Running: ['***', 'tasks', 'run', 'green_taxi_data_v2', 'download_dataset_task', 'scheduled__2020-03-02T07:00:00+00:00', '--job-id', '397', '--raw', '--subdir', 'DAGS_FOLDER/data_ingestion_gcs_dag_v02.py', '--cfg-path', '/tmp/tmplg750a3r', '--error-file', '/tmp/tmp9ctbcbdz']
[2022-04-20 19:58:37,156] {standard_task_runner.py:80} INFO - Job 397: Subtask download_dataset_task
[2022-04-20 19:58:37,184] {logging_mixin.py:109} INFO - Running <TaskInstance: green_taxi_data_v2.download_dataset_task scheduled__2020-03-02T07:00:00+00:00 [running]> on host 5a0aea9ec23a
[2022-04-20 19:58:37,204] {warnings.py:110} WARNING - /home/***/.local/lib/python3.7/site-packages/***/utils/context.py:156: AirflowContextDeprecationWarning: Accessing 'execution_date' from the template is deprecated and will be removed in a future version. Please use 'data_interval_start' or 'logical_date' instead.
  warnings.warn(_create_deprecation_warning(key, self._deprecation_replacements[key]))

[2022-04-20 19:58:37,215] {taskinstance.py:1448} INFO - Exporting the following env vars:
AIRFLOW_CTX_DAG_OWNER=***
AIRFLOW_CTX_DAG_ID=green_taxi_data_v2
AIRFLOW_CTX_TASK_ID=download_dataset_task
AIRFLOW_CTX_EXECUTION_DATE=2020-03-02T07:00:00+00:00
AIRFLOW_CTX_DAG_RUN_ID=scheduled__2020-03-02T07:00:00+00:00
[2022-04-20 19:58:37,216] {subprocess.py:62} INFO - Tmp dir root location: 
 /tmp
[2022-04-20 19:58:37,216] {subprocess.py:74} INFO - Running command: ['bash', '-c', 'curl -sSLf https://s3.amazonaws.com/nyc-tlc/trip+data/green_tripdata_2020-03.csv > /opt/***/green_tripdata_2020-03.csv']
[2022-04-20 19:58:37,220] {subprocess.py:85} INFO - Output:
[2022-04-20 19:58:45,183] {subprocess.py:93} INFO - Command exited with return code 0
[2022-04-20 19:58:45,196] {taskinstance.py:1288} INFO - Marking task as SUCCESS. dag_id=green_taxi_data_v2, task_id=download_dataset_task, execution_date=20200302T070000, start_date=20220420T195837, end_date=20220420T195845
[2022-04-20 19:58:45,211] {local_task_job.py:154} INFO - Task exited with return code 0
[2022-04-20 19:58:45,229] {local_task_job.py:264} INFO - 1 downstream tasks scheduled from follow-on schedule check
