[2022-04-20 20:17:29,171] {taskinstance.py:1043} INFO - Dependencies all met for <TaskInstance: green_taxi_data_v3.format_to_parquet_task scheduled__2020-11-02T07:00:00+00:00 [queued]>
[2022-04-20 20:17:29,176] {taskinstance.py:1043} INFO - Dependencies all met for <TaskInstance: green_taxi_data_v3.format_to_parquet_task scheduled__2020-11-02T07:00:00+00:00 [queued]>
[2022-04-20 20:17:29,177] {taskinstance.py:1249} INFO - 
--------------------------------------------------------------------------------
[2022-04-20 20:17:29,177] {taskinstance.py:1250} INFO - Starting attempt 1 of 2
[2022-04-20 20:17:29,177] {taskinstance.py:1251} INFO - 
--------------------------------------------------------------------------------
[2022-04-20 20:17:29,185] {taskinstance.py:1270} INFO - Executing <Task(PythonOperator): format_to_parquet_task> on 2020-11-02 07:00:00+00:00
[2022-04-20 20:17:29,187] {standard_task_runner.py:52} INFO - Started process 3430 to run task
[2022-04-20 20:17:29,188] {standard_task_runner.py:79} INFO - Running: ['***', 'tasks', 'run', 'green_taxi_data_v3', 'format_to_parquet_task', 'scheduled__2020-11-02T07:00:00+00:00', '--job-id', '574', '--raw', '--subdir', 'DAGS_FOLDER/data_ingestion_gcs_dag_v02.py', '--cfg-path', '/tmp/tmplt52trvk', '--error-file', '/tmp/tmpsh_ksekd']
[2022-04-20 20:17:29,189] {standard_task_runner.py:80} INFO - Job 574: Subtask format_to_parquet_task
[2022-04-20 20:17:29,215] {logging_mixin.py:109} INFO - Running <TaskInstance: green_taxi_data_v3.format_to_parquet_task scheduled__2020-11-02T07:00:00+00:00 [running]> on host 5a0aea9ec23a
[2022-04-20 20:17:29,234] {warnings.py:110} WARNING - /home/***/.local/lib/python3.7/site-packages/***/utils/context.py:156: AirflowContextDeprecationWarning: Accessing 'execution_date' from the template is deprecated and will be removed in a future version. Please use 'data_interval_start' or 'logical_date' instead.
  warnings.warn(_create_deprecation_warning(key, self._deprecation_replacements[key]))

[2022-04-20 20:17:29,244] {taskinstance.py:1448} INFO - Exporting the following env vars:
AIRFLOW_CTX_DAG_OWNER=***
AIRFLOW_CTX_DAG_ID=green_taxi_data_v3
AIRFLOW_CTX_TASK_ID=format_to_parquet_task
AIRFLOW_CTX_EXECUTION_DATE=2020-11-02T07:00:00+00:00
AIRFLOW_CTX_DAG_RUN_ID=scheduled__2020-11-02T07:00:00+00:00
[2022-04-20 20:17:29,339] {python.py:175} INFO - Done. Returned value was: None
[2022-04-20 20:17:29,346] {taskinstance.py:1288} INFO - Marking task as SUCCESS. dag_id=green_taxi_data_v3, task_id=format_to_parquet_task, execution_date=20201102T070000, start_date=20220420T201729, end_date=20220420T201729
[2022-04-20 20:17:29,360] {local_task_job.py:154} INFO - Task exited with return code 0
[2022-04-20 20:17:29,383] {local_task_job.py:264} INFO - 1 downstream tasks scheduled from follow-on schedule check
