[2022-04-20 01:16:04,241] {taskinstance.py:1043} INFO - Dependencies all met for <TaskInstance: green_taxi_data.format_to_parquet_task scheduled__2021-07-02T07:00:00+00:00 [queued]>
[2022-04-20 01:16:04,246] {taskinstance.py:1043} INFO - Dependencies all met for <TaskInstance: green_taxi_data.format_to_parquet_task scheduled__2021-07-02T07:00:00+00:00 [queued]>
[2022-04-20 01:16:04,247] {taskinstance.py:1249} INFO - 
--------------------------------------------------------------------------------
[2022-04-20 01:16:04,247] {taskinstance.py:1250} INFO - Starting attempt 1 of 2
[2022-04-20 01:16:04,248] {taskinstance.py:1251} INFO - 
--------------------------------------------------------------------------------
[2022-04-20 01:16:04,257] {taskinstance.py:1270} INFO - Executing <Task(PythonOperator): format_to_parquet_task> on 2021-07-02 07:00:00+00:00
[2022-04-20 01:16:04,260] {standard_task_runner.py:52} INFO - Started process 2107 to run task
[2022-04-20 01:16:04,261] {standard_task_runner.py:79} INFO - Running: ['***', 'tasks', 'run', 'green_taxi_data', 'format_to_parquet_task', 'scheduled__2021-07-02T07:00:00+00:00', '--job-id', '188', '--raw', '--subdir', 'DAGS_FOLDER/data_ingestion_gcs_dag_v02.py', '--cfg-path', '/tmp/tmp8yzjac8q', '--error-file', '/tmp/tmp10_qcpxe']
[2022-04-20 01:16:04,262] {standard_task_runner.py:80} INFO - Job 188: Subtask format_to_parquet_task
[2022-04-20 01:16:04,295] {logging_mixin.py:109} INFO - Running <TaskInstance: green_taxi_data.format_to_parquet_task scheduled__2021-07-02T07:00:00+00:00 [running]> on host 5e56b5a44db8
[2022-04-20 01:16:04,319] {warnings.py:110} WARNING - /home/***/.local/lib/python3.7/site-packages/***/utils/context.py:156: AirflowContextDeprecationWarning: Accessing 'execution_date' from the template is deprecated and will be removed in a future version. Please use 'data_interval_start' or 'logical_date' instead.
  warnings.warn(_create_deprecation_warning(key, self._deprecation_replacements[key]))

[2022-04-20 01:16:04,334] {taskinstance.py:1448} INFO - Exporting the following env vars:
AIRFLOW_CTX_DAG_OWNER=***
AIRFLOW_CTX_DAG_ID=green_taxi_data
AIRFLOW_CTX_TASK_ID=format_to_parquet_task
AIRFLOW_CTX_EXECUTION_DATE=2021-07-02T07:00:00+00:00
AIRFLOW_CTX_DAG_RUN_ID=scheduled__2021-07-02T07:00:00+00:00
[2022-04-20 01:16:04,453] {python.py:175} INFO - Done. Returned value was: None
[2022-04-20 01:16:04,461] {taskinstance.py:1288} INFO - Marking task as SUCCESS. dag_id=green_taxi_data, task_id=format_to_parquet_task, execution_date=20210702T070000, start_date=20220420T011604, end_date=20220420T011604
[2022-04-20 01:16:04,514] {local_task_job.py:154} INFO - Task exited with return code 0
[2022-04-20 01:16:04,539] {local_task_job.py:264} INFO - 1 downstream tasks scheduled from follow-on schedule check
