[2022-04-20 19:56:47,558] {taskinstance.py:1043} INFO - Dependencies all met for <TaskInstance: green_taxi_data_v2.local_to_gcs_task scheduled__2019-04-02T07:00:00+00:00 [queued]>
[2022-04-20 19:56:47,564] {taskinstance.py:1043} INFO - Dependencies all met for <TaskInstance: green_taxi_data_v2.local_to_gcs_task scheduled__2019-04-02T07:00:00+00:00 [queued]>
[2022-04-20 19:56:47,564] {taskinstance.py:1249} INFO - 
--------------------------------------------------------------------------------
[2022-04-20 19:56:47,564] {taskinstance.py:1250} INFO - Starting attempt 1 of 2
[2022-04-20 19:56:47,564] {taskinstance.py:1251} INFO - 
--------------------------------------------------------------------------------
[2022-04-20 19:56:47,571] {taskinstance.py:1270} INFO - Executing <Task(PythonOperator): local_to_gcs_task> on 2019-04-02 07:00:00+00:00
[2022-04-20 19:56:47,574] {standard_task_runner.py:52} INFO - Started process 905 to run task
[2022-04-20 19:56:47,575] {standard_task_runner.py:79} INFO - Running: ['***', 'tasks', 'run', 'green_taxi_data_v2', 'local_to_gcs_task', 'scheduled__2019-04-02T07:00:00+00:00', '--job-id', '363', '--raw', '--subdir', 'DAGS_FOLDER/data_ingestion_gcs_dag_v02.py', '--cfg-path', '/tmp/tmpe8_thxgl', '--error-file', '/tmp/tmph6u2k87l']
[2022-04-20 19:56:47,575] {standard_task_runner.py:80} INFO - Job 363: Subtask local_to_gcs_task
[2022-04-20 19:56:47,603] {logging_mixin.py:109} INFO - Running <TaskInstance: green_taxi_data_v2.local_to_gcs_task scheduled__2019-04-02T07:00:00+00:00 [running]> on host 5a0aea9ec23a
[2022-04-20 19:56:47,624] {warnings.py:110} WARNING - /home/***/.local/lib/python3.7/site-packages/***/utils/context.py:156: AirflowContextDeprecationWarning: Accessing 'execution_date' from the template is deprecated and will be removed in a future version. Please use 'data_interval_start' or 'logical_date' instead.
  warnings.warn(_create_deprecation_warning(key, self._deprecation_replacements[key]))

[2022-04-20 19:56:47,635] {taskinstance.py:1448} INFO - Exporting the following env vars:
AIRFLOW_CTX_DAG_OWNER=***
AIRFLOW_CTX_DAG_ID=green_taxi_data_v2
AIRFLOW_CTX_TASK_ID=local_to_gcs_task
AIRFLOW_CTX_EXECUTION_DATE=2019-04-02T07:00:00+00:00
AIRFLOW_CTX_DAG_RUN_ID=scheduled__2019-04-02T07:00:00+00:00
[2022-04-20 19:57:15,060] {python.py:175} INFO - Done. Returned value was: None
[2022-04-20 19:57:15,068] {taskinstance.py:1288} INFO - Marking task as SUCCESS. dag_id=green_taxi_data_v2, task_id=local_to_gcs_task, execution_date=20190402T070000, start_date=20220420T195647, end_date=20220420T195715
[2022-04-20 19:57:15,106] {local_task_job.py:154} INFO - Task exited with return code 0
[2022-04-20 19:57:15,123] {local_task_job.py:264} INFO - 1 downstream tasks scheduled from follow-on schedule check
