[2022-04-20 20:17:46,672] {taskinstance.py:1043} INFO - Dependencies all met for <TaskInstance: green_taxi_data_v3.download_dataset_task scheduled__2021-05-02T07:00:00+00:00 [queued]>
[2022-04-20 20:17:46,678] {taskinstance.py:1043} INFO - Dependencies all met for <TaskInstance: green_taxi_data_v3.download_dataset_task scheduled__2021-05-02T07:00:00+00:00 [queued]>
[2022-04-20 20:17:46,678] {taskinstance.py:1249} INFO - 
--------------------------------------------------------------------------------
[2022-04-20 20:17:46,678] {taskinstance.py:1250} INFO - Starting attempt 1 of 2
[2022-04-20 20:17:46,678] {taskinstance.py:1251} INFO - 
--------------------------------------------------------------------------------
[2022-04-20 20:17:46,687] {taskinstance.py:1270} INFO - Executing <Task(BashOperator): download_dataset_task> on 2021-05-02 07:00:00+00:00
[2022-04-20 20:17:46,689] {standard_task_runner.py:52} INFO - Started process 3610 to run task
[2022-04-20 20:17:46,690] {standard_task_runner.py:79} INFO - Running: ['***', 'tasks', 'run', 'green_taxi_data_v3', 'download_dataset_task', 'scheduled__2021-05-02T07:00:00+00:00', '--job-id', '598', '--raw', '--subdir', 'DAGS_FOLDER/data_ingestion_gcs_dag_v02.py', '--cfg-path', '/tmp/tmp54ev3w2w', '--error-file', '/tmp/tmppxjb0z0x']
[2022-04-20 20:17:46,691] {standard_task_runner.py:80} INFO - Job 598: Subtask download_dataset_task
[2022-04-20 20:17:46,721] {logging_mixin.py:109} INFO - Running <TaskInstance: green_taxi_data_v3.download_dataset_task scheduled__2021-05-02T07:00:00+00:00 [running]> on host 5a0aea9ec23a
[2022-04-20 20:17:46,742] {warnings.py:110} WARNING - /home/***/.local/lib/python3.7/site-packages/***/utils/context.py:156: AirflowContextDeprecationWarning: Accessing 'execution_date' from the template is deprecated and will be removed in a future version. Please use 'data_interval_start' or 'logical_date' instead.
  warnings.warn(_create_deprecation_warning(key, self._deprecation_replacements[key]))

[2022-04-20 20:17:46,753] {taskinstance.py:1448} INFO - Exporting the following env vars:
AIRFLOW_CTX_DAG_OWNER=***
AIRFLOW_CTX_DAG_ID=green_taxi_data_v3
AIRFLOW_CTX_TASK_ID=download_dataset_task
AIRFLOW_CTX_EXECUTION_DATE=2021-05-02T07:00:00+00:00
AIRFLOW_CTX_DAG_RUN_ID=scheduled__2021-05-02T07:00:00+00:00
[2022-04-20 20:17:46,754] {subprocess.py:62} INFO - Tmp dir root location: 
 /tmp
[2022-04-20 20:17:46,754] {subprocess.py:74} INFO - Running command: ['bash', '-c', 'curl -sSLf https://s3.amazonaws.com/nyc-tlc/trip+data/green_tripdata_2021-05.csv > /opt/***/green_tripdata_2021-05.csv']
[2022-04-20 20:17:46,758] {subprocess.py:85} INFO - Output:
[2022-04-20 20:17:48,850] {subprocess.py:93} INFO - Command exited with return code 0
[2022-04-20 20:17:48,868] {taskinstance.py:1288} INFO - Marking task as SUCCESS. dag_id=green_taxi_data_v3, task_id=download_dataset_task, execution_date=20210502T070000, start_date=20220420T201746, end_date=20220420T201748
[2022-04-20 20:17:48,907] {local_task_job.py:154} INFO - Task exited with return code 0
[2022-04-20 20:17:48,933] {local_task_job.py:264} INFO - 1 downstream tasks scheduled from follow-on schedule check
