[2022-04-20 19:59:07,558] {taskinstance.py:1043} INFO - Dependencies all met for <TaskInstance: green_taxi_data_v2.rm_task scheduled__2020-07-02T07:00:00+00:00 [queued]>
[2022-04-20 19:59:07,564] {taskinstance.py:1043} INFO - Dependencies all met for <TaskInstance: green_taxi_data_v2.rm_task scheduled__2020-07-02T07:00:00+00:00 [queued]>
[2022-04-20 19:59:07,564] {taskinstance.py:1249} INFO - 
--------------------------------------------------------------------------------
[2022-04-20 19:59:07,564] {taskinstance.py:1250} INFO - Starting attempt 1 of 2
[2022-04-20 19:59:07,564] {taskinstance.py:1251} INFO - 
--------------------------------------------------------------------------------
[2022-04-20 19:59:07,571] {taskinstance.py:1270} INFO - Executing <Task(BashOperator): rm_task> on 2020-07-02 07:00:00+00:00
[2022-04-20 19:59:07,574] {standard_task_runner.py:52} INFO - Started process 1459 to run task
[2022-04-20 19:59:07,575] {standard_task_runner.py:79} INFO - Running: ['***', 'tasks', 'run', 'green_taxi_data_v2', 'rm_task', 'scheduled__2020-07-02T07:00:00+00:00', '--job-id', '423', '--raw', '--subdir', 'DAGS_FOLDER/data_ingestion_gcs_dag_v02.py', '--cfg-path', '/tmp/tmp4nr_mmor', '--error-file', '/tmp/tmpks2tf704']
[2022-04-20 19:59:07,575] {standard_task_runner.py:80} INFO - Job 423: Subtask rm_task
[2022-04-20 19:59:07,603] {logging_mixin.py:109} INFO - Running <TaskInstance: green_taxi_data_v2.rm_task scheduled__2020-07-02T07:00:00+00:00 [running]> on host 5a0aea9ec23a
[2022-04-20 19:59:07,622] {warnings.py:110} WARNING - /home/***/.local/lib/python3.7/site-packages/***/utils/context.py:156: AirflowContextDeprecationWarning: Accessing 'execution_date' from the template is deprecated and will be removed in a future version. Please use 'data_interval_start' or 'logical_date' instead.
  warnings.warn(_create_deprecation_warning(key, self._deprecation_replacements[key]))

[2022-04-20 19:59:07,632] {taskinstance.py:1448} INFO - Exporting the following env vars:
AIRFLOW_CTX_DAG_OWNER=***
AIRFLOW_CTX_DAG_ID=green_taxi_data_v2
AIRFLOW_CTX_TASK_ID=rm_task
AIRFLOW_CTX_EXECUTION_DATE=2020-07-02T07:00:00+00:00
AIRFLOW_CTX_DAG_RUN_ID=scheduled__2020-07-02T07:00:00+00:00
[2022-04-20 19:59:07,632] {subprocess.py:62} INFO - Tmp dir root location: 
 /tmp
[2022-04-20 19:59:07,633] {subprocess.py:74} INFO - Running command: ['bash', '-c', 'rm /opt/***/green_tripdata_2020-07.csv /opt/***/green_tripdata_2020-07.parquet']
[2022-04-20 19:59:07,637] {subprocess.py:85} INFO - Output:
[2022-04-20 19:59:07,639] {subprocess.py:93} INFO - Command exited with return code 0
[2022-04-20 19:59:07,653] {taskinstance.py:1288} INFO - Marking task as SUCCESS. dag_id=green_taxi_data_v2, task_id=rm_task, execution_date=20200702T070000, start_date=20220420T195907, end_date=20220420T195907
[2022-04-20 19:59:07,667] {local_task_job.py:154} INFO - Task exited with return code 0
[2022-04-20 19:59:07,682] {local_task_job.py:264} INFO - 0 downstream tasks scheduled from follow-on schedule check
